2024-11-27 00:35:22,587 [INFO] WebApp:189 - Connection lost
2024-11-27 00:35:22,835 [INFO] WebApp:186 - Connection restablished
2024-11-27 00:36:11,599 [INFO] WebApp:189 - Connection lost
2024-11-27 00:36:11,841 [INFO] WebApp:186 - Connection restablished
2024-11-27 00:39:56,614 [INFO] NvicIntPanel:101 - NVIC parent = com.st.microxplorer.plugins.ip.nvic.MultiNvicIntPanel[,0,0,0x0,invalid,layout=javax.swing.BoxLayout,alignmentX=0.0,alignmentY=0.0,border=,flags=9,maximumSize=,minimumSize=,preferredSize=]
2024-11-27 00:39:58,387 [INFO] NvicIntPanel:101 - NVIC parent = com.st.microxplorer.plugins.ip.nvic.MultiNvicIntPanel[,0,0,0x0,invalid,layout=javax.swing.BoxLayout,alignmentX=0.0,alignmentY=0.0,border=,flags=9,maximumSize=,minimumSize=,preferredSize=]
2024-11-27 00:40:11,662 [INFO] UtilMem:75 - End SaveConfig() Used Memory: 339309792 Bytes (846200832)
2024-11-27 00:40:12,076 [INFO] UtilMem:75 - End SaveConfig() Used Memory: 373912800 Bytes (846200832)
2024-11-27 00:40:12,143 [INFO] BlockDiagram:2766 - set Specific Code input for plugin: NVIC
2024-11-27 00:40:12,143 [INFO] BlockDiagram:2766 - set Specific Code input for plugin: USART
2024-11-27 00:40:12,143 [INFO] BlockDiagram:2766 - set Specific Code input for plugin: TIM1_8
2024-11-27 00:40:12,143 [INFO] BlockDiagram:2766 - set Specific Code input for plugin: TIM1_8
2024-11-27 00:40:12,143 [INFO] BlockDiagram:2766 - set Specific Code input for plugin: SYS
2024-11-27 00:40:12,143 [INFO] BlockDiagram:2766 - set Specific Code input for plugin: GPIO
2024-11-27 00:40:12,143 [INFO] BlockDiagram:2766 - set Specific Code input for plugin: RCC
2024-11-27 00:40:12,143 [INFO] BlockDiagram:2766 - set Specific Code input for plugin: I2C
2024-11-27 00:40:12,144 [INFO] CodeGenerator:807 - code generatio: config db path: C:\ST\STM32CubeIDE_1.16.1\STM32CubeIDE\plugins\com.st.stm32cube.common.mx_6.12.1.202409122256\\db\
2024-11-27 00:40:12,144 [WARN] IP:2191 - I2C_Coeff_DF not found: check if there is a RefParameter without a condition.
2024-11-27 00:40:12,144 [WARN] IP:2191 - Analog_Filter not found: check if there is a RefParameter without a condition.
2024-11-27 00:40:12,185 [INFO] CodeEngine:255 - oldGeneratedFile, C:\Users\Genar\STM32CubeIDE\workspace_1.16.1\Final\MXTmpFiles\license.tmp_save
2024-11-27 00:40:12,247 [INFO] CodeEngine:279 - Generated code: C:\Users\Genar\STM32CubeIDE\workspace_1.16.1\Final\MXTmpFiles\license.tmp
2024-11-27 00:40:12,261 [INFO] CodeEngine:255 - oldGeneratedFile, C:\Users\Genar\STM32CubeIDE\workspace_1.16.1\Final\MXTmpFiles\gpio.tmp_save
2024-11-27 00:40:12,338 [INFO] CodeEngine:279 - Generated code: C:\Users\Genar\STM32CubeIDE\workspace_1.16.1\Final\MXTmpFiles\gpio.tmp
2024-11-27 00:40:12,420 [INFO] CodeEngine:255 - oldGeneratedFile, C:\Users\Genar\STM32CubeIDE\workspace_1.16.1\Final\Core\Src\stm32f4xx_it.c_save
2024-11-27 00:40:12,544 [INFO] CodeEngine:279 - Generated code: C:\Users\Genar\STM32CubeIDE\workspace_1.16.1\Final\Core\Src\stm32f4xx_it.c
2024-11-27 00:40:12,556 [INFO] CodeEngine:255 - oldGeneratedFile, C:\Users\Genar\STM32CubeIDE\workspace_1.16.1\Final\Core\Inc\stm32f4xx_it.h_save
2024-11-27 00:40:12,622 [INFO] CodeEngine:279 - Generated code: C:\Users\Genar\STM32CubeIDE\workspace_1.16.1\Final\Core\Inc\stm32f4xx_it.h
2024-11-27 00:40:12,637 [INFO] CodeEngine:255 - oldGeneratedFile, C:\Users\Genar\STM32CubeIDE\workspace_1.16.1\Final\Core\Src\stm32f4xx_hal_msp.c_save
2024-11-27 00:40:12,754 [INFO] CodeEngine:279 - Generated code: C:\Users\Genar\STM32CubeIDE\workspace_1.16.1\Final\Core\Src\stm32f4xx_hal_msp.c
2024-11-27 00:40:12,768 [INFO] CodeEngine:255 - oldGeneratedFile, C:\Users\Genar\STM32CubeIDE\workspace_1.16.1\Final\MXTmpFiles\system.tmp_save
2024-11-27 00:40:12,818 [INFO] CodeEngine:279 - Generated code: C:\Users\Genar\STM32CubeIDE\workspace_1.16.1\Final\MXTmpFiles\system.tmp
2024-11-27 00:40:12,834 [INFO] CodeEngine:311 - oldGeneratedFile, C:\Users\Genar\STM32CubeIDE\workspace_1.16.1\Final\Core\Inc\stm32f4xx_hal_conf.h_save
2024-11-27 00:40:12,896 [INFO] CodeEngine:335 - Generated code: C:\Users\Genar\STM32CubeIDE\workspace_1.16.1\Final\Core\Inc\stm32f4xx_hal_conf.h
2024-11-27 00:40:12,912 [WARN] IPConfigManager:3554 - IP not found : TIM
2024-11-27 00:40:12,912 [WARN] CodeGenerator:4002 - IP not found : null
2024-11-27 00:40:12,923 [INFO] CodeEngine:255 - oldGeneratedFile, C:\Users\Genar\STM32CubeIDE\workspace_1.16.1\Final\Core\Inc\main.h_save
2024-11-27 00:40:12,987 [INFO] CodeEngine:279 - Generated code: C:\Users\Genar\STM32CubeIDE\workspace_1.16.1\Final\Core\Inc\main.h
2024-11-27 00:40:12,998 [INFO] CodeEngine:255 - oldGeneratedFile, C:\Users\Genar\STM32CubeIDE\workspace_1.16.1\Final\Core\Src\main.c_save
2024-11-27 00:40:13,086 [INFO] CodeEngine:279 - Generated code: C:\Users\Genar\STM32CubeIDE\workspace_1.16.1\Final\Core\Src\main.c
2024-11-27 00:40:13,329 [INFO] ProjectBuilder:3249 - Time for Copy HAL[1] : 110mS.
2024-11-27 00:40:13,333 [INFO] ProjectBuilder:4828 - Project Generator version: 4.5.0-B34
2024-11-27 00:40:13,379 [INFO] ConfigFileManager:1531 - The Die is : DIE431
2024-11-27 00:40:13,928 [INFO] ProjectBuilder:5097 - Time for Generating toolchain IDE Files: 595mS.
2024-11-27 00:40:13,929 [INFO] ProjectBuilder:3107 - Time for Copy CMSIS : 1mS.
2024-11-27 00:40:13,930 [INFO] ProjectBuilder:3107 - Time for Copy CMSIS : 0mS.
2024-11-27 01:18:06,591 [INFO] WebApp:189 - Connection lost
2024-11-27 01:18:06,993 [INFO] WebApp:186 - Connection restablished
2024-11-27 01:24:29,080 [INFO] WebApp:189 - Connection lost
2024-11-27 01:24:29,336 [INFO] WebApp:186 - Connection restablished
2024-11-27 01:34:56,125 [INFO] WebApp:189 - Connection lost
2024-11-27 01:34:56,335 [INFO] WebApp:186 - Connection restablished
2024-11-27 02:15:17,099 [INFO] WebApp:189 - Connection lost
2024-11-27 02:15:17,374 [INFO] WebApp:186 - Connection restablished
2024-11-27 02:18:18,590 [INFO] WebApp:189 - Connection lost
2024-11-27 02:18:18,868 [INFO] WebApp:186 - Connection restablished
2024-11-27 02:45:25,068 [INFO] WebApp:189 - Connection lost
2024-11-27 02:45:25,330 [INFO] WebApp:186 - Connection restablished
2024-11-27 03:47:37,914 [INFO] MainUpdater:2873 - connection check result : 10
2024-11-27 03:47:37,915 [INFO] MainUpdater:2873 - connection check result : 10
2024-11-27 03:47:37,992 [INFO] MicroXplorer:468 - Change Database Path : 
2024-11-27 03:47:37,992 [INFO] MicroXplorer:498 - Change Database Version : DB.6.0.121
2024-11-27 03:47:38,005 [ERROR] ProjectManagerView:394 - 
java.lang.NullPointerException: Cannot invoke "javax.swing.JTextField.getText()" because the return value of "java.util.List.get(int)" is null
	at com.st.microxplorer.plugins.projectmanager.gui.ProjectChoiceTab$10.caretUpdate(ProjectChoiceTab.java:2622) ~[filemanager.jar:?]
	at javax.swing.text.JTextComponent.fireCaretUpdate(JTextComponent.java:412) ~[?:?]
	at javax.swing.text.JTextComponent$MutableCaretEvent.fire(JTextComponent.java:4491) ~[?:?]
	at javax.swing.text.JTextComponent$MutableCaretEvent.stateChanged(JTextComponent.java:4513) ~[?:?]
	at javax.swing.text.DefaultCaret.fireStateChanged(DefaultCaret.java:842) ~[?:?]
	at javax.swing.text.DefaultCaret.changeCaretPosition(DefaultCaret.java:1313) ~[?:?]
	at javax.swing.text.DefaultCaret.handleSetDot(DefaultCaret.java:1212) ~[?:?]
	at javax.swing.text.DefaultCaret.setDot(DefaultCaret.java:1193) ~[?:?]
	at javax.swing.text.DefaultCaret$Handler.insertUpdate(DefaultCaret.java:1789) ~[?:?]
	at javax.swing.text.AbstractDocument.fireInsertUpdate(AbstractDocument.java:226) ~[?:?]
	at javax.swing.text.AbstractDocument.handleInsertString(AbstractDocument.java:780) ~[?:?]
	at javax.swing.text.AbstractDocument.insertString(AbstractDocument.java:739) ~[?:?]
	at javax.swing.text.PlainDocument.insertString(PlainDocument.java:131) ~[?:?]
	at javax.swing.text.AbstractDocument.replace(AbstractDocument.java:698) ~[?:?]
	at javax.swing.text.JTextComponent.setText(JTextComponent.java:1729) ~[?:?]
	at com.st.microxplorer.plugins.projectmanager.gui.ProjectChoiceTab.createHeapStackFields(ProjectChoiceTab.java:972) ~[filemanager.jar:?]
	at com.st.microxplorer.plugins.projectmanager.gui.ProjectChoiceTab.buildLinkSettingsPanel(ProjectChoiceTab.java:3597) ~[filemanager.jar:?]
	at com.st.microxplorer.plugins.projectmanager.gui.ProjectChoiceTab.defineWindowsFields(ProjectChoiceTab.java:1940) ~[filemanager.jar:?]
	at com.st.microxplorer.plugins.projectmanager.gui.ProjectChoiceTab.updateSettings(ProjectChoiceTab.java:550) ~[filemanager.jar:?]
	at com.st.microxplorer.plugins.projectmanager.gui.ProjectSettingsPanel.UpdateDialog(ProjectSettingsPanel.java:245) ~[filemanager.jar:?]
	at com.st.microxplorer.plugins.projectmanager.ProjectManagerView.propertyChange(ProjectManagerView.java:391) ~[filemanager.jar:?]
	at java.beans.PropertyChangeSupport.fire(PropertyChangeSupport.java:343) ~[?:?]
	at java.beans.PropertyChangeSupport.firePropertyChange(PropertyChangeSupport.java:335) ~[?:?]
	at java.beans.PropertyChangeSupport.firePropertyChange(PropertyChangeSupport.java:268) ~[?:?]
	at com.st.microxplorer.util.MXPropertyChangeSupport.firePropertyChange(MXPropertyChangeSupport.java:54) ~[STM32CubeMX.jar:?]
	at com.st.microxplorer.mxsystem.MxSystem.closeConfig(MxSystem.java:900) ~[STM32CubeMX.jar:?]
	at com.st.microxplorer.maingui.MainPanel.closeConfig(MainPanel.java:781) ~[STM32CubeMX.jar:?]
	at com.st.microxplorer.plugins.filemanager.engine.OpenFileManager.loadConfigurationFile(OpenFileManager.java:265) ~[filemanager.jar:?]
	at com.st.microxplorer.plugins.filemanager.engine.MainFileManager.userLoadConfig(MainFileManager.java:352) ~[filemanager.jar:?]
	at com.st.microxplorer.plugins.filemanager.engine.MainFileManager.userLoadConfig(MainFileManager.java:330) ~[filemanager.jar:?]
	at com.st.microxplorer.plugins.filemanager.FileManagerView.getSpecificTask(FileManagerView.java:246) ~[filemanager.jar:?]
	at com.st.stm32cube.common.mx.editor.CubeMxEditor.getMxTabbedPaneInstance(CubeMxEditor.java:1198) ~[com.st.stm32cube.common.mx_6.12.1.202409122256/:?]
	at com.st.stm32cube.common.mx.editor.CubeMxEditor$12$1.createSwingComponent(CubeMxEditor.java:1068) ~[com.st.stm32cube.common.mx_6.12.1.202409122256/:?]
	at com.st.stm32cube.common.mx.oss.core.awtswtbridge.EmbeddedSwingComposite.doComponentCreation(EmbeddedSwingComposite.java:492) ~[com.st.stm32cube.common.mx.oss_6.12.1.202409122256/:?]
	at com.st.stm32cube.common.mx.oss.core.awtswtbridge.EmbeddedSwingComposite$4.run(EmbeddedSwingComposite.java:291) ~[com.st.stm32cube.common.mx.oss_6.12.1.202409122256/:?]
	at com.st.stm32cube.common.mx.oss.core.awtswtbridge.AwtEnvironment$2.run(AwtEnvironment.java:166) ~[com.st.stm32cube.common.mx.oss_6.12.1.202409122256/:?]
	at java.awt.event.InvocationEvent.dispatch(InvocationEvent.java:318) ~[?:?]
	at java.awt.EventQueue.dispatchEventImpl(EventQueue.java:773) ~[?:?]
	at java.awt.EventQueue$4.run(EventQueue.java:720) ~[?:?]
	at java.awt.EventQueue$4.run(EventQueue.java:714) ~[?:?]
	at java.security.AccessController.doPrivileged(AccessController.java:399) ~[?:?]
	at java.security.ProtectionDomain$JavaSecurityAccessImpl.doIntersectionPrivilege(ProtectionDomain.java:86) ~[?:?]
	at java.awt.EventQueue.dispatchEvent(EventQueue.java:742) ~[?:?]
	at java.awt.EventDispatchThread.pumpOneEventForFilters(EventDispatchThread.java:203) ~[?:?]
	at java.awt.EventDispatchThread.pumpEventsForFilter(EventDispatchThread.java:124) ~[?:?]
	at java.awt.EventDispatchThread.pumpEventsForHierarchy(EventDispatchThread.java:113) ~[?:?]
	at java.awt.EventDispatchThread.pumpEvents(EventDispatchThread.java:109) ~[?:?]
	at java.awt.EventDispatchThread.pumpEvents(EventDispatchThread.java:101) ~[?:?]
	at java.awt.EventDispatchThread.run(EventDispatchThread.java:90) ~[?:?]
2024-11-27 03:47:38,006 [WARN] ThirdParty:871 - waiting for thirdparty lock release [close project]
2024-11-27 03:47:38,006 [INFO] ThirdParty:873 - entering critical section [close project]
2024-11-27 03:47:38,006 [INFO] ThirdParty:883 - exiting critical section [close project]
2024-11-27 03:47:38,007 [INFO] PinOutPanel:1561 - setPackage(No Configuration,No Configuration)
2024-11-27 03:47:38,011 [WARN] IpParametersView:151 - Warning: This peripheral hasn't parameters
2024-11-27 03:47:38,015 [WARN] MainPanel:284 - <html><b><center>Warning: This peripheral has no parameters to be configured<br></b></html>
2024-11-27 03:47:38,017 [INFO] UtilMem:75 - Begin LoadConfig() Used Memory: 440138176 Bytes (846200832)
2024-11-27 03:47:38,018 [INFO] MicroXplorer:468 - Change Database Path : 
2024-11-27 03:47:38,018 [INFO] MicroXplorer:498 - Change Database Version : DB.6.0.121
2024-11-27 03:47:38,018 [INFO] OpenFileManager:332 - Change cursor
2024-11-27 03:47:38,032 [INFO] RulesReader:64 - Compatibility file has been processed (297 Rules)
2024-11-27 03:47:38,040 [INFO] Mcu:2032 - Initializing MCU STM32F411C(C-E)Ux STM32F411CEUx STM32F411CEU6
2024-11-27 03:47:38,641 [INFO] Context:742 - Trying to add GPIOservice into a context  which must be forbidden
2024-11-27 03:47:38,804 [INFO] RtosManager:555 - Registered RTOS mode: class=CMSIS, group=RTOS, mode=CMSIS_V1, owner=FREERTOS
2024-11-27 03:47:38,804 [INFO] RtosManager:555 - Registered RTOS mode: class=CMSIS, group=RTOS2, mode=CMSIS_V2, owner=FREERTOS
2024-11-27 03:47:38,804 [INFO] RtosManager:555 - Registered RTOS mode: class=RTOS, group=Core, mode=CMSIS_V1, owner=FREERTOS
2024-11-27 03:47:38,804 [INFO] RtosManager:555 - Registered RTOS mode: class=RTOS, group=Core, mode=CMSIS_V2, owner=FREERTOS
2024-11-27 03:47:38,804 [WARN] ModelIntegratedComponent:184 - Missing modes for component STMicroelectronics:FreeRTOS:0.0.1:STMicroelectronics:RTOS:FreeRTOS:Core:::10.2.0:
2024-11-27 03:47:38,807 [WARN] ModelIntegratedComponent:182 - Modes not found for component STMicroelectronics:USB_HOST:1.0.0:STMicroelectronics:USB::USB Host:Audio HS::1.0:USB_HOST_1_0_RESTRICTED_HS
2024-11-27 03:47:38,807 [WARN] ModelIntegratedComponent:188 - Modes not found for component STMicroelectronics:USB_HOST:1.0.0:STMicroelectronics:USB::USB Host:Audio HS::1.0:USB_HOST_1_0_RESTRICTED_HS
2024-11-27 03:47:38,807 [WARN] ModelIntegratedComponent:182 - Modes not found for component STMicroelectronics:USB_HOST:1.0.0:STMicroelectronics:USB::USB Host:CDC HS::1.0:USB_HOST_1_0_RESTRICTED_HS
2024-11-27 03:47:38,807 [WARN] ModelIntegratedComponent:188 - Modes not found for component STMicroelectronics:USB_HOST:1.0.0:STMicroelectronics:USB::USB Host:CDC HS::1.0:USB_HOST_1_0_RESTRICTED_HS
2024-11-27 03:47:38,807 [WARN] ModelIntegratedComponent:182 - Modes not found for component STMicroelectronics:USB_HOST:1.0.0:STMicroelectronics:USB::USB Host:MSC HS::1.0:USB_HOST_1_0_RESTRICTED_HS
2024-11-27 03:47:38,807 [WARN] ModelIntegratedComponent:188 - Modes not found for component STMicroelectronics:USB_HOST:1.0.0:STMicroelectronics:USB::USB Host:MSC HS::1.0:USB_HOST_1_0_RESTRICTED_HS
2024-11-27 03:47:38,807 [WARN] ModelIntegratedComponent:182 - Modes not found for component STMicroelectronics:USB_HOST:1.0.0:STMicroelectronics:USB::USB Host:HID HS::1.0:USB_HOST_1_0_RESTRICTED_HS
2024-11-27 03:47:38,807 [WARN] ModelIntegratedComponent:188 - Modes not found for component STMicroelectronics:USB_HOST:1.0.0:STMicroelectronics:USB::USB Host:HID HS::1.0:USB_HOST_1_0_RESTRICTED_HS
2024-11-27 03:47:38,807 [WARN] ModelIntegratedComponent:182 - Modes not found for component STMicroelectronics:USB_HOST:1.0.0:STMicroelectronics:USB::USB Host:MTP HS::1.0:USB_HOST_1_0_RESTRICTED_HS
2024-11-27 03:47:38,807 [WARN] ModelIntegratedComponent:188 - Modes not found for component STMicroelectronics:USB_HOST:1.0.0:STMicroelectronics:USB::USB Host:MTP HS::1.0:USB_HOST_1_0_RESTRICTED_HS
2024-11-27 03:47:38,809 [WARN] ModelIntegratedComponent:63 - No mode defined for component null
2024-11-27 03:47:38,809 [WARN] ModelIntegratedComponent:63 - No mode defined for component null
2024-11-27 03:47:38,809 [WARN] ModelIntegratedComponent:63 - No mode defined for component null
2024-11-27 03:47:38,809 [WARN] ModelIntegratedComponent:63 - No mode defined for component null
2024-11-27 03:47:38,809 [WARN] ModelIntegratedComponent:63 - No mode defined for component null
2024-11-27 03:47:38,809 [WARN] ModelIntegratedComponent:63 - No mode defined for component null
2024-11-27 03:47:38,809 [WARN] ModelIntegratedComponent:63 - No mode defined for component null
2024-11-27 03:47:38,809 [WARN] ModelIntegratedComponent:63 - No mode defined for component null
2024-11-27 03:47:38,809 [WARN] ModelIntegratedComponent:63 - No mode defined for component null
2024-11-27 03:47:38,809 [WARN] ModelIntegratedComponent:63 - No mode defined for component null
2024-11-27 03:47:38,809 [WARN] ModelIntegratedComponent:63 - No mode defined for component null
2024-11-27 03:47:38,809 [WARN] ModelIntegratedComponent:63 - No mode defined for component null
2024-11-27 03:47:38,809 [WARN] ModelIntegratedComponent:63 - No mode defined for component null
2024-11-27 03:47:38,809 [WARN] ModelIntegratedComponent:63 - No mode defined for component null
2024-11-27 03:47:38,809 [WARN] ModelIntegratedComponent:63 - No mode defined for component null
2024-11-27 03:47:38,809 [WARN] ModelIntegratedComponent:63 - No mode defined for component null
2024-11-27 03:47:38,809 [WARN] ModelIntegratedComponent:63 - No mode defined for component null
2024-11-27 03:47:38,809 [WARN] ModelIntegratedComponent:63 - No mode defined for component null
2024-11-27 03:47:38,809 [WARN] ModelIntegratedComponent:63 - No mode defined for component null
2024-11-27 03:47:38,809 [WARN] ModelIntegratedComponent:63 - No mode defined for component null
2024-11-27 03:47:38,809 [WARN] ModelIntegratedComponent:63 - No mode defined for component null
2024-11-27 03:47:38,809 [WARN] ModelIntegratedComponent:63 - No mode defined for component null
2024-11-27 03:47:38,809 [WARN] ModelIntegratedComponent:63 - No mode defined for component null
2024-11-27 03:47:38,809 [WARN] ModelIntegratedComponent:63 - No mode defined for component null
2024-11-27 03:47:38,809 [WARN] ModelIntegratedComponent:63 - No mode defined for component null
2024-11-27 03:47:38,809 [WARN] ModelIntegratedComponent:63 - No mode defined for component null
2024-11-27 03:47:38,809 [WARN] ModelIntegratedComponent:63 - No mode defined for component null
2024-11-27 03:47:38,809 [WARN] ModelIntegratedComponent:63 - No mode defined for component null
2024-11-27 03:47:38,809 [WARN] ModelIntegratedComponent:63 - No mode defined for component null
2024-11-27 03:47:38,809 [WARN] ModelIntegratedComponent:63 - No mode defined for component null
2024-11-27 03:47:38,809 [WARN] ModelIntegratedComponent:63 - No mode defined for component null
2024-11-27 03:47:38,809 [WARN] ModelIntegratedComponent:63 - No mode defined for component null
2024-11-27 03:47:38,809 [WARN] ModelIntegratedComponent:63 - No mode defined for component null
2024-11-27 03:47:38,809 [WARN] ModelIntegratedComponent:63 - No mode defined for component null
2024-11-27 03:47:38,809 [WARN] ModelIntegratedComponent:63 - No mode defined for component null
2024-11-27 03:47:38,809 [WARN] ModelPack:524 - Component already loaded: STMicroelectronics:HAL Drivers:0.0.0:STMicroelectronics:Device:STMicro_Driver:XSPI:HAL::0.0.1:HAL_XSPI
2024-11-27 03:47:38,811 [WARN] ModelIntegratedComponent:182 - Modes not found for component STMicroelectronics:USB_DEVICE:1.0.0:STMicroelectronics:USB::USB Device:Audio HS::1.0:USB_DEVICE_1_0_RESTRICTED_HS
2024-11-27 03:47:38,811 [WARN] ModelIntegratedComponent:188 - Modes not found for component STMicroelectronics:USB_DEVICE:1.0.0:STMicroelectronics:USB::USB Device:Audio HS::1.0:USB_DEVICE_1_0_RESTRICTED_HS
2024-11-27 03:47:38,811 [WARN] ModelIntegratedComponent:182 - Modes not found for component STMicroelectronics:USB_DEVICE:1.0.0:STMicroelectronics:USB::USB Device:CDC HS::1.0:USB_DEVICE_1_0_RESTRICTED_HS
2024-11-27 03:47:38,811 [WARN] ModelIntegratedComponent:188 - Modes not found for component STMicroelectronics:USB_DEVICE:1.0.0:STMicroelectronics:USB::USB Device:CDC HS::1.0:USB_DEVICE_1_0_RESTRICTED_HS
2024-11-27 03:47:38,811 [WARN] ModelIntegratedComponent:182 - Modes not found for component STMicroelectronics:USB_DEVICE:1.0.0:STMicroelectronics:USB::USB Device:DFU HS::1.0:USB_DEVICE_1_0_RESTRICTED_HS
2024-11-27 03:47:38,811 [WARN] ModelIntegratedComponent:188 - Modes not found for component STMicroelectronics:USB_DEVICE:1.0.0:STMicroelectronics:USB::USB Device:DFU HS::1.0:USB_DEVICE_1_0_RESTRICTED_HS
2024-11-27 03:47:38,811 [WARN] ModelIntegratedComponent:182 - Modes not found for component STMicroelectronics:USB_DEVICE:1.0.0:STMicroelectronics:USB::USB Device:HID HS::1.0:USB_DEVICE_1_0_RESTRICTED_HS
2024-11-27 03:47:38,811 [WARN] ModelIntegratedComponent:188 - Modes not found for component STMicroelectronics:USB_DEVICE:1.0.0:STMicroelectronics:USB::USB Device:HID HS::1.0:USB_DEVICE_1_0_RESTRICTED_HS
2024-11-27 03:47:38,811 [WARN] ModelIntegratedComponent:182 - Modes not found for component STMicroelectronics:USB_DEVICE:1.0.0:STMicroelectronics:USB::USB Device:Custom HID HS::1.0:USB_DEVICE_1_0_RESTRICTED_HS
2024-11-27 03:47:38,811 [WARN] ModelIntegratedComponent:188 - Modes not found for component STMicroelectronics:USB_DEVICE:1.0.0:STMicroelectronics:USB::USB Device:Custom HID HS::1.0:USB_DEVICE_1_0_RESTRICTED_HS
2024-11-27 03:47:38,811 [WARN] ModelIntegratedComponent:182 - Modes not found for component STMicroelectronics:USB_DEVICE:1.0.0:STMicroelectronics:USB::USB Device:MSC HS::1.0:USB_DEVICE_1_0_RESTRICTED_HS
2024-11-27 03:47:38,811 [WARN] ModelIntegratedComponent:188 - Modes not found for component STMicroelectronics:USB_DEVICE:1.0.0:STMicroelectronics:USB::USB Device:MSC HS::1.0:USB_DEVICE_1_0_RESTRICTED_HS
2024-11-27 03:47:38,816 [INFO] ThirdPartyModel:298 - Start build external matchings
2024-11-27 03:47:38,963 [INFO] ThirdPartyModel:316 - End build external matchings
2024-11-27 03:47:38,967 [INFO] ImportTextPane:205 - (OptionalMessage_ERROR) IP (RCC) : Parameter (RTCHSEDivFreq_Value) has invalid value (12500000)
2024-11-27 03:47:38,967 [WARN] IP:2191 - DEVICE_SERIAL0_CDC_FS not found: check if there is a RefParameter without a condition.
2024-11-27 03:47:38,967 [WARN] IP:2191 - DEVICE_SERIAL1_CDC_FS not found: check if there is a RefParameter without a condition.
2024-11-27 03:47:38,967 [WARN] IP:2191 - DEVICE_SERIAL2_CDC_FS not found: check if there is a RefParameter without a condition.
2024-11-27 03:47:39,124 [INFO] UtilMem:75 - End LoadConfig() Used Memory: 538077728 Bytes (846200832)
2024-11-27 03:47:39,169 [WARN] ThirdParty:833 - waiting for thirdparty lock release [change project]
2024-11-27 03:47:39,169 [INFO] ThirdParty:835 - entering critical section [change project]
2024-11-27 03:47:39,169 [INFO] ThirdParty:1030 - CMSIS Pack Vendor :STMicroelectronics USBPD 4.1
2024-11-27 03:47:39,169 [INFO] ThirdParty:1030 - CMSIS Pack Vendor :STMicroelectronics X-CUBE-AZRTOS-H7 3.3.0
2024-11-27 03:47:39,169 [INFO] ThirdParty:1030 - CMSIS Pack Vendor :STMicroelectronics X-CUBE-NFC9 1.0.0
2024-11-27 03:47:39,169 [INFO] ThirdParty:1030 - CMSIS Pack Vendor :STMicroelectronics USB_HOST 2.0.0
2024-11-27 03:47:39,169 [INFO] ThirdParty:1030 - CMSIS Pack Vendor :STMicroelectronics FP-SNS-MOTENVWB1 1.4.0
2024-11-27 03:47:39,169 [INFO] ThirdParty:1030 - CMSIS Pack Vendor :STMicroelectronics X-CUBE-AZRTOS-F4 1.1.0
2024-11-27 03:47:39,169 [INFO] ThirdParty:1030 - CMSIS Pack Vendor :STMicroelectronics LIBJPEG 8.0.0
2024-11-27 03:47:39,169 [INFO] ThirdParty:1030 - CMSIS Pack Vendor :STMicroelectronics FP-ATR-ASTRA1 2.0.1
2024-11-27 03:47:39,169 [INFO] ThirdParty:1030 - CMSIS Pack Vendor :STMicroelectronics X-CUBE-SMBUS 2.1.0
2024-11-27 03:47:39,169 [INFO] ThirdParty:1030 - CMSIS Pack Vendor :STMicroelectronics X-CUBE-WB05N 1.1.0
2024-11-27 03:47:39,169 [INFO] ThirdParty:1030 - CMSIS Pack Vendor :STMicroelectronics USB_DEVICE 3.0.0
2024-11-27 03:47:39,169 [INFO] ThirdParty:1030 - CMSIS Pack Vendor :STMicroelectronics X-CUBE-TCPP 4.1.0
2024-11-27 03:47:39,169 [INFO] ThirdParty:1030 - CMSIS Pack Vendor :STMicroelectronics X-CUBE-ISPU 2.1.0
2024-11-27 03:47:39,169 [INFO] ThirdParty:1030 - CMSIS Pack Vendor :STMicroelectronics X-CUBE-FREERTOS 1.2.0
2024-11-27 03:47:39,169 [INFO] ThirdParty:1030 - CMSIS Pack Vendor :STMicroelectronics X-CUBE-IPS 3.0.0
2024-11-27 03:47:39,169 [INFO] ThirdParty:1030 - CMSIS Pack Vendor :STMicroelectronics X-CUBE-AZRTOS-WB 2.0.0
2024-11-27 03:47:39,169 [INFO] ThirdParty:1030 - CMSIS Pack Vendor :STMicroelectronics X-CUBE-GNSS1 7.0.0
2024-11-27 03:47:39,169 [INFO] ThirdParty:1030 - CMSIS Pack Vendor :STMicroelectronics X-CUBE-AZRTOS-F7 1.1.0
2024-11-27 03:47:39,169 [INFO] ThirdParty:1030 - CMSIS Pack Vendor :STMicroelectronics X-CUBE-AZRTOS-L5 2.0.0
2024-11-27 03:47:39,169 [INFO] ThirdParty:1030 - CMSIS Pack Vendor :STMicroelectronics USB_DEVICE 2.0.0
2024-11-27 03:47:39,169 [INFO] ThirdParty:1030 - CMSIS Pack Vendor :STMicroelectronics X-CUBE-NFC6 3.1.0
2024-11-27 03:47:39,169 [INFO] ThirdParty:1030 - CMSIS Pack Vendor :STMicroelectronics FP-SNS-STBOX1 2.0.0
2024-11-27 03:47:39,169 [INFO] ThirdParty:1030 - CMSIS Pack Vendor :STMicroelectronics X-CUBE-MEMS1 11.0.0
2024-11-27 03:47:39,169 [INFO] ThirdParty:1030 - CMSIS Pack Vendor :STMicroelectronics FreeRTOS 0.0.1
2024-11-27 03:47:39,169 [INFO] ThirdParty:1030 - CMSIS Pack Vendor :STMicroelectronics X-CUBE-AZRTOS-G0 1.1.0
2024-11-27 03:47:39,169 [INFO] ThirdParty:1030 - CMSIS Pack Vendor :STMicroelectronics X-CUBE-SAFEA1 1.2.2
2024-11-27 03:47:39,169 [INFO] ThirdParty:1030 - CMSIS Pack Vendor :STMicroelectronics X-CUBE-NFC4 3.0.0
2024-11-27 03:47:39,169 [INFO] ThirdParty:1030 - CMSIS Pack Vendor :STMicroelectronics X-CUBE-DPower 1.2.0
2024-11-27 03:47:39,169 [INFO] ThirdParty:1030 - CMSIS Pack Vendor :STMicroelectronics X-CUBE-SUBG2 5.0.0
2024-11-27 03:47:39,169 [INFO] ThirdParty:1030 - CMSIS Pack Vendor :STMicroelectronics STM32_WPAN 1.0.0
2024-11-27 03:47:39,169 [INFO] ThirdParty:1030 - CMSIS Pack Vendor :EmbeddedOffice I-CUBE-FS-RTOS 1.0.1
2024-11-27 03:47:39,169 [INFO] ThirdParty:1030 - CMSIS Pack Vendor :STMicroelectronics lwIP 2.0.3
2024-11-27 03:47:39,169 [INFO] ThirdParty:1030 - CMSIS Pack Vendor :STMicroelectronics FP-SNS-FLIGHT1 5.0.2
2024-11-27 03:47:39,169 [INFO] ThirdParty:1030 - CMSIS Pack Vendor :Cesanta I-CUBE-Mongoose 7.13.0
2024-11-27 03:47:39,169 [INFO] ThirdParty:1030 - CMSIS Pack Vendor :STMicroelectronics USB_HOST 1.0.0
2024-11-27 03:47:39,169 [INFO] ThirdParty:1030 - CMSIS Pack Vendor :STMicroelectronics X-CUBE-AZRTOS-G4 2.0.0
2024-11-27 03:47:39,169 [INFO] ThirdParty:1030 - CMSIS Pack Vendor :STMicroelectronics PDM2PCM 3.1.0
2024-11-27 03:47:39,169 [INFO] ThirdParty:1030 - CMSIS Pack Vendor :STMicroelectronics PDM2PCM 3.3.0
2024-11-27 03:47:39,169 [INFO] ThirdParty:1030 - CMSIS Pack Vendor :STMicroelectronics X-CUBE-DISPLAY 3.0.0
2024-11-27 03:47:39,169 [INFO] ThirdParty:1030 - CMSIS Pack Vendor :RealThread X-CUBE-RT-Thread_Nano 4.1.1
2024-11-27 03:47:39,169 [INFO] ThirdParty:1030 - CMSIS Pack Vendor :STMicroelectronics X-CUBE-BLE1 7.0.0
2024-11-27 03:47:39,169 [INFO] ThirdParty:1030 - CMSIS Pack Vendor :STMicroelectronics FP-ATR-SIGFOX1 3.2.0
2024-11-27 03:47:39,169 [INFO] ThirdParty:1030 - CMSIS Pack Vendor :STMicroelectronics X-CUBE-NFC10 1.0.0
2024-11-27 03:47:39,169 [INFO] ThirdParty:1030 - CMSIS Pack Vendor :quantropi X-CUBE-qispace-sdk-base 1.9.3
2024-11-27 03:47:39,169 [INFO] ThirdParty:1030 - CMSIS Pack Vendor :STMicroelectronics X-CUBE-EEPRMA1 5.1.0
2024-11-27 03:47:39,169 [INFO] ThirdParty:1030 - CMSIS Pack Vendor :STMicroelectronics HAL Drivers 0.0.0
2024-11-27 03:47:39,169 [INFO] ThirdParty:1030 - CMSIS Pack Vendor :STMicroelectronics MBEDTLS 2.16.2
2024-11-27 03:47:39,169 [INFO] ThirdParty:1030 - CMSIS Pack Vendor :STMicroelectronics X-CUBE-ALS 1.0.2
2024-11-27 03:47:39,169 [INFO] ThirdParty:1030 - CMSIS Pack Vendor :emotas I-CUBE-CANOPEN 1.3.0
2024-11-27 03:47:39,169 [INFO] ThirdParty:1030 - CMSIS Pack Vendor :wolfSSL I-CUBE-wolfSSL 5.7.4
2024-11-27 03:47:39,169 [INFO] ThirdParty:1030 - CMSIS Pack Vendor :STMicroelectronics X-CUBE-NFC7 1.0.1
2024-11-27 03:47:39,169 [INFO] ThirdParty:1030 - CMSIS Pack Vendor :STMicroelectronics MBEDTLS 2.14.1
2024-11-27 03:47:39,169 [INFO] ThirdParty:1030 - CMSIS Pack Vendor :ITTIA_DB I-CUBE-ITTIADB 8.9.0
2024-11-27 03:47:39,169 [INFO] ThirdParty:1030 - CMSIS Pack Vendor :STMicroelectronics X-CUBE-TOUCHGFX 4.24.1
2024-11-27 03:47:39,169 [INFO] ThirdParty:1030 - CMSIS Pack Vendor :wolfSSL I-CUBE-wolfTPM 3.4.0
2024-11-27 03:47:39,169 [INFO] ThirdParty:1030 - CMSIS Pack Vendor :portGmbH I-Cube-SoM-uGOAL 1.1.0
2024-11-27 03:47:39,169 [INFO] ThirdParty:1030 - CMSIS Pack Vendor :STMicroelectronics X-CUBE-BLEMGR 3.1.0
2024-11-27 03:47:39,169 [INFO] ThirdParty:1030 - CMSIS Pack Vendor :STMicroelectronics ThreadX 1.0.0
2024-11-27 03:47:39,169 [INFO] ThirdParty:1030 - CMSIS Pack Vendor :STMicroelectronics FP-SNS-SMARTAG2 1.2.0
2024-11-27 03:47:39,169 [INFO] ThirdParty:1030 - CMSIS Pack Vendor :STMicroelectronics X-CUBE-AZRTOS-WL 2.0.0
2024-11-27 03:47:39,170 [INFO] ThirdParty:1030 - CMSIS Pack Vendor :SEGGER I-CUBE-embOS 1.3.1
2024-11-27 03:47:39,170 [INFO] ThirdParty:1030 - CMSIS Pack Vendor :STMicroelectronics X-CUBE-ALGOBUILD 1.4.0
2024-11-27 03:47:39,170 [INFO] ThirdParty:1030 - CMSIS Pack Vendor :STMicroelectronics FP-SNS-MOTENV1 5.0.0
2024-11-27 03:47:39,170 [INFO] ThirdParty:1030 - CMSIS Pack Vendor :STMicroelectronics USB_DEVICE 1.0.0
2024-11-27 03:47:39,170 [INFO] ThirdParty:1030 - CMSIS Pack Vendor :STMicroelectronics X-CUBE-AZRTOS-H7RS 1.0.0
2024-11-27 03:47:39,170 [INFO] ThirdParty:1030 - CMSIS Pack Vendor :wolfSSL I-CUBE-wolfMQTT 1.19.0
2024-11-27 03:47:39,170 [INFO] ThirdParty:1030 - CMSIS Pack Vendor :STMicroelectronics X-CUBE-AZRTOS-L4 2.0.0
2024-11-27 03:47:39,170 [INFO] ThirdParty:1030 - CMSIS Pack Vendor :STMicroelectronics ThreadX 0.0.2
2024-11-27 03:47:39,170 [INFO] ThirdParty:1030 - CMSIS Pack Vendor :WES I-CUBE-Cesium 1.3.0
2024-11-27 03:47:39,170 [INFO] ThirdParty:1030 - CMSIS Pack Vendor :STMicroelectronics FP-ATR-ASTRA1 2.0.0
2024-11-27 03:47:39,170 [INFO] ThirdParty:1030 - CMSIS Pack Vendor :STMicroelectronics lwIP 2.1.2
2024-11-27 03:47:39,170 [INFO] ThirdParty:1030 - CMSIS Pack Vendor :STMicroelectronics X-CUBE-SFXS2LP1 4.0.0
2024-11-27 03:47:39,170 [INFO] ThirdParty:1030 - CMSIS Pack Vendor :STMicroelectronics X-CUBE-BLE2 3.3.0
2024-11-27 03:47:39,170 [INFO] ThirdParty:1030 - CMSIS Pack Vendor :STMicroelectronics X-CUBE-TOF1 3.4.2
2024-11-27 03:47:39,170 [INFO] ThirdParty:1030 - CMSIS Pack Vendor :STMicroelectronics X-CUBE-AI 9.1.0
2024-11-27 03:47:39,170 [INFO] ThirdParty:1030 - CMSIS Pack Vendor :Infineon AIROC-Wi-Fi-Bluetooth-STM32 1.6.1
2024-11-27 03:47:39,170 [INFO] ThirdParty:1030 - CMSIS Pack Vendor :STMicroelectronics PDM2PCM 3.2.0
2024-11-27 03:47:39,170 [INFO] ThirdParty:1030 - CMSIS Pack Vendor :wolfSSL I-CUBE-wolfSSH 1.4.17
2024-11-27 03:47:39,170 [INFO] ThirdParty:841 - exiting critical section [change project]
2024-11-27 03:47:39,246 [INFO] PinOutPanel:1561 - setPackage(No Configuration,No Configuration)
2024-11-27 03:47:39,247 [INFO] PinOutPanel:1561 - setPackage(STM32F411CEUx,UFQFPN48)
2024-11-27 03:47:39,351 [INFO] UtilMem:75 - Before build in PCC Used Memory: 305190400 Bytes (846200832)
2024-11-27 03:47:39,501 [INFO] UtilMem:75 - After build in PCC Used Memory: 347655680 Bytes (846200832)
2024-11-27 03:47:39,513 [INFO] ApiDbMcu:508 - Load IP Config File for USB_DEVICE
2024-11-27 03:47:39,523 [INFO] IPUIPlugin:80 - create IPUIPlugin
2024-11-27 03:47:39,523 [INFO] IPUIPlugin:80 - create IPUIPlugin
2024-11-27 03:47:39,523 [INFO] IPUIPlugin:80 - create IPUIPlugin
2024-11-27 03:47:39,523 [INFO] IPUIPlugin:80 - create IPUIPlugin
2024-11-27 03:47:39,523 [INFO] IPUIPlugin:80 - create IPUIPlugin
2024-11-27 03:47:39,523 [INFO] IPUIPlugin:80 - create IPUIPlugin
2024-11-27 03:47:39,523 [INFO] IPUIPlugin:80 - create IPUIPlugin
2024-11-27 03:47:39,523 [INFO] IPUIPlugin:80 - create IPUIPlugin
2024-11-27 03:47:39,523 [INFO] IPUIPlugin:80 - create IPUIPlugin
2024-11-27 03:47:39,523 [INFO] IPUIPlugin:80 - create IPUIPlugin
2024-11-27 03:47:39,523 [INFO] IPUIPlugin:80 - create IPUIPlugin
2024-11-27 03:47:39,523 [INFO] IPUIPlugin:80 - create IPUIPlugin
2024-11-27 03:47:39,523 [INFO] IPUIPlugin:80 - create IPUIPlugin
2024-11-27 03:47:39,523 [INFO] IPUIPlugin:80 - create IPUIPlugin
2024-11-27 03:47:39,523 [INFO] IPUIPlugin:80 - create IPUIPlugin
2024-11-27 03:47:39,523 [INFO] IPUIPlugin:80 - create IPUIPlugin
2024-11-27 03:47:39,523 [INFO] IPUIPlugin:80 - create IPUIPlugin
2024-11-27 03:47:39,523 [INFO] IPUIPlugin:80 - create IPUIPlugin
2024-11-27 03:47:39,523 [INFO] IPUIPlugin:80 - create IPUIPlugin
2024-11-27 03:47:39,523 [INFO] IPUIPlugin:80 - create IPUIPlugin
2024-11-27 03:47:39,524 [INFO] IPUIPlugin:80 - create IPUIPlugin
2024-11-27 03:47:39,524 [INFO] IPUIPlugin:80 - create IPUIPlugin
2024-11-27 03:47:39,524 [INFO] IPUIPlugin:80 - create IPUIPlugin
2024-11-27 03:47:39,524 [INFO] IPUIPlugin:80 - create IPUIPlugin
2024-11-27 03:47:39,524 [INFO] IPUIPlugin:80 - create IPUIPlugin
2024-11-27 03:47:39,524 [INFO] IPUIPlugin:80 - create IPUIPlugin
2024-11-27 03:47:39,524 [INFO] IPUIPlugin:80 - create IPUIPlugin
2024-11-27 03:47:39,524 [INFO] IPUIPlugin:80 - create IPUIPlugin
2024-11-27 03:47:39,524 [INFO] IPUIPlugin:80 - create IPUIPlugin
2024-11-27 03:47:39,524 [INFO] IPUIPlugin:80 - create IPUIPlugin
2024-11-27 03:47:39,524 [INFO] IPUIPlugin:80 - create IPUIPlugin
2024-11-27 03:47:39,524 [INFO] IPUIPlugin:80 - create IPUIPlugin
2024-11-27 03:47:39,524 [INFO] IPUIPlugin:80 - create IPUIPlugin
2024-11-27 03:47:39,524 [INFO] IPUIPlugin:80 - create IPUIPlugin
2024-11-27 03:47:39,525 [INFO] IPUIPlugin:80 - create IPUIPlugin
2024-11-27 03:47:39,525 [INFO] IPUIPlugin:80 - create IPUIPlugin
2024-11-27 03:47:39,525 [INFO] IPUIPlugin:80 - create IPUIPlugin
2024-11-27 03:47:39,525 [INFO] IPUIPlugin:80 - create IPUIPlugin
2024-11-27 03:47:39,525 [INFO] IPUIPlugin:80 - create IPUIPlugin
2024-11-27 03:47:39,525 [INFO] IPUIPlugin:80 - create IPUIPlugin
2024-11-27 03:47:39,525 [INFO] IPUIPlugin:80 - create IPUIPlugin
2024-11-27 03:47:39,525 [INFO] IPUIPlugin:80 - create IPUIPlugin
2024-11-27 03:47:39,525 [INFO] IPUIPlugin:80 - create IPUIPlugin
2024-11-27 03:47:39,537 [INFO] ApiDbMcu:508 - Load IP Config File for PDM2PCM
2024-11-27 03:47:39,538 [WARN] IP:2191 - I2C_Coeff_DF not found: check if there is a RefParameter without a condition.
2024-11-27 03:47:39,538 [WARN] IP:2191 - Analog_Filter not found: check if there is a RefParameter without a condition.
2024-11-27 03:47:39,587 [INFO] CADModel:165 - CPN selected for project levelSTM32F411CEU6
2024-11-27 03:47:39,587 [INFO] CADModel:114 - Register for checkConnection events
2024-11-27 03:47:39,654 [INFO] OpenFileManager:363 - Restore cursor
2024-11-27 03:47:39,736 [WARN] IP:2191 - DEVICE_SERIAL0_CDC_FS not found: check if there is a RefParameter without a condition.
2024-11-27 03:47:39,736 [WARN] IP:2191 - DEVICE_SERIAL1_CDC_FS not found: check if there is a RefParameter without a condition.
2024-11-27 03:47:39,736 [WARN] IP:2191 - DEVICE_SERIAL2_CDC_FS not found: check if there is a RefParameter without a condition.
2024-11-27 03:47:39,737 [WARN] IP:2191 - DEVICE_SERIAL0_CDC_FS not found: check if there is a RefParameter without a condition.
2024-11-27 03:47:39,737 [WARN] IP:2191 - DEVICE_SERIAL1_CDC_FS not found: check if there is a RefParameter without a condition.
2024-11-27 03:47:39,737 [WARN] IP:2191 - DEVICE_SERIAL2_CDC_FS not found: check if there is a RefParameter without a condition.
2024-11-27 03:47:39,744 [WARN] IP:2191 - I2C_Coeff_DF not found: check if there is a RefParameter without a condition.
2024-11-27 03:47:39,744 [WARN] IP:2191 - Analog_Filter not found: check if there is a RefParameter without a condition.
2024-11-27 03:47:39,744 [WARN] IP:2191 - I2C_Coeff_DF not found: check if there is a RefParameter without a condition.
2024-11-27 03:47:39,744 [WARN] IP:2191 - Analog_Filter not found: check if there is a RefParameter without a condition.
2024-11-27 03:48:00,404 [WARN] IP:2191 - I2C_Coeff_DF not found: check if there is a RefParameter without a condition.
2024-11-27 03:48:00,404 [WARN] IP:2191 - Analog_Filter not found: check if there is a RefParameter without a condition.
2024-11-27 03:48:00,404 [WARN] IP:2191 - I2C_Coeff_DF not found: check if there is a RefParameter without a condition.
2024-11-27 03:48:00,404 [WARN] IP:2191 - Analog_Filter not found: check if there is a RefParameter without a condition.
2024-11-27 03:48:04,175 [INFO] UtilMem:75 - End SaveConfig() Used Memory: 385893768 Bytes (846200832)
2024-11-27 03:48:04,531 [INFO] UtilMem:75 - End SaveConfig() Used Memory: 422049344 Bytes (846200832)
2024-11-27 03:48:04,603 [INFO] BlockDiagram:2766 - set Specific Code input for plugin: NVIC
2024-11-27 03:48:04,603 [INFO] BlockDiagram:2766 - set Specific Code input for plugin: USART
2024-11-27 03:48:04,603 [INFO] BlockDiagram:2766 - set Specific Code input for plugin: SYS
2024-11-27 03:48:04,603 [INFO] BlockDiagram:2766 - set Specific Code input for plugin: GPIO
2024-11-27 03:48:04,603 [INFO] BlockDiagram:2766 - set Specific Code input for plugin: RCC
2024-11-27 03:48:04,603 [INFO] BlockDiagram:2766 - set Specific Code input for plugin: I2C
2024-11-27 03:48:04,604 [INFO] CodeGenerator:807 - code generatio: config db path: C:\ST\STM32CubeIDE_1.16.1\STM32CubeIDE\plugins\com.st.stm32cube.common.mx_6.12.1.202409122256\\db\
2024-11-27 03:48:04,604 [WARN] IP:2191 - I2C_Coeff_DF not found: check if there is a RefParameter without a condition.
2024-11-27 03:48:04,604 [WARN] IP:2191 - Analog_Filter not found: check if there is a RefParameter without a condition.
2024-11-27 03:48:04,675 [INFO] CodeEngine:255 - oldGeneratedFile, C:\Users\Genar\STM32CubeIDE\workspace_1.16.1\MPU6050\MXTmpFiles\license.tmp_save
2024-11-27 03:48:04,733 [INFO] CodeEngine:279 - Generated code: C:\Users\Genar\STM32CubeIDE\workspace_1.16.1\MPU6050\MXTmpFiles\license.tmp
2024-11-27 03:48:04,790 [INFO] CodeEngine:255 - oldGeneratedFile, C:\Users\Genar\STM32CubeIDE\workspace_1.16.1\MPU6050\MXTmpFiles\gpio.tmp_save
2024-11-27 03:48:04,853 [INFO] CodeEngine:279 - Generated code: C:\Users\Genar\STM32CubeIDE\workspace_1.16.1\MPU6050\MXTmpFiles\gpio.tmp
2024-11-27 03:48:04,928 [INFO] CodeEngine:255 - oldGeneratedFile, C:\Users\Genar\STM32CubeIDE\workspace_1.16.1\MPU6050\Core\Src\stm32f4xx_it.c_save
2024-11-27 03:48:05,050 [INFO] CodeEngine:279 - Generated code: C:\Users\Genar\STM32CubeIDE\workspace_1.16.1\MPU6050\Core\Src\stm32f4xx_it.c
2024-11-27 03:48:05,065 [INFO] CodeEngine:255 - oldGeneratedFile, C:\Users\Genar\STM32CubeIDE\workspace_1.16.1\MPU6050\Core\Inc\stm32f4xx_it.h_save
2024-11-27 03:48:05,126 [INFO] CodeEngine:279 - Generated code: C:\Users\Genar\STM32CubeIDE\workspace_1.16.1\MPU6050\Core\Inc\stm32f4xx_it.h
2024-11-27 03:48:05,146 [INFO] CodeEngine:255 - oldGeneratedFile, C:\Users\Genar\STM32CubeIDE\workspace_1.16.1\MPU6050\Core\Src\stm32f4xx_hal_msp.c_save
2024-11-27 03:48:05,244 [INFO] CodeEngine:279 - Generated code: C:\Users\Genar\STM32CubeIDE\workspace_1.16.1\MPU6050\Core\Src\stm32f4xx_hal_msp.c
2024-11-27 03:48:05,253 [INFO] CodeEngine:255 - oldGeneratedFile, C:\Users\Genar\STM32CubeIDE\workspace_1.16.1\MPU6050\MXTmpFiles\system.tmp_save
2024-11-27 03:48:05,299 [INFO] CodeEngine:279 - Generated code: C:\Users\Genar\STM32CubeIDE\workspace_1.16.1\MPU6050\MXTmpFiles\system.tmp
2024-11-27 03:48:05,320 [INFO] CodeEngine:311 - oldGeneratedFile, C:\Users\Genar\STM32CubeIDE\workspace_1.16.1\MPU6050\Core\Inc\stm32f4xx_hal_conf.h_save
2024-11-27 03:48:05,395 [INFO] CodeEngine:335 - Generated code: C:\Users\Genar\STM32CubeIDE\workspace_1.16.1\MPU6050\Core\Inc\stm32f4xx_hal_conf.h
2024-11-27 03:48:05,446 [INFO] CodeEngine:255 - oldGeneratedFile, C:\Users\Genar\STM32CubeIDE\workspace_1.16.1\MPU6050\Core\Inc\main.h_save
2024-11-27 03:48:05,510 [INFO] CodeEngine:279 - Generated code: C:\Users\Genar\STM32CubeIDE\workspace_1.16.1\MPU6050\Core\Inc\main.h
2024-11-27 03:48:05,527 [INFO] CodeEngine:255 - oldGeneratedFile, C:\Users\Genar\STM32CubeIDE\workspace_1.16.1\MPU6050\Core\Src\main.c_save
2024-11-27 03:48:05,610 [INFO] CodeEngine:279 - Generated code: C:\Users\Genar\STM32CubeIDE\workspace_1.16.1\MPU6050\Core\Src\main.c
2024-11-27 03:48:05,869 [INFO] ProjectBuilder:3249 - Time for Copy HAL[1] : 127mS.
2024-11-27 03:48:05,871 [INFO] ProjectBuilder:4828 - Project Generator version: 4.5.0-B34
2024-11-27 03:48:05,921 [INFO] ConfigFileManager:1531 - The Die is : DIE431
2024-11-27 03:48:05,928 [INFO] ApiDbMcu:508 - Load IP Config File for FATFS
2024-11-27 03:48:05,937 [INFO] ApiDbMcu:508 - Load IP Config File for FREERTOS
2024-11-27 03:48:05,944 [INFO] ApiDbMcu:508 - Load IP Config File for LIBJPEG
2024-11-27 03:48:05,952 [INFO] ApiDbMcu:508 - Load IP Config File for MBEDTLS
2024-11-27 03:48:05,961 [INFO] ApiDbMcu:508 - Load IP Config File for USB_HOST
2024-11-27 03:48:07,297 [INFO] ProjectBuilder:5097 - Time for Generating toolchain IDE Files: 1426mS.
2024-11-27 03:48:07,298 [INFO] ProjectBuilder:3107 - Time for Copy CMSIS : 1mS.
2024-11-27 03:48:07,302 [INFO] ProjectBuilder:3107 - Time for Copy CMSIS : 0mS.
2024-11-27 03:53:06,521 [INFO] UtilMem:75 - End SaveConfig() Used Memory: 539372464 Bytes (846200832)
2024-11-27 03:53:06,602 [INFO] BlockDiagram:2766 - set Specific Code input for plugin: NVIC
2024-11-27 03:53:06,602 [INFO] BlockDiagram:2766 - set Specific Code input for plugin: USART
2024-11-27 03:53:06,602 [INFO] BlockDiagram:2766 - set Specific Code input for plugin: SYS
2024-11-27 03:53:06,602 [INFO] BlockDiagram:2766 - set Specific Code input for plugin: GPIO
2024-11-27 03:53:06,602 [INFO] BlockDiagram:2766 - set Specific Code input for plugin: RCC
2024-11-27 03:53:06,602 [INFO] BlockDiagram:2766 - set Specific Code input for plugin: I2C
2024-11-27 03:53:06,604 [INFO] CodeGenerator:807 - code generatio: config db path: C:\ST\STM32CubeIDE_1.16.1\STM32CubeIDE\plugins\com.st.stm32cube.common.mx_6.12.1.202409122256\\db\
2024-11-27 03:53:06,604 [WARN] IP:2191 - I2C_Coeff_DF not found: check if there is a RefParameter without a condition.
2024-11-27 03:53:06,604 [WARN] IP:2191 - Analog_Filter not found: check if there is a RefParameter without a condition.
2024-11-27 03:53:06,679 [INFO] CodeEngine:255 - oldGeneratedFile, C:\Users\Genar\STM32CubeIDE\workspace_1.16.1\MPU6050\MXTmpFiles\license.tmp_save
2024-11-27 03:53:06,729 [INFO] CodeEngine:279 - Generated code: C:\Users\Genar\STM32CubeIDE\workspace_1.16.1\MPU6050\MXTmpFiles\license.tmp
2024-11-27 03:53:06,739 [INFO] CodeEngine:255 - oldGeneratedFile, C:\Users\Genar\STM32CubeIDE\workspace_1.16.1\MPU6050\MXTmpFiles\gpio.tmp_save
2024-11-27 03:53:06,789 [INFO] CodeEngine:279 - Generated code: C:\Users\Genar\STM32CubeIDE\workspace_1.16.1\MPU6050\MXTmpFiles\gpio.tmp
2024-11-27 03:53:06,820 [INFO] CodeEngine:255 - oldGeneratedFile, C:\Users\Genar\STM32CubeIDE\workspace_1.16.1\MPU6050\Core\Src\stm32f4xx_it.c_save
2024-11-27 03:53:06,879 [INFO] CodeEngine:279 - Generated code: C:\Users\Genar\STM32CubeIDE\workspace_1.16.1\MPU6050\Core\Src\stm32f4xx_it.c
2024-11-27 03:53:06,883 [INFO] CodeEngine:255 - oldGeneratedFile, C:\Users\Genar\STM32CubeIDE\workspace_1.16.1\MPU6050\Core\Inc\stm32f4xx_it.h_save
2024-11-27 03:53:06,918 [INFO] CodeEngine:279 - Generated code: C:\Users\Genar\STM32CubeIDE\workspace_1.16.1\MPU6050\Core\Inc\stm32f4xx_it.h
2024-11-27 03:53:06,932 [INFO] CodeEngine:255 - oldGeneratedFile, C:\Users\Genar\STM32CubeIDE\workspace_1.16.1\MPU6050\Core\Src\stm32f4xx_hal_msp.c_save
2024-11-27 03:53:06,984 [INFO] CodeEngine:279 - Generated code: C:\Users\Genar\STM32CubeIDE\workspace_1.16.1\MPU6050\Core\Src\stm32f4xx_hal_msp.c
2024-11-27 03:53:06,987 [INFO] CodeEngine:255 - oldGeneratedFile, C:\Users\Genar\STM32CubeIDE\workspace_1.16.1\MPU6050\MXTmpFiles\system.tmp_save
2024-11-27 03:53:07,025 [INFO] CodeEngine:279 - Generated code: C:\Users\Genar\STM32CubeIDE\workspace_1.16.1\MPU6050\MXTmpFiles\system.tmp
2024-11-27 03:53:07,038 [INFO] CodeEngine:311 - oldGeneratedFile, C:\Users\Genar\STM32CubeIDE\workspace_1.16.1\MPU6050\Core\Inc\stm32f4xx_hal_conf.h_save
2024-11-27 03:53:07,096 [INFO] CodeEngine:335 - Generated code: C:\Users\Genar\STM32CubeIDE\workspace_1.16.1\MPU6050\Core\Inc\stm32f4xx_hal_conf.h
2024-11-27 03:53:07,123 [INFO] CodeEngine:255 - oldGeneratedFile, C:\Users\Genar\STM32CubeIDE\workspace_1.16.1\MPU6050\Core\Inc\main.h_save
2024-11-27 03:53:07,167 [INFO] CodeEngine:279 - Generated code: C:\Users\Genar\STM32CubeIDE\workspace_1.16.1\MPU6050\Core\Inc\main.h
2024-11-27 03:53:07,177 [INFO] CodeEngine:255 - oldGeneratedFile, C:\Users\Genar\STM32CubeIDE\workspace_1.16.1\MPU6050\Core\Src\main.c_save
2024-11-27 03:53:07,232 [INFO] CodeEngine:279 - Generated code: C:\Users\Genar\STM32CubeIDE\workspace_1.16.1\MPU6050\Core\Src\main.c
2024-11-27 03:53:07,421 [INFO] ProjectBuilder:3249 - Time for Copy HAL[1] : 108mS.
2024-11-27 03:53:07,423 [INFO] ProjectBuilder:4828 - Project Generator version: 4.5.0-B34
2024-11-27 03:53:07,462 [INFO] ConfigFileManager:1531 - The Die is : DIE431
2024-11-27 03:53:07,869 [INFO] ProjectBuilder:5097 - Time for Generating toolchain IDE Files: 446mS.
2024-11-27 03:53:07,870 [INFO] ProjectBuilder:3107 - Time for Copy CMSIS : 0mS.
2024-11-27 03:53:07,873 [INFO] ProjectBuilder:3107 - Time for Copy CMSIS : 0mS.
2024-11-27 04:00:32,216 [WARN] IP:2191 - I2C_Coeff_DF not found: check if there is a RefParameter without a condition.
2024-11-27 04:00:32,216 [WARN] IP:2191 - Analog_Filter not found: check if there is a RefParameter without a condition.
2024-11-27 04:00:32,216 [WARN] IP:2191 - I2C_Coeff_DF not found: check if there is a RefParameter without a condition.
2024-11-27 04:00:32,216 [WARN] IP:2191 - Analog_Filter not found: check if there is a RefParameter without a condition.
2024-11-27 04:00:43,262 [INFO] Middleware:617 - instanceName : USB_HOST bspName : Drive_VBUS_FS check condition success for : SW_VBUS_DRIVE_AUDIO_FS = false
2024-11-27 04:00:43,262 [INFO] Middleware:617 - instanceName : USB_HOST bspName : Drive_VBUS_FS check condition success for : SW_VBUS_DRIVE_AUDIO_FS = false
2024-11-27 04:00:43,262 [INFO] Middleware:617 - instanceName : USB_HOST bspName : Drive_VBUS_HS check condition success for : SW_VBUS_DRIVE_AUDIO_HS = false
2024-11-27 04:00:43,262 [INFO] Middleware:617 - instanceName : USB_HOST bspName : Drive_VBUS_HS check condition success for : SW_VBUS_DRIVE_AUDIO_HS = false
2024-11-27 04:00:43,262 [INFO] Middleware:617 - instanceName : USB_HOST bspName : Drive_VBUS_FS check condition success for : SW_VBUS_DRIVE_CDC_FS = false
2024-11-27 04:00:43,262 [INFO] Middleware:617 - instanceName : USB_HOST bspName : Drive_VBUS_FS check condition success for : SW_VBUS_DRIVE_CDC_FS = false
2024-11-27 04:00:43,262 [INFO] Middleware:617 - instanceName : USB_HOST bspName : Drive_VBUS_FS check condition success for : SW_VBUS_DRIVE_CDC_FS = false
2024-11-27 04:00:43,262 [INFO] Middleware:617 - instanceName : USB_HOST bspName : Drive_VBUS_HS check condition success for : SW_VBUS_DRIVE_CDC_HS = false
2024-11-27 04:00:43,262 [INFO] Middleware:617 - instanceName : USB_HOST bspName : Drive_VBUS_HS check condition success for : SW_VBUS_DRIVE_CDC_HS = false
2024-11-27 04:00:43,262 [INFO] Middleware:617 - instanceName : USB_HOST bspName : Drive_VBUS_FS check condition success for : SW_VBUS_DRIVE_HID_FS = false
2024-11-27 04:00:43,262 [INFO] Middleware:617 - instanceName : USB_HOST bspName : Drive_VBUS_FS check condition success for : SW_VBUS_DRIVE_HID_FS = false
2024-11-27 04:00:43,262 [INFO] Middleware:617 - instanceName : USB_HOST bspName : Drive_VBUS_HS check condition success for : SW_VBUS_DRIVE_HID_HS = false
2024-11-27 04:00:43,262 [INFO] Middleware:617 - instanceName : USB_HOST bspName : Drive_VBUS_HS check condition success for : SW_VBUS_DRIVE_HID_HS = false
2024-11-27 04:00:43,262 [INFO] Middleware:617 - instanceName : USB_HOST bspName : Drive_VBUS_FS check condition success for : SW_VBUS_DRIVE_MSC_FS = false
2024-11-27 04:00:43,262 [INFO] Middleware:617 - instanceName : USB_HOST bspName : Drive_VBUS_FS check condition success for : SW_VBUS_DRIVE_MSC_FS = false
2024-11-27 04:00:43,262 [INFO] Middleware:617 - instanceName : USB_HOST bspName : Drive_VBUS_HS check condition success for : SW_VBUS_DRIVE_MSC_HS = false
2024-11-27 04:00:43,262 [INFO] Middleware:617 - instanceName : USB_HOST bspName : Drive_VBUS_HS check condition success for : SW_VBUS_DRIVE_MSC_HS = false
2024-11-27 04:00:43,262 [INFO] Middleware:617 - instanceName : USB_HOST bspName : Drive_VBUS_FS check condition success for : ALL_SW_VBUS_DRIVE_FS = false
2024-11-27 04:00:43,262 [INFO] Middleware:617 - instanceName : USB_HOST bspName : Drive_VBUS_FS check condition success for : ALL_SW_VBUS_DRIVE_FS = false
2024-11-27 04:00:43,262 [INFO] Middleware:617 - instanceName : USB_HOST bspName : Drive_VBUS_HS check condition success for : ALL_SW_VBUS_DRIVE_HS = false
2024-11-27 04:00:43,262 [INFO] Middleware:617 - instanceName : USB_HOST bspName : Drive_VBUS_HS check condition success for : ALL_SW_VBUS_DRIVE_HS = false
2024-11-27 04:00:43,262 [INFO] Middleware:617 - instanceName : USB_HOST bspName : Drive_VBUS_FS check condition success for : SW_VBUS_DRIVE_MTP_FS = false
2024-11-27 04:00:43,262 [INFO] Middleware:617 - instanceName : USB_HOST bspName : Drive_VBUS_FS check condition success for : SW_VBUS_DRIVE_MTP_FS = false
2024-11-27 04:00:43,262 [INFO] Middleware:617 - instanceName : USB_HOST bspName : Drive_VBUS_HS check condition success for : SW_VBUS_DRIVE_MTP_HS = false
2024-11-27 04:00:43,262 [INFO] Middleware:617 - instanceName : USB_HOST bspName : Drive_VBUS_HS check condition success for : SW_VBUS_DRIVE_MTP_HS = false
2024-11-27 04:00:43,262 [WARN] BspModel:444 - BSP dependency skipped because of component: name='IOExpander', api='Unknown'
2024-11-27 04:00:43,301 [INFO] Middleware:617 - instanceName : USB_HOST bspName : Drive_VBUS_FS check condition success for : SW_VBUS_DRIVE_AUDIO_FS = false
2024-11-27 04:00:43,301 [INFO] Middleware:617 - instanceName : USB_HOST bspName : Drive_VBUS_FS check condition success for : SW_VBUS_DRIVE_AUDIO_FS = false
2024-11-27 04:00:43,301 [INFO] Middleware:617 - instanceName : USB_HOST bspName : Drive_VBUS_HS check condition success for : SW_VBUS_DRIVE_AUDIO_HS = false
2024-11-27 04:00:43,301 [INFO] Middleware:617 - instanceName : USB_HOST bspName : Drive_VBUS_HS check condition success for : SW_VBUS_DRIVE_AUDIO_HS = false
2024-11-27 04:00:43,301 [INFO] Middleware:617 - instanceName : USB_HOST bspName : Drive_VBUS_FS check condition success for : SW_VBUS_DRIVE_CDC_FS = false
2024-11-27 04:00:43,301 [INFO] Middleware:617 - instanceName : USB_HOST bspName : Drive_VBUS_FS check condition success for : SW_VBUS_DRIVE_CDC_FS = false
2024-11-27 04:00:43,301 [INFO] Middleware:617 - instanceName : USB_HOST bspName : Drive_VBUS_FS check condition success for : SW_VBUS_DRIVE_CDC_FS = false
2024-11-27 04:00:43,301 [INFO] Middleware:617 - instanceName : USB_HOST bspName : Drive_VBUS_HS check condition success for : SW_VBUS_DRIVE_CDC_HS = false
2024-11-27 04:00:43,301 [INFO] Middleware:617 - instanceName : USB_HOST bspName : Drive_VBUS_HS check condition success for : SW_VBUS_DRIVE_CDC_HS = false
2024-11-27 04:00:43,301 [INFO] Middleware:617 - instanceName : USB_HOST bspName : Drive_VBUS_FS check condition success for : SW_VBUS_DRIVE_HID_FS = false
2024-11-27 04:00:43,301 [INFO] Middleware:617 - instanceName : USB_HOST bspName : Drive_VBUS_FS check condition success for : SW_VBUS_DRIVE_HID_FS = false
2024-11-27 04:00:43,301 [INFO] Middleware:617 - instanceName : USB_HOST bspName : Drive_VBUS_HS check condition success for : SW_VBUS_DRIVE_HID_HS = false
2024-11-27 04:00:43,301 [INFO] Middleware:617 - instanceName : USB_HOST bspName : Drive_VBUS_HS check condition success for : SW_VBUS_DRIVE_HID_HS = false
2024-11-27 04:00:43,301 [INFO] Middleware:617 - instanceName : USB_HOST bspName : Drive_VBUS_FS check condition success for : SW_VBUS_DRIVE_MSC_FS = false
2024-11-27 04:00:43,301 [INFO] Middleware:617 - instanceName : USB_HOST bspName : Drive_VBUS_FS check condition success for : SW_VBUS_DRIVE_MSC_FS = false
2024-11-27 04:00:43,301 [INFO] Middleware:617 - instanceName : USB_HOST bspName : Drive_VBUS_HS check condition success for : SW_VBUS_DRIVE_MSC_HS = false
2024-11-27 04:00:43,301 [INFO] Middleware:617 - instanceName : USB_HOST bspName : Drive_VBUS_HS check condition success for : SW_VBUS_DRIVE_MSC_HS = false
2024-11-27 04:00:43,301 [INFO] Middleware:617 - instanceName : USB_HOST bspName : Drive_VBUS_FS check condition success for : ALL_SW_VBUS_DRIVE_FS = false
2024-11-27 04:00:43,301 [INFO] Middleware:617 - instanceName : USB_HOST bspName : Drive_VBUS_FS check condition success for : ALL_SW_VBUS_DRIVE_FS = false
2024-11-27 04:00:43,301 [INFO] Middleware:617 - instanceName : USB_HOST bspName : Drive_VBUS_HS check condition success for : ALL_SW_VBUS_DRIVE_HS = false
2024-11-27 04:00:43,301 [INFO] Middleware:617 - instanceName : USB_HOST bspName : Drive_VBUS_HS check condition success for : ALL_SW_VBUS_DRIVE_HS = false
2024-11-27 04:00:43,302 [INFO] Middleware:617 - instanceName : USB_HOST bspName : Drive_VBUS_FS check condition success for : SW_VBUS_DRIVE_MTP_FS = false
2024-11-27 04:00:43,302 [INFO] Middleware:617 - instanceName : USB_HOST bspName : Drive_VBUS_FS check condition success for : SW_VBUS_DRIVE_MTP_FS = false
2024-11-27 04:00:43,302 [INFO] Middleware:617 - instanceName : USB_HOST bspName : Drive_VBUS_HS check condition success for : SW_VBUS_DRIVE_MTP_HS = false
2024-11-27 04:00:43,302 [INFO] Middleware:617 - instanceName : USB_HOST bspName : Drive_VBUS_HS check condition success for : SW_VBUS_DRIVE_MTP_HS = false
2024-11-27 04:00:43,302 [WARN] BspModel:444 - BSP dependency skipped because of component: name='IOExpander', api='Unknown'
2024-11-27 04:00:43,304 [INFO] Middleware:617 - instanceName : USB_HOST bspName : Drive_VBUS_FS check condition success for : SW_VBUS_DRIVE_AUDIO_FS = false
2024-11-27 04:00:43,304 [INFO] Middleware:617 - instanceName : USB_HOST bspName : Drive_VBUS_FS check condition success for : SW_VBUS_DRIVE_AUDIO_FS = false
2024-11-27 04:00:43,304 [INFO] Middleware:617 - instanceName : USB_HOST bspName : Drive_VBUS_HS check condition success for : SW_VBUS_DRIVE_AUDIO_HS = false
2024-11-27 04:00:43,304 [INFO] Middleware:617 - instanceName : USB_HOST bspName : Drive_VBUS_HS check condition success for : SW_VBUS_DRIVE_AUDIO_HS = false
2024-11-27 04:00:43,304 [INFO] Middleware:617 - instanceName : USB_HOST bspName : Drive_VBUS_FS check condition success for : SW_VBUS_DRIVE_CDC_FS = false
2024-11-27 04:00:43,304 [INFO] Middleware:617 - instanceName : USB_HOST bspName : Drive_VBUS_FS check condition success for : SW_VBUS_DRIVE_CDC_FS = false
2024-11-27 04:00:43,304 [INFO] Middleware:617 - instanceName : USB_HOST bspName : Drive_VBUS_FS check condition success for : SW_VBUS_DRIVE_CDC_FS = false
2024-11-27 04:00:43,304 [INFO] Middleware:617 - instanceName : USB_HOST bspName : Drive_VBUS_HS check condition success for : SW_VBUS_DRIVE_CDC_HS = false
2024-11-27 04:00:43,304 [INFO] Middleware:617 - instanceName : USB_HOST bspName : Drive_VBUS_HS check condition success for : SW_VBUS_DRIVE_CDC_HS = false
2024-11-27 04:00:43,304 [INFO] Middleware:617 - instanceName : USB_HOST bspName : Drive_VBUS_FS check condition success for : SW_VBUS_DRIVE_HID_FS = false
2024-11-27 04:00:43,304 [INFO] Middleware:617 - instanceName : USB_HOST bspName : Drive_VBUS_FS check condition success for : SW_VBUS_DRIVE_HID_FS = false
2024-11-27 04:00:43,304 [INFO] Middleware:617 - instanceName : USB_HOST bspName : Drive_VBUS_HS check condition success for : SW_VBUS_DRIVE_HID_HS = false
2024-11-27 04:00:43,304 [INFO] Middleware:617 - instanceName : USB_HOST bspName : Drive_VBUS_HS check condition success for : SW_VBUS_DRIVE_HID_HS = false
2024-11-27 04:00:43,304 [INFO] Middleware:617 - instanceName : USB_HOST bspName : Drive_VBUS_FS check condition success for : SW_VBUS_DRIVE_MSC_FS = false
2024-11-27 04:00:43,304 [INFO] Middleware:617 - instanceName : USB_HOST bspName : Drive_VBUS_FS check condition success for : SW_VBUS_DRIVE_MSC_FS = false
2024-11-27 04:00:43,304 [INFO] Middleware:617 - instanceName : USB_HOST bspName : Drive_VBUS_HS check condition success for : SW_VBUS_DRIVE_MSC_HS = false
2024-11-27 04:00:43,304 [INFO] Middleware:617 - instanceName : USB_HOST bspName : Drive_VBUS_HS check condition success for : SW_VBUS_DRIVE_MSC_HS = false
2024-11-27 04:00:43,304 [INFO] Middleware:617 - instanceName : USB_HOST bspName : Drive_VBUS_FS check condition success for : ALL_SW_VBUS_DRIVE_FS = false
2024-11-27 04:00:43,305 [INFO] Middleware:617 - instanceName : USB_HOST bspName : Drive_VBUS_FS check condition success for : ALL_SW_VBUS_DRIVE_FS = false
2024-11-27 04:00:43,305 [INFO] Middleware:617 - instanceName : USB_HOST bspName : Drive_VBUS_HS check condition success for : ALL_SW_VBUS_DRIVE_HS = false
2024-11-27 04:00:43,305 [INFO] Middleware:617 - instanceName : USB_HOST bspName : Drive_VBUS_HS check condition success for : ALL_SW_VBUS_DRIVE_HS = false
2024-11-27 04:00:43,305 [INFO] Middleware:617 - instanceName : USB_HOST bspName : Drive_VBUS_FS check condition success for : SW_VBUS_DRIVE_MTP_FS = false
2024-11-27 04:00:43,305 [INFO] Middleware:617 - instanceName : USB_HOST bspName : Drive_VBUS_FS check condition success for : SW_VBUS_DRIVE_MTP_FS = false
2024-11-27 04:00:43,305 [INFO] Middleware:617 - instanceName : USB_HOST bspName : Drive_VBUS_HS check condition success for : SW_VBUS_DRIVE_MTP_HS = false
2024-11-27 04:00:43,305 [INFO] Middleware:617 - instanceName : USB_HOST bspName : Drive_VBUS_HS check condition success for : SW_VBUS_DRIVE_MTP_HS = false
2024-11-27 04:00:43,325 [INFO] Middleware:617 - instanceName : USB_HOST bspName : Drive_VBUS_FS check condition success for : SW_VBUS_DRIVE_AUDIO_FS = false
2024-11-27 04:00:43,325 [INFO] Middleware:617 - instanceName : USB_HOST bspName : Drive_VBUS_FS check condition success for : SW_VBUS_DRIVE_AUDIO_FS = false
2024-11-27 04:00:43,325 [INFO] Middleware:617 - instanceName : USB_HOST bspName : Drive_VBUS_HS check condition success for : SW_VBUS_DRIVE_AUDIO_HS = false
2024-11-27 04:00:43,325 [INFO] Middleware:617 - instanceName : USB_HOST bspName : Drive_VBUS_HS check condition success for : SW_VBUS_DRIVE_AUDIO_HS = false
2024-11-27 04:00:43,325 [INFO] Middleware:617 - instanceName : USB_HOST bspName : Drive_VBUS_FS check condition success for : SW_VBUS_DRIVE_CDC_FS = false
2024-11-27 04:00:43,325 [INFO] Middleware:617 - instanceName : USB_HOST bspName : Drive_VBUS_FS check condition success for : SW_VBUS_DRIVE_CDC_FS = false
2024-11-27 04:00:43,325 [INFO] Middleware:617 - instanceName : USB_HOST bspName : Drive_VBUS_FS check condition success for : SW_VBUS_DRIVE_CDC_FS = false
2024-11-27 04:00:43,325 [INFO] Middleware:617 - instanceName : USB_HOST bspName : Drive_VBUS_HS check condition success for : SW_VBUS_DRIVE_CDC_HS = false
2024-11-27 04:00:43,325 [INFO] Middleware:617 - instanceName : USB_HOST bspName : Drive_VBUS_HS check condition success for : SW_VBUS_DRIVE_CDC_HS = false
2024-11-27 04:00:43,325 [INFO] Middleware:617 - instanceName : USB_HOST bspName : Drive_VBUS_FS check condition success for : SW_VBUS_DRIVE_HID_FS = false
2024-11-27 04:00:43,325 [INFO] Middleware:617 - instanceName : USB_HOST bspName : Drive_VBUS_FS check condition success for : SW_VBUS_DRIVE_HID_FS = false
2024-11-27 04:00:43,325 [INFO] Middleware:617 - instanceName : USB_HOST bspName : Drive_VBUS_HS check condition success for : SW_VBUS_DRIVE_HID_HS = false
2024-11-27 04:00:43,325 [INFO] Middleware:617 - instanceName : USB_HOST bspName : Drive_VBUS_HS check condition success for : SW_VBUS_DRIVE_HID_HS = false
2024-11-27 04:00:43,325 [INFO] Middleware:617 - instanceName : USB_HOST bspName : Drive_VBUS_FS check condition success for : SW_VBUS_DRIVE_MSC_FS = false
2024-11-27 04:00:43,325 [INFO] Middleware:617 - instanceName : USB_HOST bspName : Drive_VBUS_FS check condition success for : SW_VBUS_DRIVE_MSC_FS = false
2024-11-27 04:00:43,325 [INFO] Middleware:617 - instanceName : USB_HOST bspName : Drive_VBUS_HS check condition success for : SW_VBUS_DRIVE_MSC_HS = false
2024-11-27 04:00:43,325 [INFO] Middleware:617 - instanceName : USB_HOST bspName : Drive_VBUS_HS check condition success for : SW_VBUS_DRIVE_MSC_HS = false
2024-11-27 04:00:43,325 [INFO] Middleware:617 - instanceName : USB_HOST bspName : Drive_VBUS_FS check condition success for : ALL_SW_VBUS_DRIVE_FS = false
2024-11-27 04:00:43,325 [INFO] Middleware:617 - instanceName : USB_HOST bspName : Drive_VBUS_FS check condition success for : ALL_SW_VBUS_DRIVE_FS = false
2024-11-27 04:00:43,325 [INFO] Middleware:617 - instanceName : USB_HOST bspName : Drive_VBUS_HS check condition success for : ALL_SW_VBUS_DRIVE_HS = false
2024-11-27 04:00:43,325 [INFO] Middleware:617 - instanceName : USB_HOST bspName : Drive_VBUS_HS check condition success for : ALL_SW_VBUS_DRIVE_HS = false
2024-11-27 04:00:43,325 [INFO] Middleware:617 - instanceName : USB_HOST bspName : Drive_VBUS_FS check condition success for : SW_VBUS_DRIVE_MTP_FS = false
2024-11-27 04:00:43,325 [INFO] Middleware:617 - instanceName : USB_HOST bspName : Drive_VBUS_FS check condition success for : SW_VBUS_DRIVE_MTP_FS = false
2024-11-27 04:00:43,325 [INFO] Middleware:617 - instanceName : USB_HOST bspName : Drive_VBUS_HS check condition success for : SW_VBUS_DRIVE_MTP_HS = false
2024-11-27 04:00:43,325 [INFO] Middleware:617 - instanceName : USB_HOST bspName : Drive_VBUS_HS check condition success for : SW_VBUS_DRIVE_MTP_HS = false
2024-11-27 04:00:48,471 [INFO] UtilMem:75 - End SaveConfig() Used Memory: 634815616 Bytes (846200832)
2024-11-27 04:00:48,525 [INFO] UtilMem:75 - End SaveConfig() Used Memory: 653055728 Bytes (846200832)
2024-11-27 04:00:48,891 [INFO] UtilMem:75 - End SaveConfig() Used Memory: 690282224 Bytes (846200832)
2024-11-27 04:00:48,943 [INFO] ProjectBuilder:2334 - IP not ready for code generation: USB_HOST
2024-11-27 04:00:50,105 [INFO] BlockDiagram:2766 - set Specific Code input for plugin: USB_OTG_FS
2024-11-27 04:00:50,105 [INFO] BlockDiagram:2766 - set Specific Code input for plugin: NVIC
2024-11-27 04:00:50,105 [INFO] BlockDiagram:2766 - set Specific Code input for plugin: USB_HOST
2024-11-27 04:00:50,105 [INFO] BlockDiagram:2766 - set Specific Code input for plugin: SYS
2024-11-27 04:00:50,105 [INFO] BlockDiagram:2766 - set Specific Code input for plugin: GPIO
2024-11-27 04:00:50,105 [INFO] BlockDiagram:2766 - set Specific Code input for plugin: RCC
2024-11-27 04:00:50,105 [INFO] BlockDiagram:2766 - set Specific Code input for plugin: I2C
2024-11-27 04:00:50,106 [INFO] CodeGenerator:807 - code generatio: config db path: C:\ST\STM32CubeIDE_1.16.1\STM32CubeIDE\plugins\com.st.stm32cube.common.mx_6.12.1.202409122256\\db\
2024-11-27 04:00:50,107 [WARN] IP:2191 - I2C_Coeff_DF not found: check if there is a RefParameter without a condition.
2024-11-27 04:00:50,107 [WARN] IP:2191 - Analog_Filter not found: check if there is a RefParameter without a condition.
2024-11-27 04:00:50,169 [INFO] CodeEngine:255 - oldGeneratedFile, C:\Users\Genar\STM32CubeIDE\workspace_1.16.1\MPU6050\MXTmpFiles\license.tmp_save
2024-11-27 04:00:50,249 [INFO] CodeEngine:279 - Generated code: C:\Users\Genar\STM32CubeIDE\workspace_1.16.1\MPU6050\MXTmpFiles\license.tmp
2024-11-27 04:00:50,257 [INFO] CodeEngine:255 - oldGeneratedFile, C:\Users\Genar\STM32CubeIDE\workspace_1.16.1\MPU6050\MXTmpFiles\gpio.tmp_save
2024-11-27 04:00:50,306 [INFO] CodeEngine:279 - Generated code: C:\Users\Genar\STM32CubeIDE\workspace_1.16.1\MPU6050\MXTmpFiles\gpio.tmp
2024-11-27 04:00:50,323 [WARN] IPConfigManager:3005 - Warning: the RefConfig PWREx_EnableUSBVoltageDetector is not available in your config.xml file
2024-11-27 04:00:50,333 [INFO] CodeEngine:255 - oldGeneratedFile, C:\Users\Genar\STM32CubeIDE\workspace_1.16.1\MPU6050\MXTmpFiles\usb_otg_fs_vars.tmp_save
2024-11-27 04:00:50,378 [INFO] CodeEngine:279 - Generated code: C:\Users\Genar\STM32CubeIDE\workspace_1.16.1\MPU6050\MXTmpFiles\usb_otg_fs_vars.tmp
2024-11-27 04:00:50,384 [INFO] CodeEngine:255 - oldGeneratedFile, C:\Users\Genar\STM32CubeIDE\workspace_1.16.1\MPU6050\MXTmpFiles\usb_otg_fs_inc.tmp_save
2024-11-27 04:00:50,424 [INFO] CodeEngine:279 - Generated code: C:\Users\Genar\STM32CubeIDE\workspace_1.16.1\MPU6050\MXTmpFiles\usb_otg_fs_inc.tmp
2024-11-27 04:00:50,438 [INFO] CodeEngine:255 - oldGeneratedFile, C:\Users\Genar\STM32CubeIDE\workspace_1.16.1\MPU6050\MXTmpFiles\usb_otg_fs_HalInit.tmp_save
2024-11-27 04:00:50,497 [INFO] CodeEngine:279 - Generated code: C:\Users\Genar\STM32CubeIDE\workspace_1.16.1\MPU6050\MXTmpFiles\usb_otg_fs_HalInit.tmp
2024-11-27 04:00:50,507 [INFO] CodeEngine:255 - oldGeneratedFile, C:\Users\Genar\STM32CubeIDE\workspace_1.16.1\MPU6050\MXTmpFiles\usb_otg_fs_Msp.tmp_save
2024-11-27 04:00:50,568 [INFO] CodeEngine:279 - Generated code: C:\Users\Genar\STM32CubeIDE\workspace_1.16.1\MPU6050\MXTmpFiles\usb_otg_fs_Msp.tmp
2024-11-27 04:00:50,597 [INFO] Middleware:1439 - No code input for Bsp Dependency
2024-11-27 04:00:50,600 [INFO] Middleware:1439 - No code input for Bsp Dependency
2024-11-27 04:00:50,611 [INFO] CodeEngine:255 - oldGeneratedFile, C:\Users\Genar\STM32CubeIDE\workspace_1.16.1\MPU6050\USB_HOST\App\usb_host.c_save
2024-11-27 04:00:50,673 [INFO] CodeEngine:279 - Generated code: C:\Users\Genar\STM32CubeIDE\workspace_1.16.1\MPU6050\USB_HOST\App\usb_host.c
2024-11-27 04:00:50,684 [INFO] CodeEngine:255 - oldGeneratedFile, C:\Users\Genar\STM32CubeIDE\workspace_1.16.1\MPU6050\USB_HOST\App\usb_host.h_save
2024-11-27 04:00:50,745 [INFO] CodeEngine:279 - Generated code: C:\Users\Genar\STM32CubeIDE\workspace_1.16.1\MPU6050\USB_HOST\App\usb_host.h
2024-11-27 04:00:50,754 [INFO] CodeEngine:255 - oldGeneratedFile, C:\Users\Genar\STM32CubeIDE\workspace_1.16.1\MPU6050\USB_HOST\Target\usbh_conf.h_save
2024-11-27 04:00:50,813 [INFO] CodeEngine:279 - Generated code: C:\Users\Genar\STM32CubeIDE\workspace_1.16.1\MPU6050\USB_HOST\Target\usbh_conf.h
2024-11-27 04:00:50,822 [INFO] CodeEngine:255 - oldGeneratedFile, C:\Users\Genar\STM32CubeIDE\workspace_1.16.1\MPU6050\USB_HOST\Target\usbh_conf.c_save
2024-11-27 04:00:50,884 [INFO] CodeEngine:279 - Generated code: C:\Users\Genar\STM32CubeIDE\workspace_1.16.1\MPU6050\USB_HOST\Target\usbh_conf.c
2024-11-27 04:00:50,903 [INFO] CodeEngine:255 - oldGeneratedFile, C:\Users\Genar\STM32CubeIDE\workspace_1.16.1\MPU6050\Core\Src\stm32f4xx_it.c_save
2024-11-27 04:00:50,975 [INFO] CodeEngine:279 - Generated code: C:\Users\Genar\STM32CubeIDE\workspace_1.16.1\MPU6050\Core\Src\stm32f4xx_it.c
2024-11-27 04:00:50,980 [INFO] CodeEngine:255 - oldGeneratedFile, C:\Users\Genar\STM32CubeIDE\workspace_1.16.1\MPU6050\Core\Inc\stm32f4xx_it.h_save
2024-11-27 04:00:51,027 [INFO] CodeEngine:279 - Generated code: C:\Users\Genar\STM32CubeIDE\workspace_1.16.1\MPU6050\Core\Inc\stm32f4xx_it.h
2024-11-27 04:00:51,044 [INFO] CodeEngine:255 - oldGeneratedFile, C:\Users\Genar\STM32CubeIDE\workspace_1.16.1\MPU6050\Core\Src\stm32f4xx_hal_msp.c_save
2024-11-27 04:00:51,112 [INFO] CodeEngine:279 - Generated code: C:\Users\Genar\STM32CubeIDE\workspace_1.16.1\MPU6050\Core\Src\stm32f4xx_hal_msp.c
2024-11-27 04:00:51,116 [INFO] CodeEngine:255 - oldGeneratedFile, C:\Users\Genar\STM32CubeIDE\workspace_1.16.1\MPU6050\MXTmpFiles\system.tmp_save
2024-11-27 04:00:51,152 [INFO] CodeEngine:279 - Generated code: C:\Users\Genar\STM32CubeIDE\workspace_1.16.1\MPU6050\MXTmpFiles\system.tmp
2024-11-27 04:00:51,164 [INFO] CodeEngine:311 - oldGeneratedFile, C:\Users\Genar\STM32CubeIDE\workspace_1.16.1\MPU6050\Core\Inc\stm32f4xx_hal_conf.h_save
2024-11-27 04:00:51,224 [INFO] CodeEngine:335 - Generated code: C:\Users\Genar\STM32CubeIDE\workspace_1.16.1\MPU6050\Core\Inc\stm32f4xx_hal_conf.h
2024-11-27 04:00:51,263 [INFO] CodeEngine:255 - oldGeneratedFile, C:\Users\Genar\STM32CubeIDE\workspace_1.16.1\MPU6050\Core\Inc\main.h_save
2024-11-27 04:00:51,317 [INFO] CodeEngine:279 - Generated code: C:\Users\Genar\STM32CubeIDE\workspace_1.16.1\MPU6050\Core\Inc\main.h
2024-11-27 04:00:51,328 [INFO] CodeEngine:255 - oldGeneratedFile, C:\Users\Genar\STM32CubeIDE\workspace_1.16.1\MPU6050\Core\Src\main.c_save
2024-11-27 04:00:51,407 [INFO] CodeEngine:279 - Generated code: C:\Users\Genar\STM32CubeIDE\workspace_1.16.1\MPU6050\Core\Src\main.c
2024-11-27 04:00:51,682 [INFO] ProjectBuilder:3249 - Time for Copy HAL[1] : 178mS.
2024-11-27 04:00:51,686 [INFO] ProjectBuilder:4828 - Project Generator version: 4.5.0-B34
2024-11-27 04:00:51,728 [INFO] ConfigFileManager:1531 - The Die is : DIE431
2024-11-27 04:00:52,270 [INFO] ProjectBuilder:5097 - Time for Generating toolchain IDE Files: 584mS.
2024-11-27 04:00:52,270 [INFO] ProjectBuilder:3107 - Time for Copy CMSIS : 0mS.
2024-11-27 04:00:52,274 [INFO] ProjectBuilder:3107 - Time for Copy CMSIS : 1mS.
2024-11-27 04:02:02,218 [INFO] UtilMem:75 - End SaveConfig() Used Memory: 668702264 Bytes (846200832)
2024-11-27 04:02:02,654 [INFO] UtilMem:75 - End SaveConfig() Used Memory: 313002992 Bytes (846200832)
2024-11-27 04:02:02,729 [INFO] BlockDiagram:2766 - set Specific Code input for plugin: USB_OTG_FS
2024-11-27 04:02:02,729 [INFO] BlockDiagram:2766 - set Specific Code input for plugin: NVIC
2024-11-27 04:02:02,729 [INFO] BlockDiagram:2766 - set Specific Code input for plugin: SYS
2024-11-27 04:02:02,730 [INFO] BlockDiagram:2766 - set Specific Code input for plugin: GPIO
2024-11-27 04:02:02,730 [INFO] BlockDiagram:2766 - set Specific Code input for plugin: RCC
2024-11-27 04:02:02,730 [INFO] BlockDiagram:2766 - set Specific Code input for plugin: I2C
2024-11-27 04:02:02,730 [INFO] CodeGenerator:807 - code generatio: config db path: C:\ST\STM32CubeIDE_1.16.1\STM32CubeIDE\plugins\com.st.stm32cube.common.mx_6.12.1.202409122256\\db\
2024-11-27 04:02:02,731 [WARN] IP:2191 - I2C_Coeff_DF not found: check if there is a RefParameter without a condition.
2024-11-27 04:02:02,731 [WARN] IP:2191 - Analog_Filter not found: check if there is a RefParameter without a condition.
2024-11-27 04:02:02,789 [INFO] CodeEngine:255 - oldGeneratedFile, C:\Users\Genar\STM32CubeIDE\workspace_1.16.1\MPU6050\MXTmpFiles\license.tmp_save
2024-11-27 04:02:02,847 [INFO] CodeEngine:279 - Generated code: C:\Users\Genar\STM32CubeIDE\workspace_1.16.1\MPU6050\MXTmpFiles\license.tmp
2024-11-27 04:02:02,856 [INFO] CodeEngine:255 - oldGeneratedFile, C:\Users\Genar\STM32CubeIDE\workspace_1.16.1\MPU6050\MXTmpFiles\gpio.tmp_save
2024-11-27 04:02:02,907 [INFO] CodeEngine:279 - Generated code: C:\Users\Genar\STM32CubeIDE\workspace_1.16.1\MPU6050\MXTmpFiles\gpio.tmp
2024-11-27 04:02:02,935 [WARN] IPConfigManager:3005 - Warning: the RefConfig PWREx_EnableUSBVoltageDetector is not available in your config.xml file
2024-11-27 04:02:02,948 [INFO] CodeEngine:255 - oldGeneratedFile, C:\Users\Genar\STM32CubeIDE\workspace_1.16.1\MPU6050\Core\Src\stm32f4xx_it.c_save
2024-11-27 04:02:03,016 [INFO] CodeEngine:279 - Generated code: C:\Users\Genar\STM32CubeIDE\workspace_1.16.1\MPU6050\Core\Src\stm32f4xx_it.c
2024-11-27 04:02:03,020 [INFO] CodeEngine:255 - oldGeneratedFile, C:\Users\Genar\STM32CubeIDE\workspace_1.16.1\MPU6050\Core\Inc\stm32f4xx_it.h_save
2024-11-27 04:02:03,058 [INFO] CodeEngine:279 - Generated code: C:\Users\Genar\STM32CubeIDE\workspace_1.16.1\MPU6050\Core\Inc\stm32f4xx_it.h
2024-11-27 04:02:03,072 [INFO] CodeEngine:255 - oldGeneratedFile, C:\Users\Genar\STM32CubeIDE\workspace_1.16.1\MPU6050\Core\Src\stm32f4xx_hal_msp.c_save
2024-11-27 04:02:03,149 [INFO] CodeEngine:279 - Generated code: C:\Users\Genar\STM32CubeIDE\workspace_1.16.1\MPU6050\Core\Src\stm32f4xx_hal_msp.c
2024-11-27 04:02:03,152 [INFO] CodeEngine:255 - oldGeneratedFile, C:\Users\Genar\STM32CubeIDE\workspace_1.16.1\MPU6050\MXTmpFiles\system.tmp_save
2024-11-27 04:02:03,195 [INFO] CodeEngine:279 - Generated code: C:\Users\Genar\STM32CubeIDE\workspace_1.16.1\MPU6050\MXTmpFiles\system.tmp
2024-11-27 04:02:03,208 [INFO] CodeEngine:311 - oldGeneratedFile, C:\Users\Genar\STM32CubeIDE\workspace_1.16.1\MPU6050\Core\Inc\stm32f4xx_hal_conf.h_save
2024-11-27 04:02:03,270 [INFO] CodeEngine:335 - Generated code: C:\Users\Genar\STM32CubeIDE\workspace_1.16.1\MPU6050\Core\Inc\stm32f4xx_hal_conf.h
2024-11-27 04:02:03,292 [WARN] IPConfigManager:3554 - IP not found : USB_OTG
2024-11-27 04:02:03,293 [WARN] CodeGenerator:4002 - IP not found : null
2024-11-27 04:02:03,304 [INFO] CodeEngine:255 - oldGeneratedFile, C:\Users\Genar\STM32CubeIDE\workspace_1.16.1\MPU6050\Core\Inc\main.h_save
2024-11-27 04:02:03,353 [INFO] CodeEngine:279 - Generated code: C:\Users\Genar\STM32CubeIDE\workspace_1.16.1\MPU6050\Core\Inc\main.h
2024-11-27 04:02:03,364 [INFO] CodeEngine:255 - oldGeneratedFile, C:\Users\Genar\STM32CubeIDE\workspace_1.16.1\MPU6050\Core\Src\main.c_save
2024-11-27 04:02:03,439 [INFO] CodeEngine:279 - Generated code: C:\Users\Genar\STM32CubeIDE\workspace_1.16.1\MPU6050\Core\Src\main.c
2024-11-27 04:02:03,641 [INFO] ProjectBuilder:3249 - Time for Copy HAL[1] : 116mS.
2024-11-27 04:02:03,643 [INFO] ProjectBuilder:4828 - Project Generator version: 4.5.0-B34
2024-11-27 04:02:03,683 [INFO] ConfigFileManager:1531 - The Die is : DIE431
2024-11-27 04:02:04,221 [INFO] ProjectBuilder:5097 - Time for Generating toolchain IDE Files: 578mS.
2024-11-27 04:02:04,223 [INFO] ProjectBuilder:3107 - Time for Copy CMSIS : 2mS.
2024-11-27 04:02:04,224 [INFO] ProjectBuilder:3107 - Time for Copy CMSIS : 0mS.
2024-11-27 04:02:42,392 [WARN] IP:2191 - DEVICE_SERIAL0_CDC_FS not found: check if there is a RefParameter without a condition.
2024-11-27 04:02:42,392 [WARN] IP:2191 - DEVICE_SERIAL1_CDC_FS not found: check if there is a RefParameter without a condition.
2024-11-27 04:02:42,392 [WARN] IP:2191 - DEVICE_SERIAL2_CDC_FS not found: check if there is a RefParameter without a condition.
2024-11-27 04:02:42,406 [WARN] IP:2191 - DEVICE_SERIAL0_CDC_FS not found: check if there is a RefParameter without a condition.
2024-11-27 04:02:42,406 [WARN] IP:2191 - DEVICE_SERIAL1_CDC_FS not found: check if there is a RefParameter without a condition.
2024-11-27 04:02:42,406 [WARN] IP:2191 - DEVICE_SERIAL2_CDC_FS not found: check if there is a RefParameter without a condition.
2024-11-27 04:02:42,406 [WARN] IP:2191 - DEVICE_SERIAL0_CDC_FS not found: check if there is a RefParameter without a condition.
2024-11-27 04:02:42,406 [WARN] IP:2191 - DEVICE_SERIAL1_CDC_FS not found: check if there is a RefParameter without a condition.
2024-11-27 04:02:42,406 [WARN] IP:2191 - DEVICE_SERIAL2_CDC_FS not found: check if there is a RefParameter without a condition.
2024-11-27 04:02:42,462 [WARN] IP:2191 - DEVICE_SERIAL0_CDC_FS not found: check if there is a RefParameter without a condition.
2024-11-27 04:02:42,462 [WARN] IP:2191 - DEVICE_SERIAL1_CDC_FS not found: check if there is a RefParameter without a condition.
2024-11-27 04:02:42,462 [WARN] IP:2191 - DEVICE_SERIAL2_CDC_FS not found: check if there is a RefParameter without a condition.
2024-11-27 04:02:42,462 [WARN] IP:2191 - DEVICE_SERIAL0_CDC_FS not found: check if there is a RefParameter without a condition.
2024-11-27 04:02:42,462 [WARN] IP:2191 - DEVICE_SERIAL1_CDC_FS not found: check if there is a RefParameter without a condition.
2024-11-27 04:02:42,462 [WARN] IP:2191 - DEVICE_SERIAL2_CDC_FS not found: check if there is a RefParameter without a condition.
2024-11-27 04:02:46,199 [INFO] UtilMem:75 - End SaveConfig() Used Memory: 665029384 Bytes (846200832)
2024-11-27 04:02:46,646 [INFO] UtilMem:75 - End SaveConfig() Used Memory: 285853992 Bytes (846200832)
2024-11-27 04:02:46,723 [INFO] BlockDiagram:2766 - set Specific Code input for plugin: USB_OTG_FS
2024-11-27 04:02:46,723 [INFO] BlockDiagram:2766 - set Specific Code input for plugin: NVIC
2024-11-27 04:02:46,723 [INFO] BlockDiagram:2766 - set Specific Code input for plugin: USB_DEVICE
2024-11-27 04:02:46,723 [INFO] BlockDiagram:2766 - set Specific Code input for plugin: SYS
2024-11-27 04:02:46,723 [INFO] BlockDiagram:2766 - set Specific Code input for plugin: GPIO
2024-11-27 04:02:46,723 [INFO] BlockDiagram:2766 - set Specific Code input for plugin: RCC
2024-11-27 04:02:46,723 [INFO] BlockDiagram:2766 - set Specific Code input for plugin: I2C
2024-11-27 04:02:46,724 [INFO] CodeGenerator:807 - code generatio: config db path: C:\ST\STM32CubeIDE_1.16.1\STM32CubeIDE\plugins\com.st.stm32cube.common.mx_6.12.1.202409122256\\db\
2024-11-27 04:02:46,725 [WARN] IP:2191 - I2C_Coeff_DF not found: check if there is a RefParameter without a condition.
2024-11-27 04:02:46,725 [WARN] IP:2191 - Analog_Filter not found: check if there is a RefParameter without a condition.
2024-11-27 04:02:46,730 [WARN] IP:2191 - DEVICE_SERIAL0_CDC_FS not found: check if there is a RefParameter without a condition.
2024-11-27 04:02:46,730 [WARN] IP:2191 - DEVICE_SERIAL1_CDC_FS not found: check if there is a RefParameter without a condition.
2024-11-27 04:02:46,730 [WARN] IP:2191 - DEVICE_SERIAL2_CDC_FS not found: check if there is a RefParameter without a condition.
2024-11-27 04:02:46,793 [INFO] CodeEngine:255 - oldGeneratedFile, C:\Users\Genar\STM32CubeIDE\workspace_1.16.1\MPU6050\MXTmpFiles\license.tmp_save
2024-11-27 04:02:46,856 [INFO] CodeEngine:279 - Generated code: C:\Users\Genar\STM32CubeIDE\workspace_1.16.1\MPU6050\MXTmpFiles\license.tmp
2024-11-27 04:02:46,864 [INFO] CodeEngine:255 - oldGeneratedFile, C:\Users\Genar\STM32CubeIDE\workspace_1.16.1\MPU6050\MXTmpFiles\gpio.tmp_save
2024-11-27 04:02:46,913 [INFO] CodeEngine:279 - Generated code: C:\Users\Genar\STM32CubeIDE\workspace_1.16.1\MPU6050\MXTmpFiles\gpio.tmp
2024-11-27 04:02:46,922 [WARN] IPConfigManager:3005 - Warning: the RefConfig PWREx_EnableUSBVoltageDetector is not available in your config.xml file
2024-11-27 04:02:46,927 [INFO] CodeEngine:255 - oldGeneratedFile, C:\Users\Genar\STM32CubeIDE\workspace_1.16.1\MPU6050\MXTmpFiles\usb_otg_fs_vars.tmp_save
2024-11-27 04:02:46,987 [INFO] CodeEngine:279 - Generated code: C:\Users\Genar\STM32CubeIDE\workspace_1.16.1\MPU6050\MXTmpFiles\usb_otg_fs_vars.tmp
2024-11-27 04:02:46,989 [INFO] CodeEngine:255 - oldGeneratedFile, C:\Users\Genar\STM32CubeIDE\workspace_1.16.1\MPU6050\MXTmpFiles\usb_otg_fs_inc.tmp_save
2024-11-27 04:02:47,025 [INFO] CodeEngine:279 - Generated code: C:\Users\Genar\STM32CubeIDE\workspace_1.16.1\MPU6050\MXTmpFiles\usb_otg_fs_inc.tmp
2024-11-27 04:02:47,028 [INFO] CodeEngine:255 - oldGeneratedFile, C:\Users\Genar\STM32CubeIDE\workspace_1.16.1\MPU6050\MXTmpFiles\usb_otg_fs_HalInit.tmp_save
2024-11-27 04:02:47,091 [INFO] CodeEngine:279 - Generated code: C:\Users\Genar\STM32CubeIDE\workspace_1.16.1\MPU6050\MXTmpFiles\usb_otg_fs_HalInit.tmp
2024-11-27 04:02:47,094 [INFO] CodeEngine:255 - oldGeneratedFile, C:\Users\Genar\STM32CubeIDE\workspace_1.16.1\MPU6050\MXTmpFiles\usb_otg_fs_Msp.tmp_save
2024-11-27 04:02:47,152 [INFO] CodeEngine:279 - Generated code: C:\Users\Genar\STM32CubeIDE\workspace_1.16.1\MPU6050\MXTmpFiles\usb_otg_fs_Msp.tmp
2024-11-27 04:02:47,186 [INFO] Middleware:1439 - No code input for Bsp Dependency
2024-11-27 04:02:47,198 [INFO] Middleware:1439 - No code input for Bsp Dependency
2024-11-27 04:02:47,211 [INFO] CodeEngine:255 - oldGeneratedFile, C:\Users\Genar\STM32CubeIDE\workspace_1.16.1\MPU6050\USB_DEVICE\App\usb_device.c_save
2024-11-27 04:02:47,272 [INFO] CodeEngine:279 - Generated code: C:\Users\Genar\STM32CubeIDE\workspace_1.16.1\MPU6050\USB_DEVICE\App\usb_device.c
2024-11-27 04:02:47,283 [INFO] CodeEngine:255 - oldGeneratedFile, C:\Users\Genar\STM32CubeIDE\workspace_1.16.1\MPU6050\USB_DEVICE\App\usb_device.h_save
2024-11-27 04:02:47,337 [INFO] CodeEngine:279 - Generated code: C:\Users\Genar\STM32CubeIDE\workspace_1.16.1\MPU6050\USB_DEVICE\App\usb_device.h
2024-11-27 04:02:47,346 [INFO] CodeEngine:255 - oldGeneratedFile, C:\Users\Genar\STM32CubeIDE\workspace_1.16.1\MPU6050\USB_DEVICE\Target\usbd_conf.h_save
2024-11-27 04:02:47,407 [INFO] CodeEngine:279 - Generated code: C:\Users\Genar\STM32CubeIDE\workspace_1.16.1\MPU6050\USB_DEVICE\Target\usbd_conf.h
2024-11-27 04:02:47,417 [INFO] CodeEngine:255 - oldGeneratedFile, C:\Users\Genar\STM32CubeIDE\workspace_1.16.1\MPU6050\USB_DEVICE\Target\usbd_conf.c_save
2024-11-27 04:02:47,480 [INFO] CodeEngine:279 - Generated code: C:\Users\Genar\STM32CubeIDE\workspace_1.16.1\MPU6050\USB_DEVICE\Target\usbd_conf.c
2024-11-27 04:02:47,495 [INFO] CodeEngine:255 - oldGeneratedFile, C:\Users\Genar\STM32CubeIDE\workspace_1.16.1\MPU6050\USB_DEVICE\App\usbd_desc.h_save
2024-11-27 04:02:47,546 [INFO] CodeEngine:279 - Generated code: C:\Users\Genar\STM32CubeIDE\workspace_1.16.1\MPU6050\USB_DEVICE\App\usbd_desc.h
2024-11-27 04:02:47,556 [INFO] CodeEngine:255 - oldGeneratedFile, C:\Users\Genar\STM32CubeIDE\workspace_1.16.1\MPU6050\USB_DEVICE\App\usbd_desc.c_save
2024-11-27 04:02:47,614 [INFO] CodeEngine:279 - Generated code: C:\Users\Genar\STM32CubeIDE\workspace_1.16.1\MPU6050\USB_DEVICE\App\usbd_desc.c
2024-11-27 04:02:47,631 [INFO] CodeEngine:255 - oldGeneratedFile, C:\Users\Genar\STM32CubeIDE\workspace_1.16.1\MPU6050\USB_DEVICE\App\usbd_cdc_if.h_save
2024-11-27 04:02:47,687 [INFO] CodeEngine:279 - Generated code: C:\Users\Genar\STM32CubeIDE\workspace_1.16.1\MPU6050\USB_DEVICE\App\usbd_cdc_if.h
2024-11-27 04:02:47,696 [INFO] CodeEngine:255 - oldGeneratedFile, C:\Users\Genar\STM32CubeIDE\workspace_1.16.1\MPU6050\USB_DEVICE\App\usbd_cdc_if.c_save
2024-11-27 04:02:47,764 [INFO] CodeEngine:279 - Generated code: C:\Users\Genar\STM32CubeIDE\workspace_1.16.1\MPU6050\USB_DEVICE\App\usbd_cdc_if.c
2024-11-27 04:02:47,783 [INFO] CodeEngine:255 - oldGeneratedFile, C:\Users\Genar\STM32CubeIDE\workspace_1.16.1\MPU6050\Core\Src\stm32f4xx_it.c_save
2024-11-27 04:02:47,843 [INFO] CodeEngine:279 - Generated code: C:\Users\Genar\STM32CubeIDE\workspace_1.16.1\MPU6050\Core\Src\stm32f4xx_it.c
2024-11-27 04:02:47,847 [INFO] CodeEngine:255 - oldGeneratedFile, C:\Users\Genar\STM32CubeIDE\workspace_1.16.1\MPU6050\Core\Inc\stm32f4xx_it.h_save
2024-11-27 04:02:47,880 [INFO] CodeEngine:279 - Generated code: C:\Users\Genar\STM32CubeIDE\workspace_1.16.1\MPU6050\Core\Inc\stm32f4xx_it.h
2024-11-27 04:02:47,897 [INFO] CodeEngine:255 - oldGeneratedFile, C:\Users\Genar\STM32CubeIDE\workspace_1.16.1\MPU6050\Core\Src\stm32f4xx_hal_msp.c_save
2024-11-27 04:02:47,952 [INFO] CodeEngine:279 - Generated code: C:\Users\Genar\STM32CubeIDE\workspace_1.16.1\MPU6050\Core\Src\stm32f4xx_hal_msp.c
2024-11-27 04:02:47,956 [INFO] CodeEngine:255 - oldGeneratedFile, C:\Users\Genar\STM32CubeIDE\workspace_1.16.1\MPU6050\MXTmpFiles\system.tmp_save
2024-11-27 04:02:47,993 [INFO] CodeEngine:279 - Generated code: C:\Users\Genar\STM32CubeIDE\workspace_1.16.1\MPU6050\MXTmpFiles\system.tmp
2024-11-27 04:02:48,005 [INFO] CodeEngine:311 - oldGeneratedFile, C:\Users\Genar\STM32CubeIDE\workspace_1.16.1\MPU6050\Core\Inc\stm32f4xx_hal_conf.h_save
2024-11-27 04:02:48,063 [INFO] CodeEngine:335 - Generated code: C:\Users\Genar\STM32CubeIDE\workspace_1.16.1\MPU6050\Core\Inc\stm32f4xx_hal_conf.h
2024-11-27 04:02:48,093 [INFO] CodeEngine:255 - oldGeneratedFile, C:\Users\Genar\STM32CubeIDE\workspace_1.16.1\MPU6050\Core\Inc\main.h_save
2024-11-27 04:02:48,136 [INFO] CodeEngine:279 - Generated code: C:\Users\Genar\STM32CubeIDE\workspace_1.16.1\MPU6050\Core\Inc\main.h
2024-11-27 04:02:48,147 [INFO] CodeEngine:255 - oldGeneratedFile, C:\Users\Genar\STM32CubeIDE\workspace_1.16.1\MPU6050\Core\Src\main.c_save
2024-11-27 04:02:48,217 [INFO] CodeEngine:279 - Generated code: C:\Users\Genar\STM32CubeIDE\workspace_1.16.1\MPU6050\Core\Src\main.c
2024-11-27 04:02:48,487 [INFO] ProjectBuilder:3249 - Time for Copy HAL[1] : 140mS.
2024-11-27 04:02:48,490 [INFO] ProjectBuilder:4828 - Project Generator version: 4.5.0-B34
2024-11-27 04:02:48,531 [INFO] ConfigFileManager:1531 - The Die is : DIE431
2024-11-27 04:02:48,979 [INFO] ProjectBuilder:5097 - Time for Generating toolchain IDE Files: 489mS.
2024-11-27 04:02:48,980 [INFO] ProjectBuilder:3107 - Time for Copy CMSIS : 1mS.
2024-11-27 04:02:48,983 [INFO] ProjectBuilder:3107 - Time for Copy CMSIS : 0mS.
2024-11-27 05:08:10,587 [INFO] WebApp:189 - Connection lost
2024-11-27 05:08:10,852 [INFO] WebApp:186 - Connection restablished
