2024-11-01 13:03:42,914 [INFO] Activator:176 - 


2024-11-01 13:03:42,919 [INFO] Activator:177 - !SESSION log4j initialized
2024-11-01 13:03:50,539 [INFO] LogOutputStream:77 - [STDOUT_REDIRECT] 
2024-11-01 13:03:53,679 [INFO] ApplicationProperties:184 - Using Application install path: C:\ST\STM32CubeIDE_1.16.1\STM32CubeIDE\plugins\com.st.stm32cube.common.mx_6.12.1.202409122256
2024-11-01 13:03:53,695 [INFO] DbMcusXml:78 - Set database path to: C:\ST\STM32CubeIDE_1.16.1\STM32CubeIDE\plugins\com.st.stm32cube.common.mx_6.12.1.202409122256\\db\/mcu/
2024-11-01 13:03:53,695 [INFO] ApiDb:274 - Set plugin database path to: C:\ST\STM32CubeIDE_1.16.1\STM32CubeIDE\plugins\com.st.stm32cube.common.mx_6.12.1.202409122256\\db\/plugins/boardmanager/
2024-11-01 13:03:53,695 [WARN] ApiDb:259 - Overriding images path with different value:  => C:\ST\STM32CubeIDE_1.16.1\STM32CubeIDE\plugins\com.st.stm32cube.common.mx_6.12.1.202409122256\\db\/plugins/mcufinder/images/
2024-11-01 13:03:53,708 [INFO] ApiDb:250 - Set database path to: C:\Users\Genar\.stmcufinder\plugins\mcufinder//mcu/
2024-11-01 13:03:53,709 [INFO] DbMcusAds:125 - Set database path to: C:\Users\Genar\.stmcufinder\plugins\mcufinder//mcu/
2024-11-01 13:03:53,712 [INFO] CrossReferenceDbSqlite:203 - Set database path to: C:\Users\Genar\.stmcufinder\plugins\mcufinder//mcu/cs/
2024-11-01 13:03:53,834 [INFO] RulesReader:64 - Compatibility file has been processed (297 Rules)
2024-11-01 13:03:53,915 [INFO] DbMcusXml:78 - Set database path to: C:\ST\STM32CubeIDE_1.16.1\STM32CubeIDE\plugins\com.st.stm32cube.common.mx_6.12.1.202409122256\\db\/mcu/
2024-11-01 13:03:53,916 [INFO] ApiDb:274 - Set plugin database path to: C:\ST\STM32CubeIDE_1.16.1\STM32CubeIDE\plugins\com.st.stm32cube.common.mx_6.12.1.202409122256\\db\/plugins/boardmanager/
2024-11-01 13:03:53,916 [INFO] ApiDb:261 - Set plugin images path to: C:\ST\STM32CubeIDE_1.16.1\STM32CubeIDE\plugins\com.st.stm32cube.common.mx_6.12.1.202409122256\\db\/plugins/mcufinder/images/
2024-11-01 13:03:53,916 [WARN] DbFile:41 - Overriding database path with different value: C:\Users\Genar\.stmcufinder\plugins\mcufinder/ => C:\Users\Genar\.stmcufinder\plugins\mcufinder
2024-11-01 13:03:53,916 [INFO] ApiDb:250 - Set database path to: C:\Users\Genar\.stmcufinder\plugins\mcufinder//mcu/
2024-11-01 13:03:53,916 [WARN] DbFile:41 - Overriding database path with different value: C:\Users\Genar\.stmcufinder\plugins\mcufinder/ => C:\Users\Genar\.stmcufinder\plugins\mcufinder
2024-11-01 13:03:53,917 [INFO] DbMcusAds:125 - Set database path to: C:\Users\Genar\.stmcufinder\plugins\mcufinder//mcu/
2024-11-01 13:03:53,917 [WARN] DbFile:41 - Overriding database path with different value: C:\Users\Genar\.stmcufinder\plugins\mcufinder/ => C:\Users\Genar\.stmcufinder\plugins\mcufinder
2024-11-01 13:03:53,917 [WARN] DbFile:41 - Overriding database path with different value: C:\Users\Genar\.stmcufinder\plugins\mcufinder/ => C:\Users\Genar\.stmcufinder\plugins\mcufinder
2024-11-01 13:03:53,917 [INFO] CrossReferenceDbSqlite:203 - Set database path to: C:\Users\Genar\.stmcufinder\plugins\mcufinder//mcu/cs/
2024-11-01 13:03:54,030 [INFO] MainPanel:268 - HeapMemory: 268435456
2024-11-01 13:03:54,183 [INFO] DbMcusXml:78 - Set database path to: C:\ST\STM32CubeIDE_1.16.1\STM32CubeIDE\plugins\com.st.stm32cube.common.mx_6.12.1.202409122256\\db\/mcu/
2024-11-01 13:03:54,183 [INFO] ApiDb:274 - Set plugin database path to: C:\ST\STM32CubeIDE_1.16.1\STM32CubeIDE\plugins\com.st.stm32cube.common.mx_6.12.1.202409122256\\db\/plugins/boardmanager/
2024-11-01 13:03:54,183 [INFO] ApiDb:261 - Set plugin images path to: C:\ST\STM32CubeIDE_1.16.1\STM32CubeIDE\plugins\com.st.stm32cube.common.mx_6.12.1.202409122256\\db\/plugins/mcufinder/images/
2024-11-01 13:03:54,183 [WARN] DbFile:41 - Overriding database path with different value: C:\Users\Genar\.stmcufinder\plugins\mcufinder/ => C:\Users\Genar\.stmcufinder\plugins\mcufinder
2024-11-01 13:03:54,183 [INFO] ApiDb:250 - Set database path to: C:\Users\Genar\.stmcufinder\plugins\mcufinder//mcu/
2024-11-01 13:03:54,183 [WARN] DbFile:41 - Overriding database path with different value: C:\Users\Genar\.stmcufinder\plugins\mcufinder/ => C:\Users\Genar\.stmcufinder\plugins\mcufinder
2024-11-01 13:03:54,183 [INFO] DbMcusAds:125 - Set database path to: C:\Users\Genar\.stmcufinder\plugins\mcufinder//mcu/
2024-11-01 13:03:54,183 [WARN] DbFile:41 - Overriding database path with different value: C:\Users\Genar\.stmcufinder\plugins\mcufinder/ => C:\Users\Genar\.stmcufinder\plugins\mcufinder
2024-11-01 13:03:54,183 [WARN] DbFile:41 - Overriding database path with different value: C:\Users\Genar\.stmcufinder\plugins\mcufinder/ => C:\Users\Genar\.stmcufinder\plugins\mcufinder
2024-11-01 13:03:54,183 [INFO] CrossReferenceDbSqlite:203 - Set database path to: C:\Users\Genar\.stmcufinder\plugins\mcufinder//mcu/cs/
2024-11-01 13:03:54,202 [INFO] ApplicationProperties:184 - Using Application install path: C:\ST\STM32CubeIDE_1.16.1\STM32CubeIDE\plugins\com.st.stm32cube.common.mx_6.12.1.202409122256
2024-11-01 13:03:54,203 [INFO] PluginManage:196 - Search for loadable plugins [exclusion list=, ]
2024-11-01 13:03:54,205 [INFO] PluginManage:310 - Check plugin analytics
2024-11-01 13:03:54,459 [INFO] AnalyticsPlugin:253 - Accepted Software Licenses: 
2024-11-01 13:03:54,460 [INFO] AnalyticsPlugin:255 - Accepted CMSIS Pack Licenses: 
2024-11-01 13:03:54,460 [INFO] AnalyticsPlugin:257 - Accepted Firmware Licenses: 
2024-11-01 13:03:54,465 [INFO] PluginManage:359 - Loaded plugin analytics (category:tool,tabindex:-1)
2024-11-01 13:03:54,465 [INFO] PluginManage:310 - Check plugin cadmodel
2024-11-01 13:03:54,483 [INFO] CADModel:105 - Init CAD model plugin
2024-11-01 13:03:54,483 [INFO] PluginManage:359 - Loaded plugin cadmodel (category:power,tabindex:5)
2024-11-01 13:03:54,483 [INFO] PluginManage:310 - Check plugin clock
2024-11-01 13:03:54,503 [INFO] PluginManage:359 - Loaded plugin clock (category:base,tabindex:2)
2024-11-01 13:03:54,503 [INFO] PluginManage:310 - Check plugin ddr
2024-11-01 13:03:54,506 [INFO] PluginManage:359 - Loaded plugin ddr (category:tool,tabindex:6)
2024-11-01 13:03:54,506 [INFO] PluginManage:310 - Check plugin filemanager
2024-11-01 13:03:54,648 [INFO] PluginManage:359 - Loaded plugin filemanager (category:base,tabindex:10)
2024-11-01 13:03:54,648 [INFO] PluginManage:310 - Check plugin ipmanager
2024-11-01 13:03:54,654 [INFO] PluginManage:359 - Loaded plugin ipmanager (category:base,tabindex:5)
2024-11-01 13:03:54,655 [INFO] PluginManage:310 - Check plugin lpbam
2024-11-01 13:03:54,671 [INFO] PluginManage:359 - Loaded plugin lpbam (category:base,tabindex:0)
2024-11-01 13:03:54,671 [INFO] PluginManage:310 - Check plugin memorymap
2024-11-01 13:03:54,697 [INFO] PluginManage:359 - Loaded plugin memorymap (category:base,tabindex:4)
2024-11-01 13:03:54,697 [INFO] PluginManage:310 - Check plugin pinoutandconfiguration
2024-11-01 13:03:54,713 [INFO] PluginManage:359 - Loaded plugin pinoutandconfiguration (category:base,tabindex:1)
2024-11-01 13:03:54,713 [INFO] PluginManage:310 - Check plugin pinoutconfig
2024-11-01 13:03:54,812 [WARN] SupportedApi:132 - Cannot load RTOS API schema: s4s-elt-must-match.1: The content of 'definitions' must match (annotation?, (simpleType | complexType)?, (unique | key | keyref)*)). A problem was found starting at: attribute.
2024-11-01 13:03:54,999 [INFO] PluginManage:359 - Loaded plugin pinoutconfig (category:base,tabindex:0)
2024-11-01 13:03:54,999 [INFO] PluginManage:310 - Check plugin power
2024-11-01 13:03:55,020 [INFO] PluginManage:359 - Loaded plugin power (category:power,tabindex:4)
2024-11-01 13:03:55,020 [INFO] PluginManage:310 - Check plugin projectmanager
2024-11-01 13:03:55,042 [INFO] PluginManage:359 - Loaded plugin projectmanager (category:projectmanager,tabindex:4)
2024-11-01 13:03:55,042 [INFO] PluginManage:310 - Check plugin rif
2024-11-01 13:03:55,056 [INFO] PluginManage:359 - Loaded plugin rif (category:base,tabindex:3)
2024-11-01 13:03:55,056 [INFO] PluginManage:310 - Check plugin thirdparty
2024-11-01 13:03:55,316 [INFO] PluginManage:359 - Loaded plugin thirdparty (category:base,tabindex:-1)
2024-11-01 13:03:55,316 [INFO] PluginManage:310 - Check plugin tools
2024-11-01 13:03:55,318 [WARN] IntegrityCheckThread:84 - waiting for thirdparty lock release [integrity check]
2024-11-01 13:03:55,318 [INFO] IntegrityCheckThread:86 - entering critical section [integrity check]
2024-11-01 13:03:55,319 [INFO] ThirdPartyUpdaterWithRetryManager:70 - Updater plugin not ready yet. [1/15]
2024-11-01 13:03:55,349 [INFO] PluginManage:359 - Loaded plugin tools (category:base,tabindex:7)
2024-11-01 13:03:55,350 [INFO] PluginManage:310 - Check plugin tutovideos
2024-11-01 13:03:55,540 [INFO] PluginManage:359 - Loaded plugin tutovideos (category:base,tabindex:-1)
2024-11-01 13:03:55,540 [INFO] PluginManage:310 - Check plugin updater
2024-11-01 13:03:55,560 [INFO] PluginManage:359 - Loaded plugin updater (category:base,tabindex:12)
2024-11-01 13:03:55,560 [INFO] PluginManage:310 - Check plugin userauth
2024-11-01 13:03:55,566 [INFO] UserAuth:113 - Init User Auth plugin
2024-11-01 13:03:55,566 [INFO] PluginManage:359 - Loaded plugin userauth (category:base,tabindex:14)
2024-11-01 13:03:55,567 [INFO] PluginManage:283 - PluginManage : Loaded plugins [18]
2024-11-01 13:03:55,814 [INFO] PinOutPanel:1561 - setPackage(No Configuration,No Configuration)
2024-11-01 13:03:55,889 [INFO] CADModel:165 - CPN selected for project level
2024-11-01 13:03:55,889 [INFO] CADModel:114 - Register for checkConnection events
2024-11-01 13:03:55,912 [INFO] IPUIPlugin:80 - create IPUIPlugin
2024-11-01 13:03:55,912 [INFO] PluginManager:220 - loadIPPluginJar : add adc
2024-11-01 13:03:55,940 [INFO] IPUIPlugin:80 - create IPUIPlugin
2024-11-01 13:03:55,940 [INFO] PluginManager:220 - loadIPPluginJar : add aes
2024-11-01 13:03:56,011 [INFO] IPUIPlugin:80 - create IPUIPlugin
2024-11-01 13:03:56,011 [INFO] PluginManager:220 - loadIPPluginJar : add can
2024-11-01 13:03:56,029 [INFO] IPUIPlugin:80 - create IPUIPlugin
2024-11-01 13:03:56,029 [INFO] PluginManager:220 - loadIPPluginJar : add comp
2024-11-01 13:03:56,051 [INFO] IPUIPlugin:80 - create IPUIPlugin
2024-11-01 13:03:56,052 [INFO] PluginManager:220 - loadIPPluginJar : add cryp
2024-11-01 13:03:56,061 [INFO] IPUIPlugin:80 - create IPUIPlugin
2024-11-01 13:03:56,061 [INFO] PluginManager:220 - loadIPPluginJar : add ddr_ctrl_phy
2024-11-01 13:03:56,083 [INFO] IPUIPlugin:80 - create IPUIPlugin
2024-11-01 13:03:56,083 [INFO] PluginManager:220 - loadIPPluginJar : add dfsdm
2024-11-01 13:03:56,095 [INFO] IPUIPlugin:80 - create IPUIPlugin
2024-11-01 13:03:56,095 [INFO] PluginManager:220 - loadIPPluginJar : add dma
2024-11-01 13:03:56,128 [INFO] IPUIPlugin:80 - create IPUIPlugin
2024-11-01 13:03:56,128 [INFO] PluginManager:220 - loadIPPluginJar : add dma3
2024-11-01 13:03:56,182 [INFO] IPUIPlugin:80 - create IPUIPlugin
2024-11-01 13:03:56,183 [INFO] PluginManager:220 - loadIPPluginJar : add extmemmanager
2024-11-01 13:03:56,198 [INFO] IPUIPlugin:80 - create IPUIPlugin
2024-11-01 13:03:56,198 [INFO] PluginManager:220 - loadIPPluginJar : add fatfs
2024-11-01 13:03:56,234 [INFO] IPUIPlugin:80 - create IPUIPlugin
2024-11-01 13:03:56,234 [INFO] PluginManager:220 - loadIPPluginJar : add fmc
2024-11-01 13:03:56,247 [INFO] IPUIPlugin:80 - create IPUIPlugin
2024-11-01 13:03:56,247 [INFO] PluginManager:220 - loadIPPluginJar : add freertos
2024-11-01 13:03:56,263 [INFO] IPUIPlugin:80 - create IPUIPlugin
2024-11-01 13:03:56,263 [INFO] PluginManager:220 - loadIPPluginJar : add genericplugin
2024-11-01 13:03:56,342 [INFO] IPUIPlugin:80 - create IPUIPlugin
2024-11-01 13:03:56,342 [INFO] PluginManager:220 - loadIPPluginJar : add gfxmmu
2024-11-01 13:03:56,568 [INFO] IPUIPlugin:80 - create IPUIPlugin
2024-11-01 13:03:56,569 [INFO] PluginManager:220 - loadIPPluginJar : add gic
2024-11-01 13:03:56,595 [INFO] IPUIPlugin:80 - create IPUIPlugin
2024-11-01 13:03:56,595 [INFO] PluginManager:220 - loadIPPluginJar : add gpio
2024-11-01 13:03:56,713 [INFO] IPUIPlugin:80 - create IPUIPlugin
2024-11-01 13:03:56,713 [INFO] PluginManager:220 - loadIPPluginJar : add gtzc
2024-11-01 13:03:56,779 [INFO] IPUIPlugin:80 - create IPUIPlugin
2024-11-01 13:03:56,779 [INFO] PluginManager:220 - loadIPPluginJar : add hash
2024-11-01 13:03:56,872 [INFO] IPUIPlugin:80 - create IPUIPlugin
2024-11-01 13:03:56,872 [INFO] PluginManager:220 - loadIPPluginJar : add i2c
2024-11-01 13:03:56,901 [INFO] IPUIPlugin:80 - create IPUIPlugin
2024-11-01 13:03:56,902 [INFO] PluginManager:220 - loadIPPluginJar : add i2s
2024-11-01 13:03:56,931 [INFO] IPUIPlugin:80 - create IPUIPlugin
2024-11-01 13:03:56,932 [INFO] PluginManager:220 - loadIPPluginJar : add i3c
2024-11-01 13:03:57,054 [INFO] IPUIPlugin:80 - create IPUIPlugin
2024-11-01 13:03:57,055 [INFO] PluginManager:220 - loadIPPluginJar : add ipddr
2024-11-01 13:03:57,160 [INFO] IPUIPlugin:80 - create IPUIPlugin
2024-11-01 13:03:57,161 [INFO] PluginManager:220 - loadIPPluginJar : add linkedlist
2024-11-01 13:03:57,187 [INFO] IPUIPlugin:80 - create IPUIPlugin
2024-11-01 13:03:57,187 [INFO] PluginManager:220 - loadIPPluginJar : add lorawan
2024-11-01 13:03:57,214 [INFO] IPUIPlugin:80 - create IPUIPlugin
2024-11-01 13:03:57,214 [INFO] PluginManager:220 - loadIPPluginJar : add ltdc
2024-11-01 13:03:57,232 [INFO] IPUIPlugin:80 - create IPUIPlugin
2024-11-01 13:03:57,232 [INFO] PluginManager:220 - loadIPPluginJar : add mdma
2024-11-01 13:03:57,241 [INFO] IPUIPlugin:80 - create IPUIPlugin
2024-11-01 13:03:57,241 [INFO] PluginManager:220 - loadIPPluginJar : add nvic
2024-11-01 13:03:57,267 [INFO] IPUIPlugin:80 - create IPUIPlugin
2024-11-01 13:03:57,267 [INFO] PluginManager:220 - loadIPPluginJar : add opamp
2024-11-01 13:03:57,370 [INFO] IPUIPlugin:80 - create IPUIPlugin
2024-11-01 13:03:57,370 [INFO] PluginManager:220 - loadIPPluginJar : add openamp
2024-11-01 13:03:57,446 [INFO] IPUIPlugin:80 - create IPUIPlugin
2024-11-01 13:03:57,446 [INFO] PluginManager:220 - loadIPPluginJar : add pdm2pcm
2024-11-01 13:03:57,457 [INFO] IPUIPlugin:80 - create IPUIPlugin
2024-11-01 13:03:57,459 [INFO] PluginManager:220 - loadIPPluginJar : add plateformsettings
2024-11-01 13:03:57,475 [INFO] IPUIPlugin:80 - create IPUIPlugin
2024-11-01 13:03:57,476 [INFO] PluginManager:220 - loadIPPluginJar : add quadspi
2024-11-01 13:03:57,493 [INFO] IPUIPlugin:80 - create IPUIPlugin
2024-11-01 13:03:57,493 [INFO] PluginManager:220 - loadIPPluginJar : add radio
2024-11-01 13:03:57,503 [INFO] IPUIPlugin:80 - create IPUIPlugin
2024-11-01 13:03:57,503 [INFO] PluginManager:220 - loadIPPluginJar : add resmgrutility
2024-11-01 13:03:57,535 [INFO] IPUIPlugin:80 - create IPUIPlugin
2024-11-01 13:03:57,535 [INFO] PluginManager:220 - loadIPPluginJar : add sai
2024-11-01 13:03:57,562 [INFO] IPUIPlugin:80 - create IPUIPlugin
2024-11-01 13:03:57,562 [INFO] PluginManager:220 - loadIPPluginJar : add spi
2024-11-01 13:03:57,613 [INFO] IPUIPlugin:80 - create IPUIPlugin
2024-11-01 13:03:57,613 [INFO] PluginManager:220 - loadIPPluginJar : add stm32_wpan
2024-11-01 13:03:57,656 [INFO] IPUIPlugin:80 - create IPUIPlugin
2024-11-01 13:03:57,656 [INFO] PluginManager:220 - loadIPPluginJar : add tim
2024-11-01 13:03:57,719 [INFO] IPUIPlugin:80 - create IPUIPlugin
2024-11-01 13:03:57,720 [INFO] PluginManager:220 - loadIPPluginJar : add touchsensing
2024-11-01 13:03:57,745 [INFO] IPUIPlugin:80 - create IPUIPlugin
2024-11-01 13:03:57,746 [INFO] PluginManager:220 - loadIPPluginJar : add tracer_emb
2024-11-01 13:03:57,776 [INFO] IPUIPlugin:80 - create IPUIPlugin
2024-11-01 13:03:57,776 [INFO] PluginManager:220 - loadIPPluginJar : add ts
2024-11-01 13:03:57,808 [INFO] IPUIPlugin:80 - create IPUIPlugin
2024-11-01 13:03:57,808 [INFO] PluginManager:220 - loadIPPluginJar : add tsc
2024-11-01 13:03:57,841 [INFO] IPUIPlugin:80 - create IPUIPlugin
2024-11-01 13:03:57,841 [INFO] PluginManager:220 - loadIPPluginJar : add ucpd
2024-11-01 13:03:57,895 [INFO] IPUIPlugin:80 - create IPUIPlugin
2024-11-01 13:03:57,895 [INFO] PluginManager:220 - loadIPPluginJar : add usart
2024-11-01 13:03:57,945 [INFO] IPUIPlugin:80 - create IPUIPlugin
2024-11-01 13:03:57,945 [INFO] PluginManager:220 - loadIPPluginJar : add usbx
2024-11-01 13:03:58,069 [INFO] CADModel:165 - CPN selected for project level
2024-11-01 13:03:58,069 [INFO] CADModel:114 - Register for checkConnection events
2024-11-01 13:03:58,070 [FATAL] Updater:334 - Updater called before beeing initialized
2024-11-01 13:03:58,070 [ERROR] CADModel:125 - Updater not yet initialized, retry later 
2024-11-01 13:03:58,229 [INFO] CADModel:165 - CPN selected for project level
2024-11-01 13:03:58,229 [INFO] CADModel:114 - Register for checkConnection events
2024-11-01 13:03:58,229 [FATAL] Updater:334 - Updater called before beeing initialized
2024-11-01 13:03:58,229 [ERROR] CADModel:125 - Updater not yet initialized, retry later 
2024-11-01 13:03:58,232 [FATAL] Updater:334 - Updater called before beeing initialized
2024-11-01 13:03:58,320 [INFO] ThirdPartyUpdaterWithRetryManager:70 - Updater plugin not ready yet. [2/15]
2024-11-01 13:03:58,342 [FATAL] Updater:334 - Updater called before beeing initialized
2024-11-01 13:03:58,353 [INFO] DbMcusAds:53 - JSON generation date=Fri Sep 20 07:04:38 CST 2024 (1726837478367)
2024-11-01 13:03:58,353 [FATAL] Updater:334 - Updater called before beeing initialized
2024-11-01 13:03:58,421 [WARN] DetailPanel:346 - Failed to get advertising image, set to default
2024-11-01 13:03:58,520 [FATAL] Updater:334 - Updater called before beeing initialized
2024-11-01 13:03:58,522 [FATAL] Updater:334 - Updater called before beeing initialized
2024-11-01 13:03:58,522 [FATAL] Updater:334 - Updater called before beeing initialized
2024-11-01 13:03:58,522 [WARN] DetailPanel:346 - Failed to get advertising image, set to default
2024-11-01 13:03:58,523 [FATAL] Updater:334 - Updater called before beeing initialized
2024-11-01 13:03:58,612 [ERROR] Updater:1164 - MainUpdater not yet initialized. External WinMGr cannot be set.
2024-11-01 13:03:58,625 [INFO] Updater:1100 - Updater Version found : 6.12.1
2024-11-01 13:03:58,660 [INFO] ApplicationProperties:184 - Using Application install path: C:\ST\STM32CubeIDE_1.16.1\STM32CubeIDE\plugins\com.st.stm32cube.common.mx_6.12.1.202409122256
2024-11-01 13:03:59,199 [INFO] MainUpdater:2873 - connection check result : 10
2024-11-01 13:03:59,199 [INFO] MainUpdater:290 - Updater Check For Update Now.
2024-11-01 13:03:59,200 [INFO] MicroXplorer:498 - Change Database Version : DB.6.0.121
2024-11-01 13:03:59,221 [INFO] McuFinderGlobals:63 - Set McuFinder mode to 2 (CubeIDE integrated)
2024-11-01 13:03:59,235 [INFO] UserAuth:417 - Internet connection configuration mode: 1
2024-11-01 13:03:59,309 [INFO] JxBrowserEngine:152 - Initiate JxBrowser Engine with user profile folder
2024-11-01 13:03:59,500 [INFO] CheckServerUpdateThread:120 - End of CheckServer Thread
2024-11-01 13:04:01,462 [WARN] PackLoader:240 - Cannot read IP mode file for STMicroelectronics.FP-SNS-MOTENVWB1.1.4.0
2024-11-01 13:04:01,479 [WARN] PackLoader:240 - Cannot read IP mode file for STMicroelectronics.FP-SNS-FLIGHT1.5.0.2
2024-11-01 13:04:01,502 [WARN] PackLoader:240 - Cannot read IP mode file for STMicroelectronics.X-CUBE-DISPLAY.3.0.0
2024-11-01 13:04:01,527 [WARN] PackLoader:240 - Cannot read IP mode file for STMicroelectronics.X-CUBE-BLE1.7.0.0
2024-11-01 13:04:01,561 [WARN] PackLoader:240 - Cannot read IP mode file for STMicroelectronics.X-CUBE-BLEMGR.3.1.0
2024-11-01 13:04:01,581 [WARN] PackLoader:240 - Cannot read IP mode file for STMicroelectronics.FP-SNS-SMARTAG2.1.2.0
2024-11-01 13:04:01,598 [WARN] PackLoader:240 - Cannot read IP mode file for STMicroelectronics.FP-SNS-MOTENV1.5.0.0
2024-11-01 13:04:01,615 [WARN] PackLoader:240 - Cannot read IP mode file for STMicroelectronics.X-CUBE-BLE2.3.3.0
2024-11-01 13:04:01,626 [WARN] PackLoader:240 - Cannot read IP mode file for STMicroelectronics.FP-ATR-SIGFOX1.3.2.0
2024-11-01 13:04:01,639 [WARN] PackLoader:240 - Cannot read IP mode file for STMicroelectronics.X-CUBE-AI.9.1.0
2024-11-01 13:04:01,653 [WARN] PackLoader:240 - Cannot read IP mode file for STMicroelectronics.X-CUBE-DPower.1.2.0
2024-11-01 13:04:01,669 [WARN] PackLoader:240 - Cannot read IP mode file for STMicroelectronics.FP-SNS-STBOX1.2.0.0
2024-11-01 13:04:01,682 [WARN] PackLoader:240 - Cannot read IP mode file for STMicroelectronics.X-CUBE-ALS.1.0.2
2024-11-01 13:04:01,694 [WARN] PackLoader:240 - Cannot read IP mode file for STMicroelectronics.FP-ATR-ASTRA1.2.0.0
2024-11-01 13:04:01,695 [INFO] ThirdParty:978 - Integrity check success = true
2024-11-01 13:04:01,695 [INFO] IntegrityCheckThread:100 - exiting critical section [integrity check]
2024-11-01 13:04:01,695 [INFO] IntegrityCheckThread:103 - End integrity checks thread
2024-11-01 13:04:04,266 [INFO] WebApp:167 - Instantiating new browser for Auth
2024-11-01 13:04:05,232 [INFO] WebApp:448 - Apply proxy settings
2024-11-01 13:04:05,233 [INFO] WebApp:533 - Chromium requires no authentication
2024-11-01 13:04:05,245 [INFO] WebApp:476 - Direct internet connection detected
2024-11-01 13:04:05,277 [INFO] WebApp:869 - Register for checkConnection events
2024-11-01 13:04:05,277 [INFO] WebApp:448 - Apply proxy settings
2024-11-01 13:04:05,278 [INFO] WebApp:533 - Chromium requires no authentication
2024-11-01 13:04:05,279 [INFO] WebApp:476 - Direct internet connection detected
2024-11-01 13:04:05,460 [INFO] WebApp:220 - Starting web application
2024-11-01 13:04:05,460 [INFO] WebApp:578 - Web application path used C:\ST\STM32CubeIDE_1.16.1\STM32CubeIDE\plugins\com.st.stm32cube.common.mx_6.12.1.202409122256\db\plugins\mcufinder\reactClient1\index.html
2024-11-01 13:04:05,661 [INFO] UserAuth:417 - Internet connection configuration mode: 1
2024-11-01 13:04:05,729 [INFO] WebApp:186 - Connection restablished
2024-11-01 13:05:09,516 [ERROR] LogOutputStream:75 - [STDERR_REDIRECT] 
