2024-12-01 16:15:04,574 [INFO] Activator:176 - 


2024-12-01 16:15:04,580 [INFO] Activator:177 - !SESSION log4j initialized
2024-12-01 16:15:14,249 [INFO] LogOutputStream:77 - [STDOUT_REDIRECT] 
2024-12-01 16:15:23,875 [INFO] ApplicationProperties:184 - Using Application install path: C:\ST\STM32CubeIDE_1.16.1\STM32CubeIDE\plugins\com.st.stm32cube.common.mx_6.12.1.202409122256
2024-12-01 16:15:23,893 [INFO] DbMcusXml:78 - Set database path to: C:\ST\STM32CubeIDE_1.16.1\STM32CubeIDE\plugins\com.st.stm32cube.common.mx_6.12.1.202409122256\\db\/mcu/
2024-12-01 16:15:23,894 [INFO] ApiDb:274 - Set plugin database path to: C:\ST\STM32CubeIDE_1.16.1\STM32CubeIDE\plugins\com.st.stm32cube.common.mx_6.12.1.202409122256\\db\/plugins/boardmanager/
2024-12-01 16:15:23,894 [WARN] ApiDb:259 - Overriding images path with different value:  => C:\ST\STM32CubeIDE_1.16.1\STM32CubeIDE\plugins\com.st.stm32cube.common.mx_6.12.1.202409122256\\db\/plugins/mcufinder/images/
2024-12-01 16:15:23,948 [INFO] ApiDb:250 - Set database path to: C:\Users\Genar\.stmcufinder\plugins\mcufinder//mcu/
2024-12-01 16:15:23,950 [INFO] DbMcusAds:125 - Set database path to: C:\Users\Genar\.stmcufinder\plugins\mcufinder//mcu/
2024-12-01 16:15:23,953 [INFO] CrossReferenceDbSqlite:203 - Set database path to: C:\Users\Genar\.stmcufinder\plugins\mcufinder//mcu/cs/
2024-12-01 16:15:24,088 [INFO] RulesReader:64 - Compatibility file has been processed (297 Rules)
2024-12-01 16:15:24,197 [INFO] DbMcusXml:78 - Set database path to: C:\ST\STM32CubeIDE_1.16.1\STM32CubeIDE\plugins\com.st.stm32cube.common.mx_6.12.1.202409122256\\db\/mcu/
2024-12-01 16:15:24,197 [INFO] ApiDb:274 - Set plugin database path to: C:\ST\STM32CubeIDE_1.16.1\STM32CubeIDE\plugins\com.st.stm32cube.common.mx_6.12.1.202409122256\\db\/plugins/boardmanager/
2024-12-01 16:15:24,197 [INFO] ApiDb:261 - Set plugin images path to: C:\ST\STM32CubeIDE_1.16.1\STM32CubeIDE\plugins\com.st.stm32cube.common.mx_6.12.1.202409122256\\db\/plugins/mcufinder/images/
2024-12-01 16:15:24,197 [WARN] DbFile:41 - Overriding database path with different value: C:\Users\Genar\.stmcufinder\plugins\mcufinder/ => C:\Users\Genar\.stmcufinder\plugins\mcufinder
2024-12-01 16:15:24,198 [INFO] ApiDb:250 - Set database path to: C:\Users\Genar\.stmcufinder\plugins\mcufinder//mcu/
2024-12-01 16:15:24,198 [WARN] DbFile:41 - Overriding database path with different value: C:\Users\Genar\.stmcufinder\plugins\mcufinder/ => C:\Users\Genar\.stmcufinder\plugins\mcufinder
2024-12-01 16:15:24,198 [INFO] DbMcusAds:125 - Set database path to: C:\Users\Genar\.stmcufinder\plugins\mcufinder//mcu/
2024-12-01 16:15:24,198 [WARN] DbFile:41 - Overriding database path with different value: C:\Users\Genar\.stmcufinder\plugins\mcufinder/ => C:\Users\Genar\.stmcufinder\plugins\mcufinder
2024-12-01 16:15:24,198 [WARN] DbFile:41 - Overriding database path with different value: C:\Users\Genar\.stmcufinder\plugins\mcufinder/ => C:\Users\Genar\.stmcufinder\plugins\mcufinder
2024-12-01 16:15:24,198 [INFO] CrossReferenceDbSqlite:203 - Set database path to: C:\Users\Genar\.stmcufinder\plugins\mcufinder//mcu/cs/
2024-12-01 16:15:24,314 [INFO] MainPanel:268 - HeapMemory: 268435456
2024-12-01 16:15:24,501 [INFO] DbMcusXml:78 - Set database path to: C:\ST\STM32CubeIDE_1.16.1\STM32CubeIDE\plugins\com.st.stm32cube.common.mx_6.12.1.202409122256\\db\/mcu/
2024-12-01 16:15:24,501 [INFO] ApiDb:274 - Set plugin database path to: C:\ST\STM32CubeIDE_1.16.1\STM32CubeIDE\plugins\com.st.stm32cube.common.mx_6.12.1.202409122256\\db\/plugins/boardmanager/
2024-12-01 16:15:24,501 [INFO] ApiDb:261 - Set plugin images path to: C:\ST\STM32CubeIDE_1.16.1\STM32CubeIDE\plugins\com.st.stm32cube.common.mx_6.12.1.202409122256\\db\/plugins/mcufinder/images/
2024-12-01 16:15:24,501 [WARN] DbFile:41 - Overriding database path with different value: C:\Users\Genar\.stmcufinder\plugins\mcufinder/ => C:\Users\Genar\.stmcufinder\plugins\mcufinder
2024-12-01 16:15:24,501 [INFO] ApiDb:250 - Set database path to: C:\Users\Genar\.stmcufinder\plugins\mcufinder//mcu/
2024-12-01 16:15:24,502 [WARN] DbFile:41 - Overriding database path with different value: C:\Users\Genar\.stmcufinder\plugins\mcufinder/ => C:\Users\Genar\.stmcufinder\plugins\mcufinder
2024-12-01 16:15:24,502 [INFO] DbMcusAds:125 - Set database path to: C:\Users\Genar\.stmcufinder\plugins\mcufinder//mcu/
2024-12-01 16:15:24,502 [WARN] DbFile:41 - Overriding database path with different value: C:\Users\Genar\.stmcufinder\plugins\mcufinder/ => C:\Users\Genar\.stmcufinder\plugins\mcufinder
2024-12-01 16:15:24,502 [WARN] DbFile:41 - Overriding database path with different value: C:\Users\Genar\.stmcufinder\plugins\mcufinder/ => C:\Users\Genar\.stmcufinder\plugins\mcufinder
2024-12-01 16:15:24,502 [INFO] CrossReferenceDbSqlite:203 - Set database path to: C:\Users\Genar\.stmcufinder\plugins\mcufinder//mcu/cs/
2024-12-01 16:15:24,528 [INFO] ApplicationProperties:184 - Using Application install path: C:\ST\STM32CubeIDE_1.16.1\STM32CubeIDE\plugins\com.st.stm32cube.common.mx_6.12.1.202409122256
2024-12-01 16:15:24,531 [INFO] PluginManage:196 - Search for loadable plugins [exclusion list=, ]
2024-12-01 16:15:24,533 [INFO] PluginManage:310 - Check plugin analytics
2024-12-01 16:15:24,883 [INFO] AnalyticsPlugin:253 - Accepted Software Licenses: 
2024-12-01 16:15:24,884 [INFO] AnalyticsPlugin:255 - Accepted CMSIS Pack Licenses: 
2024-12-01 16:15:24,884 [INFO] AnalyticsPlugin:257 - Accepted Firmware Licenses: 
2024-12-01 16:15:24,892 [INFO] PluginManage:359 - Loaded plugin analytics (category:tool,tabindex:-1)
2024-12-01 16:15:24,894 [INFO] PluginManage:310 - Check plugin cadmodel
2024-12-01 16:15:24,920 [INFO] CADModel:105 - Init CAD model plugin
2024-12-01 16:15:24,922 [INFO] PluginManage:359 - Loaded plugin cadmodel (category:power,tabindex:5)
2024-12-01 16:15:24,922 [INFO] PluginManage:310 - Check plugin clock
2024-12-01 16:15:24,959 [INFO] PluginManage:359 - Loaded plugin clock (category:base,tabindex:2)
2024-12-01 16:15:24,959 [INFO] PluginManage:310 - Check plugin ddr
2024-12-01 16:15:24,981 [INFO] PluginManage:359 - Loaded plugin ddr (category:tool,tabindex:6)
2024-12-01 16:15:24,982 [INFO] PluginManage:310 - Check plugin filemanager
2024-12-01 16:15:25,219 [INFO] PluginManage:359 - Loaded plugin filemanager (category:base,tabindex:10)
2024-12-01 16:15:25,219 [INFO] PluginManage:310 - Check plugin ipmanager
2024-12-01 16:15:25,228 [INFO] PluginManage:359 - Loaded plugin ipmanager (category:base,tabindex:5)
2024-12-01 16:15:25,229 [INFO] PluginManage:310 - Check plugin lpbam
2024-12-01 16:15:25,252 [INFO] PluginManage:359 - Loaded plugin lpbam (category:base,tabindex:0)
2024-12-01 16:15:25,252 [INFO] PluginManage:310 - Check plugin memorymap
2024-12-01 16:15:25,302 [INFO] PluginManage:359 - Loaded plugin memorymap (category:base,tabindex:4)
2024-12-01 16:15:25,303 [INFO] PluginManage:310 - Check plugin pinoutandconfiguration
2024-12-01 16:15:25,330 [INFO] PluginManage:359 - Loaded plugin pinoutandconfiguration (category:base,tabindex:1)
2024-12-01 16:15:25,331 [INFO] PluginManage:310 - Check plugin pinoutconfig
2024-12-01 16:15:25,514 [WARN] SupportedApi:132 - Cannot load RTOS API schema: s4s-elt-must-match.1: The content of 'definitions' must match (annotation?, (simpleType | complexType)?, (unique | key | keyref)*)). A problem was found starting at: attribute.
2024-12-01 16:15:25,855 [INFO] PluginManage:359 - Loaded plugin pinoutconfig (category:base,tabindex:0)
2024-12-01 16:15:25,856 [INFO] PluginManage:310 - Check plugin power
2024-12-01 16:15:25,899 [INFO] PluginManage:359 - Loaded plugin power (category:power,tabindex:4)
2024-12-01 16:15:25,900 [INFO] PluginManage:310 - Check plugin projectmanager
2024-12-01 16:15:25,929 [INFO] PluginManage:359 - Loaded plugin projectmanager (category:projectmanager,tabindex:4)
2024-12-01 16:15:25,930 [INFO] PluginManage:310 - Check plugin rif
2024-12-01 16:15:25,958 [INFO] PluginManage:359 - Loaded plugin rif (category:base,tabindex:3)
2024-12-01 16:15:25,958 [INFO] PluginManage:310 - Check plugin thirdparty
2024-12-01 16:15:26,601 [INFO] PluginManage:359 - Loaded plugin thirdparty (category:base,tabindex:-1)
2024-12-01 16:15:26,601 [WARN] IntegrityCheckThread:84 - waiting for thirdparty lock release [integrity check]
2024-12-01 16:15:26,602 [INFO] PluginManage:310 - Check plugin tools
2024-12-01 16:15:26,602 [INFO] IntegrityCheckThread:86 - entering critical section [integrity check]
2024-12-01 16:15:26,603 [INFO] ThirdPartyUpdaterWithRetryManager:70 - Updater plugin not ready yet. [1/15]
2024-12-01 16:15:26,705 [INFO] PluginManage:359 - Loaded plugin tools (category:base,tabindex:7)
2024-12-01 16:15:26,705 [INFO] PluginManage:310 - Check plugin tutovideos
2024-12-01 16:15:27,178 [INFO] PluginManage:359 - Loaded plugin tutovideos (category:base,tabindex:-1)
2024-12-01 16:15:27,178 [INFO] PluginManage:310 - Check plugin updater
2024-12-01 16:15:27,218 [INFO] PluginManage:359 - Loaded plugin updater (category:base,tabindex:12)
2024-12-01 16:15:27,218 [INFO] PluginManage:310 - Check plugin userauth
2024-12-01 16:15:27,229 [INFO] UserAuth:113 - Init User Auth plugin
2024-12-01 16:15:27,229 [INFO] PluginManage:359 - Loaded plugin userauth (category:base,tabindex:14)
2024-12-01 16:15:27,232 [INFO] PluginManage:283 - PluginManage : Loaded plugins [18]
2024-12-01 16:15:27,781 [INFO] PinOutPanel:1561 - setPackage(No Configuration,No Configuration)
2024-12-01 16:15:27,991 [INFO] CADModel:165 - CPN selected for project level
2024-12-01 16:15:27,991 [INFO] CADModel:114 - Register for checkConnection events
2024-12-01 16:15:28,042 [INFO] IPUIPlugin:80 - create IPUIPlugin
2024-12-01 16:15:28,043 [INFO] PluginManager:220 - loadIPPluginJar : add adc
2024-12-01 16:15:28,111 [INFO] IPUIPlugin:80 - create IPUIPlugin
2024-12-01 16:15:28,111 [INFO] PluginManager:220 - loadIPPluginJar : add aes
2024-12-01 16:15:28,223 [INFO] IPUIPlugin:80 - create IPUIPlugin
2024-12-01 16:15:28,223 [INFO] PluginManager:220 - loadIPPluginJar : add can
2024-12-01 16:15:28,273 [INFO] IPUIPlugin:80 - create IPUIPlugin
2024-12-01 16:15:28,273 [INFO] PluginManager:220 - loadIPPluginJar : add comp
2024-12-01 16:15:28,380 [INFO] IPUIPlugin:80 - create IPUIPlugin
2024-12-01 16:15:28,380 [INFO] PluginManager:220 - loadIPPluginJar : add cryp
2024-12-01 16:15:28,411 [INFO] IPUIPlugin:80 - create IPUIPlugin
2024-12-01 16:15:28,411 [INFO] PluginManager:220 - loadIPPluginJar : add ddr_ctrl_phy
2024-12-01 16:15:28,486 [INFO] IPUIPlugin:80 - create IPUIPlugin
2024-12-01 16:15:28,486 [INFO] PluginManager:220 - loadIPPluginJar : add dfsdm
2024-12-01 16:15:28,512 [INFO] IPUIPlugin:80 - create IPUIPlugin
2024-12-01 16:15:28,513 [INFO] PluginManager:220 - loadIPPluginJar : add dma
2024-12-01 16:15:28,614 [INFO] IPUIPlugin:80 - create IPUIPlugin
2024-12-01 16:15:28,614 [INFO] PluginManager:220 - loadIPPluginJar : add dma3
2024-12-01 16:15:28,889 [INFO] IPUIPlugin:80 - create IPUIPlugin
2024-12-01 16:15:28,889 [INFO] PluginManager:220 - loadIPPluginJar : add extmemmanager
2024-12-01 16:15:28,931 [INFO] IPUIPlugin:80 - create IPUIPlugin
2024-12-01 16:15:28,932 [INFO] PluginManager:220 - loadIPPluginJar : add fatfs
2024-12-01 16:15:29,171 [INFO] IPUIPlugin:80 - create IPUIPlugin
2024-12-01 16:15:29,171 [INFO] PluginManager:220 - loadIPPluginJar : add fmc
2024-12-01 16:15:29,193 [INFO] IPUIPlugin:80 - create IPUIPlugin
2024-12-01 16:15:29,194 [INFO] PluginManager:220 - loadIPPluginJar : add freertos
2024-12-01 16:15:29,224 [INFO] IPUIPlugin:80 - create IPUIPlugin
2024-12-01 16:15:29,224 [INFO] PluginManager:220 - loadIPPluginJar : add genericplugin
2024-12-01 16:15:29,550 [INFO] IPUIPlugin:80 - create IPUIPlugin
2024-12-01 16:15:29,551 [INFO] PluginManager:220 - loadIPPluginJar : add gfxmmu
2024-12-01 16:15:29,604 [INFO] ThirdPartyUpdaterWithRetryManager:70 - Updater plugin not ready yet. [2/15]
2024-12-01 16:15:30,012 [INFO] IPUIPlugin:80 - create IPUIPlugin
2024-12-01 16:15:30,013 [INFO] PluginManager:220 - loadIPPluginJar : add gic
2024-12-01 16:15:30,044 [INFO] IPUIPlugin:80 - create IPUIPlugin
2024-12-01 16:15:30,044 [INFO] PluginManager:220 - loadIPPluginJar : add gpio
2024-12-01 16:15:30,296 [INFO] IPUIPlugin:80 - create IPUIPlugin
2024-12-01 16:15:30,297 [INFO] PluginManager:220 - loadIPPluginJar : add gtzc
2024-12-01 16:15:30,491 [INFO] IPUIPlugin:80 - create IPUIPlugin
2024-12-01 16:15:30,493 [INFO] PluginManager:220 - loadIPPluginJar : add hash
2024-12-01 16:15:30,648 [INFO] IPUIPlugin:80 - create IPUIPlugin
2024-12-01 16:15:30,648 [INFO] PluginManager:220 - loadIPPluginJar : add i2c
2024-12-01 16:15:30,732 [INFO] IPUIPlugin:80 - create IPUIPlugin
2024-12-01 16:15:30,733 [INFO] PluginManager:220 - loadIPPluginJar : add i2s
2024-12-01 16:15:30,808 [INFO] IPUIPlugin:80 - create IPUIPlugin
2024-12-01 16:15:30,808 [INFO] PluginManager:220 - loadIPPluginJar : add i3c
2024-12-01 16:15:31,073 [INFO] IPUIPlugin:80 - create IPUIPlugin
2024-12-01 16:15:31,073 [INFO] PluginManager:220 - loadIPPluginJar : add ipddr
2024-12-01 16:15:31,264 [INFO] IPUIPlugin:80 - create IPUIPlugin
2024-12-01 16:15:31,265 [INFO] PluginManager:220 - loadIPPluginJar : add linkedlist
2024-12-01 16:15:31,314 [INFO] IPUIPlugin:80 - create IPUIPlugin
2024-12-01 16:15:31,314 [INFO] PluginManager:220 - loadIPPluginJar : add lorawan
2024-12-01 16:15:31,361 [INFO] IPUIPlugin:80 - create IPUIPlugin
2024-12-01 16:15:31,361 [INFO] PluginManager:220 - loadIPPluginJar : add ltdc
2024-12-01 16:15:31,386 [INFO] IPUIPlugin:80 - create IPUIPlugin
2024-12-01 16:15:31,387 [INFO] PluginManager:220 - loadIPPluginJar : add mdma
2024-12-01 16:15:31,402 [INFO] IPUIPlugin:80 - create IPUIPlugin
2024-12-01 16:15:31,402 [INFO] PluginManager:220 - loadIPPluginJar : add nvic
2024-12-01 16:15:31,442 [INFO] IPUIPlugin:80 - create IPUIPlugin
2024-12-01 16:15:31,442 [INFO] PluginManager:220 - loadIPPluginJar : add opamp
2024-12-01 16:15:31,594 [INFO] IPUIPlugin:80 - create IPUIPlugin
2024-12-01 16:15:31,595 [INFO] PluginManager:220 - loadIPPluginJar : add openamp
2024-12-01 16:15:31,759 [INFO] IPUIPlugin:80 - create IPUIPlugin
2024-12-01 16:15:31,759 [INFO] PluginManager:220 - loadIPPluginJar : add pdm2pcm
2024-12-01 16:15:31,777 [INFO] IPUIPlugin:80 - create IPUIPlugin
2024-12-01 16:15:31,779 [INFO] PluginManager:220 - loadIPPluginJar : add plateformsettings
2024-12-01 16:15:31,807 [INFO] IPUIPlugin:80 - create IPUIPlugin
2024-12-01 16:15:31,807 [INFO] PluginManager:220 - loadIPPluginJar : add quadspi
2024-12-01 16:15:31,869 [INFO] IPUIPlugin:80 - create IPUIPlugin
2024-12-01 16:15:31,869 [INFO] PluginManager:220 - loadIPPluginJar : add radio
2024-12-01 16:15:31,898 [INFO] IPUIPlugin:80 - create IPUIPlugin
2024-12-01 16:15:31,898 [INFO] PluginManager:220 - loadIPPluginJar : add resmgrutility
2024-12-01 16:15:32,027 [INFO] IPUIPlugin:80 - create IPUIPlugin
2024-12-01 16:15:32,027 [INFO] PluginManager:220 - loadIPPluginJar : add sai
2024-12-01 16:15:32,088 [INFO] IPUIPlugin:80 - create IPUIPlugin
2024-12-01 16:15:32,088 [INFO] PluginManager:220 - loadIPPluginJar : add spi
2024-12-01 16:15:32,262 [INFO] IPUIPlugin:80 - create IPUIPlugin
2024-12-01 16:15:32,262 [INFO] PluginManager:220 - loadIPPluginJar : add stm32_wpan
2024-12-01 16:15:32,319 [INFO] IPUIPlugin:80 - create IPUIPlugin
2024-12-01 16:15:32,319 [INFO] PluginManager:220 - loadIPPluginJar : add tim
2024-12-01 16:15:32,426 [INFO] IPUIPlugin:80 - create IPUIPlugin
2024-12-01 16:15:32,426 [INFO] PluginManager:220 - loadIPPluginJar : add touchsensing
2024-12-01 16:15:32,574 [INFO] IPUIPlugin:80 - create IPUIPlugin
2024-12-01 16:15:32,574 [INFO] PluginManager:220 - loadIPPluginJar : add tracer_emb
2024-12-01 16:15:32,605 [INFO] ThirdPartyUpdaterWithRetryManager:70 - Updater plugin not ready yet. [3/15]
2024-12-01 16:15:32,629 [INFO] IPUIPlugin:80 - create IPUIPlugin
2024-12-01 16:15:32,629 [INFO] PluginManager:220 - loadIPPluginJar : add ts
2024-12-01 16:15:32,663 [INFO] IPUIPlugin:80 - create IPUIPlugin
2024-12-01 16:15:32,663 [INFO] PluginManager:220 - loadIPPluginJar : add tsc
2024-12-01 16:15:32,717 [INFO] IPUIPlugin:80 - create IPUIPlugin
2024-12-01 16:15:32,717 [INFO] PluginManager:220 - loadIPPluginJar : add ucpd
2024-12-01 16:15:32,916 [INFO] IPUIPlugin:80 - create IPUIPlugin
2024-12-01 16:15:32,916 [INFO] PluginManager:220 - loadIPPluginJar : add usart
2024-12-01 16:15:33,086 [INFO] IPUIPlugin:80 - create IPUIPlugin
2024-12-01 16:15:33,086 [INFO] PluginManager:220 - loadIPPluginJar : add usbx
2024-12-01 16:15:33,243 [INFO] CADModel:165 - CPN selected for project level
2024-12-01 16:15:33,244 [INFO] CADModel:114 - Register for checkConnection events
2024-12-01 16:15:33,244 [FATAL] Updater:334 - Updater called before beeing initialized
2024-12-01 16:15:33,244 [ERROR] CADModel:125 - Updater not yet initialized, retry later 
2024-12-01 16:15:33,448 [INFO] CADModel:165 - CPN selected for project level
2024-12-01 16:15:33,448 [INFO] CADModel:114 - Register for checkConnection events
2024-12-01 16:15:33,449 [FATAL] Updater:334 - Updater called before beeing initialized
2024-12-01 16:15:33,449 [ERROR] CADModel:125 - Updater not yet initialized, retry later 
2024-12-01 16:15:33,452 [FATAL] Updater:334 - Updater called before beeing initialized
2024-12-01 16:15:33,566 [FATAL] Updater:334 - Updater called before beeing initialized
2024-12-01 16:15:33,578 [INFO] DbMcusAds:53 - JSON generation date=Fri Sep 20 07:04:23 CST 2024 (1726837463109)
2024-12-01 16:15:33,578 [FATAL] Updater:334 - Updater called before beeing initialized
2024-12-01 16:15:33,623 [WARN] DetailPanel:346 - Failed to get advertising image, set to default
2024-12-01 16:15:33,730 [FATAL] Updater:334 - Updater called before beeing initialized
2024-12-01 16:15:33,732 [FATAL] Updater:334 - Updater called before beeing initialized
2024-12-01 16:15:33,732 [FATAL] Updater:334 - Updater called before beeing initialized
2024-12-01 16:15:33,732 [WARN] DetailPanel:346 - Failed to get advertising image, set to default
2024-12-01 16:15:33,733 [FATAL] Updater:334 - Updater called before beeing initialized
2024-12-01 16:15:33,838 [ERROR] Updater:1164 - MainUpdater not yet initialized. External WinMGr cannot be set.
2024-12-01 16:15:33,852 [INFO] Updater:1100 - Updater Version found : 6.12.1
2024-12-01 16:15:33,877 [INFO] ApplicationProperties:184 - Using Application install path: C:\ST\STM32CubeIDE_1.16.1\STM32CubeIDE\plugins\com.st.stm32cube.common.mx_6.12.1.202409122256
2024-12-01 16:15:34,660 [INFO] MainUpdater:2873 - connection check result : 10
2024-12-01 16:15:34,661 [INFO] MainUpdater:3567 - Updater definition file requires update
2024-12-01 16:15:34,662 [INFO] MainUpdater:290 - Updater Check For Update Now.
2024-12-01 16:15:34,662 [INFO] MicroXplorer:498 - Change Database Version : DB.6.0.121
2024-12-01 16:15:34,681 [INFO] McuFinderGlobals:63 - Set McuFinder mode to 2 (CubeIDE integrated)
2024-12-01 16:15:34,688 [INFO] UserAuth:417 - Internet connection configuration mode: 1
2024-12-01 16:15:34,721 [INFO] JxBrowserEngine:152 - Initiate JxBrowser Engine with user profile folder
2024-12-01 16:15:34,850 [INFO] ServerAccessManage:473 - Download File updaters.zip
2024-12-01 16:15:35,038 [INFO] FileExtend:240 - Unzip File : updaters.zip
2024-12-01 16:15:35,038 [INFO] FileExtend:255 - Standard Zip Deflate
2024-12-01 16:15:35,606 [WARN] MainUpdater:1194 - Updater busy. Cannot search thirdparties
2024-12-01 16:15:35,606 [INFO] ThirdPartyUpdaterWithRetryManager:96 - Updater plugin is busy. [1/15]
2024-12-01 16:15:36,279 [INFO] ServerAccessManage:473 - Download File PacksControlFlags.xml
2024-12-01 16:15:36,542 [INFO] ServerAccessManage:473 - Download File cubemx.pidx
2024-12-01 16:15:36,717 [INFO] LoadServerUpdatesThread:375 - End of LoadServerUpdate Thread
2024-12-01 16:15:37,074 [INFO] CheckServerUpdateThread:120 - End of CheckServer Thread
2024-12-01 16:15:38,983 [WARN] PackLoader:240 - Cannot read IP mode file for STMicroelectronics.FP-SNS-MOTENVWB1.1.4.0
2024-12-01 16:15:39,016 [WARN] PackLoader:240 - Cannot read IP mode file for STMicroelectronics.FP-ATR-ASTRA1.2.0.1
2024-12-01 16:15:39,039 [WARN] PackLoader:240 - Cannot read IP mode file for STMicroelectronics.X-CUBE-SMBUS.2.1.0
2024-12-01 16:15:39,064 [WARN] PackLoader:240 - Cannot read IP mode file for STMicroelectronics.X-CUBE-WB05N.1.1.0
2024-12-01 16:15:39,134 [WARN] PackLoader:240 - Cannot read IP mode file for STMicroelectronics.X-CUBE-AZRTOS-F7.1.1.0
2024-12-01 16:15:39,236 [WARN] PackLoader:240 - Cannot read IP mode file for STMicroelectronics.X-CUBE-MEMS1.11.0.0
2024-12-01 16:15:39,432 [WARN] PackLoader:240 - Cannot read IP mode file for STMicroelectronics.FP-SNS-FLIGHT1.5.0.2
2024-12-01 16:15:39,456 [WARN] PackLoader:240 - Cannot read IP mode file for STMicroelectronics.X-CUBE-DISPLAY.3.0.0
2024-12-01 16:15:39,480 [WARN] PackLoader:240 - Cannot read IP mode file for STMicroelectronics.X-CUBE-BLE1.7.0.0
2024-12-01 16:15:39,500 [WARN] PackLoader:240 - Cannot read IP mode file for STMicroelectronics.X-CUBE-NFC10.1.0.0
2024-12-01 16:15:39,525 [WARN] PackLoader:240 - Cannot read IP mode file for emotas.I-CUBE-CANOPEN.1.3.0
2024-12-01 16:15:39,552 [WARN] PackLoader:240 - Cannot read IP mode file for STMicroelectronics.X-CUBE-BLEMGR.3.1.0
2024-12-01 16:15:39,577 [WARN] PackLoader:240 - Cannot read IP mode file for STMicroelectronics.FP-SNS-SMARTAG2.1.2.0
2024-12-01 16:15:39,614 [INFO] LogOutputStream:77 - [STDOUT_REDIRECT] 1 : Invalid condition id : UX_CORESTACK_Condition cause : null
2024-12-01 16:15:39,615 [INFO] LogOutputStream:77 - [STDOUT_REDIRECT] 1 : Invalid condition id : UX_CORESTACK_Condition cause : null
2024-12-01 16:15:39,619 [INFO] LogOutputStream:77 - [STDOUT_REDIRECT] 1 : Invalid condition id : UX_CORESTACK_Condition cause : null
2024-12-01 16:15:39,622 [INFO] LogOutputStream:77 - [STDOUT_REDIRECT] 1 : Invalid condition id : UX_CORESTACK_Condition cause : null
2024-12-01 16:15:39,625 [INFO] LogOutputStream:77 - [STDOUT_REDIRECT] 1 : Invalid condition id : UX_CORESTACK_Condition cause : null
2024-12-01 16:15:39,627 [WARN] PackLoader:240 - Cannot read IP mode file for STMicroelectronics.X-CUBE-AZRTOS-WL.2.0.0
2024-12-01 16:15:39,659 [WARN] PackLoader:240 - Cannot read IP mode file for STMicroelectronics.FP-SNS-MOTENV1.5.0.0
2024-12-01 16:15:39,691 [WARN] PackLoader:240 - Cannot read IP mode file for wolfSSL.I-CUBE-wolfMQTT.1.19.0
2024-12-01 16:15:39,717 [WARN] PackLoader:240 - Cannot read IP mode file for WES.I-CUBE-Cesium.1.3.0
2024-12-01 16:15:39,744 [WARN] PackLoader:240 - Cannot read IP mode file for STMicroelectronics.X-CUBE-BLE2.3.3.0
2024-12-01 16:15:39,789 [WARN] PackLoader:240 - Cannot read IP mode file for STMicroelectronics.X-CUBE-NFC9.1.0.0
2024-12-01 16:15:39,832 [WARN] PackLoader:240 - Cannot read IP mode file for STMicroelectronics.X-CUBE-TCPP.4.1.0
2024-12-01 16:15:39,884 [WARN] PackLoader:240 - Cannot read IP mode file for STMicroelectronics.X-CUBE-AZRTOS-G0.1.1.0
2024-12-01 16:15:39,925 [WARN] PackLoader:240 - Cannot read IP mode file for STMicroelectronics.X-CUBE-SAFEA1.1.2.2
2024-12-01 16:15:39,956 [WARN] PackLoader:240 - Cannot read IP mode file for STMicroelectronics.X-CUBE-NFC4.3.0.0
2024-12-01 16:15:39,997 [WARN] PackLoader:240 - Cannot read IP mode file for EmbeddedOffice.I-CUBE-FS-RTOS.1.0.1
2024-12-01 16:15:39,998 [ERROR] ConditionMgr:805 - Attr not supported : Dmpu
2024-12-01 16:15:39,998 [ERROR] ConditionMgr:805 - Attr not supported : Dmpu
2024-12-01 16:15:39,999 [ERROR] ConditionMgr:805 - Attr not supported : Dmpu
2024-12-01 16:15:39,999 [ERROR] ConditionMgr:805 - Attr not supported : Dmpu
2024-12-01 16:15:39,999 [ERROR] ConditionMgr:805 - Attr not supported : Dmpu
2024-12-01 16:15:39,999 [ERROR] ConditionMgr:805 - Attr not supported : Dmpu
2024-12-01 16:15:39,999 [ERROR] ConditionMgr:805 - Attr not supported : Dmpu
2024-12-01 16:15:39,999 [ERROR] ConditionMgr:805 - Attr not supported : Dmpu
2024-12-01 16:15:39,999 [ERROR] ConditionMgr:805 - Attr not supported : Dmpu
2024-12-01 16:15:39,999 [ERROR] ConditionMgr:805 - Attr not supported : Dmpu
2024-12-01 16:15:39,999 [ERROR] ConditionMgr:805 - Attr not supported : Dmpu
2024-12-01 16:15:40,001 [ERROR] ConditionMgr:805 - Attr not supported : Dmpu
2024-12-01 16:15:40,001 [ERROR] ConditionMgr:805 - Attr not supported : Dmpu
2024-12-01 16:15:40,001 [ERROR] ConditionMgr:805 - Attr not supported : Dmpu
2024-12-01 16:15:40,001 [ERROR] ConditionMgr:805 - Attr not supported : Dmpu
2024-12-01 16:15:40,002 [ERROR] ConditionMgr:805 - Attr not supported : Dmpu
2024-12-01 16:15:40,002 [ERROR] ConditionMgr:805 - Attr not supported : Dmpu
2024-12-01 16:15:40,002 [ERROR] ConditionMgr:805 - Attr not supported : Dmpu
2024-12-01 16:15:40,002 [ERROR] ConditionMgr:805 - Attr not supported : Dmpu
2024-12-01 16:15:40,003 [ERROR] ConditionMgr:805 - Attr not supported : Dmpu
2024-12-01 16:15:40,003 [ERROR] ConditionMgr:805 - Attr not supported : Dmpu
2024-12-01 16:15:40,003 [ERROR] ConditionMgr:805 - Attr not supported : Dmpu
2024-12-01 16:15:40,003 [ERROR] ConditionMgr:805 - Attr not supported : Dmpu
2024-12-01 16:15:40,003 [ERROR] ConditionMgr:805 - Attr not supported : Dmpu
2024-12-01 16:15:40,003 [ERROR] ConditionMgr:805 - Attr not supported : Dmpu
2024-12-01 16:15:40,003 [ERROR] ConditionMgr:805 - Attr not supported : Dmpu
2024-12-01 16:15:40,003 [ERROR] ConditionMgr:805 - Attr not supported : Dmpu
2024-12-01 16:15:40,003 [ERROR] ConditionMgr:805 - Attr not supported : Dmpu
2024-12-01 16:15:40,003 [ERROR] ConditionMgr:805 - Attr not supported : Dmpu
2024-12-01 16:15:40,003 [ERROR] ConditionMgr:805 - Attr not supported : Dmpu
2024-12-01 16:15:40,004 [ERROR] ConditionMgr:805 - Attr not supported : Dmpu
2024-12-01 16:15:40,004 [ERROR] ConditionMgr:805 - Attr not supported : Dmpu
2024-12-01 16:15:40,004 [ERROR] ConditionMgr:805 - Attr not supported : Dmpu
2024-12-01 16:15:40,004 [ERROR] ConditionMgr:805 - Attr not supported : Dmpu
2024-12-01 16:15:40,004 [ERROR] ConditionMgr:805 - Attr not supported : Dmpu
2024-12-01 16:15:40,005 [ERROR] ConditionMgr:805 - Attr not supported : Dmpu
2024-12-01 16:15:40,005 [ERROR] ConditionMgr:805 - Attr not supported : Dmpu
2024-12-01 16:15:40,006 [ERROR] ConditionMgr:805 - Attr not supported : Dmpu
2024-12-01 16:15:40,006 [ERROR] ConditionMgr:805 - Attr not supported : Dmpu
2024-12-01 16:15:40,006 [ERROR] ConditionMgr:805 - Attr not supported : Dmpu
2024-12-01 16:15:40,006 [ERROR] ConditionMgr:805 - Attr not supported : Dmpu
2024-12-01 16:15:40,006 [ERROR] ConditionMgr:805 - Attr not supported : Dmpu
2024-12-01 16:15:40,007 [ERROR] ConditionMgr:805 - Attr not supported : Dmpu
2024-12-01 16:15:40,007 [ERROR] ConditionMgr:805 - Attr not supported : Dmpu
2024-12-01 16:15:40,007 [ERROR] ConditionMgr:805 - Attr not supported : Dmpu
2024-12-01 16:15:40,007 [ERROR] ConditionMgr:805 - Attr not supported : Dmpu
2024-12-01 16:15:40,007 [ERROR] ConditionMgr:805 - Attr not supported : Dmpu
2024-12-01 16:15:40,008 [ERROR] ConditionMgr:805 - Attr not supported : Dmpu
2024-12-01 16:15:40,008 [ERROR] ConditionMgr:805 - Attr not supported : Dmpu
2024-12-01 16:15:40,008 [ERROR] ConditionMgr:805 - Attr not supported : Dmpu
2024-12-01 16:15:40,008 [ERROR] ConditionMgr:805 - Attr not supported : Dmpu
2024-12-01 16:15:40,008 [ERROR] ConditionMgr:805 - Attr not supported : Dmpu
2024-12-01 16:15:40,008 [ERROR] ConditionMgr:805 - Attr not supported : Dmpu
2024-12-01 16:15:40,009 [ERROR] ConditionMgr:805 - Attr not supported : Dmpu
2024-12-01 16:15:40,009 [ERROR] ConditionMgr:805 - Attr not supported : Dmpu
2024-12-01 16:15:40,009 [ERROR] ConditionMgr:805 - Attr not supported : Dmpu
2024-12-01 16:15:40,009 [ERROR] ConditionMgr:805 - Attr not supported : Dmpu
2024-12-01 16:15:40,009 [ERROR] ConditionMgr:805 - Attr not supported : Dmpu
2024-12-01 16:15:40,009 [ERROR] ConditionMgr:805 - Attr not supported : Dmpu
2024-12-01 16:15:40,010 [ERROR] ConditionMgr:805 - Attr not supported : Dmpu
2024-12-01 16:15:40,010 [ERROR] ConditionMgr:805 - Attr not supported : Dmpu
2024-12-01 16:15:40,010 [ERROR] ConditionMgr:805 - Attr not supported : Dmpu
2024-12-01 16:15:40,011 [ERROR] ConditionMgr:805 - Attr not supported : Dmpu
2024-12-01 16:15:40,011 [ERROR] ConditionMgr:805 - Attr not supported : Dmpu
2024-12-01 16:15:40,038 [WARN] PackLoader:240 - Cannot read IP mode file for RealThread.X-CUBE-RT-Thread_Nano.4.1.1
2024-12-01 16:15:40,060 [WARN] PackLoader:240 - Cannot read IP mode file for STMicroelectronics.FP-ATR-SIGFOX1.3.2.0
2024-12-01 16:15:40,081 [WARN] ConditionMgr:438 - getConditionDescription Invalid condition id : Cortex-A Device cause : null
2024-12-01 16:15:40,122 [WARN] ConditionMgr:1039 - genDependencies : Invalid condition id : Cortex-A Device cause : null
2024-12-01 16:15:40,122 [WARN] ConditionMgr:1039 - genDependencies : Invalid condition id : Cortex-A Device cause : null
2024-12-01 16:15:40,122 [WARN] ConditionMgr:1039 - genDependencies : Invalid condition id : Cortex-A Device cause : null
2024-12-01 16:15:40,148 [WARN] PackLoader:240 - Cannot read IP mode file for STMicroelectronics.X-CUBE-EEPRMA1.5.1.0
2024-12-01 16:15:40,176 [WARN] PackLoader:240 - Cannot read IP mode file for wolfSSL.I-CUBE-wolfSSL.5.7.4
2024-12-01 16:15:40,205 [WARN] PackLoader:240 - Cannot read IP mode file for ITTIA_DB.I-CUBE-ITTIADB.8.9.0
2024-12-01 16:15:40,266 [WARN] PackLoader:240 - Cannot read IP mode file for SEGGER.I-CUBE-embOS.1.3.1
2024-12-01 16:15:40,347 [WARN] PackLoader:240 - Cannot read IP mode file for STMicroelectronics.X-CUBE-ALGOBUILD.1.4.0
2024-12-01 16:15:40,371 [WARN] PackLoader:240 - Cannot read IP mode file for STMicroelectronics.X-CUBE-AI.9.1.0
2024-12-01 16:15:40,419 [WARN] PackLoader:240 - Cannot read IP mode file for STMicroelectronics.X-CUBE-AZRTOS-F4.1.1.0
2024-12-01 16:15:40,462 [WARN] PackLoader:240 - Cannot read IP mode file for STMicroelectronics.X-CUBE-ISPU.2.1.0
2024-12-01 16:15:40,493 [WARN] PackLoader:240 - Cannot read IP mode file for STMicroelectronics.X-CUBE-FREERTOS.1.2.0
2024-12-01 16:15:40,549 [WARN] PackLoader:240 - Cannot read IP mode file for STMicroelectronics.X-CUBE-AZRTOS-L5.2.0.0
2024-12-01 16:15:40,587 [WARN] PackLoader:240 - Cannot read IP mode file for STMicroelectronics.X-CUBE-NFC6.3.1.0
2024-12-01 16:15:40,618 [WARN] PackLoader:240 - Cannot read IP mode file for STMicroelectronics.X-CUBE-DPower.1.2.0
2024-12-01 16:15:40,650 [WARN] PackLoader:240 - Cannot read IP mode file for STMicroelectronics.X-CUBE-NFC7.1.0.1
2024-12-01 16:15:40,703 [WARN] ConditionMgr:438 - getConditionDescription Invalid condition id : LAN8742 Phy interface Condition cause : null
2024-12-01 16:15:40,704 [WARN] PackLoader:240 - Cannot read IP mode file for STMicroelectronics.X-CUBE-AZRTOS-L4.2.0.0
2024-12-01 16:15:40,706 [WARN] ConditionMgr:1039 - genDependencies : Invalid condition id : LAN8742 Phy interface Condition cause : null
2024-12-01 16:15:40,707 [WARN] ConditionMgr:1039 - genDependencies : Invalid condition id : LAN8742 Phy interface Condition cause : null
2024-12-01 16:15:40,708 [WARN] ConditionMgr:1039 - genDependencies : Invalid condition id : LAN8742 Phy interface Condition cause : null
2024-12-01 16:15:40,743 [WARN] PackLoader:240 - Cannot read IP mode file for STMicroelectronics.X-CUBE-SFXS2LP1.4.0.0
2024-12-01 16:15:40,801 [WARN] PackLoader:240 - Cannot read IP mode file for STMicroelectronics.X-CUBE-AZRTOS-H7.3.3.0
2024-12-01 16:15:40,841 [WARN] PackLoader:240 - Cannot read IP mode file for STMicroelectronics.X-CUBE-IPS.3.0.0
2024-12-01 16:15:40,892 [WARN] ConditionMgr:438 - getConditionDescription Invalid condition id : UX DEVICE CLASS RTOS Condition cause : null
2024-12-01 16:15:40,893 [WARN] ConditionMgr:438 - getConditionDescription Invalid condition id : UX DEVICE CLASS RTOS Condition cause : null
2024-12-01 16:15:40,895 [WARN] PackLoader:240 - Cannot read IP mode file for STMicroelectronics.X-CUBE-AZRTOS-WB.2.0.0
2024-12-01 16:15:40,897 [WARN] ConditionMgr:1039 - genDependencies : Invalid condition id : UX DEVICE CLASS RTOS Condition cause : null
2024-12-01 16:15:40,897 [WARN] ConditionMgr:1039 - genDependencies : Invalid condition id : UX DEVICE CLASS RTOS Condition cause : null
2024-12-01 16:15:40,898 [WARN] ConditionMgr:1039 - genDependencies : Invalid condition id : UX DEVICE CLASS RTOS Condition cause : null
2024-12-01 16:15:40,899 [WARN] ConditionMgr:1039 - genDependencies : Invalid condition id : UX DEVICE CLASS RTOS Condition cause : null
2024-12-01 16:15:40,899 [WARN] ConditionMgr:1039 - genDependencies : Invalid condition id : UX DEVICE CLASS RTOS Condition cause : null
2024-12-01 16:15:40,929 [WARN] PackLoader:240 - Cannot read IP mode file for STMicroelectronics.X-CUBE-GNSS1.7.0.0
2024-12-01 16:15:40,961 [WARN] PackLoader:240 - Cannot read IP mode file for STMicroelectronics.FP-SNS-STBOX1.2.0.0
2024-12-01 16:15:40,995 [WARN] PackLoader:240 - Cannot read IP mode file for STMicroelectronics.X-CUBE-SUBG2.5.0.0
2024-12-01 16:15:41,025 [WARN] PackLoader:240 - Cannot read IP mode file for Cesanta.I-CUBE-Mongoose.7.13.0
2024-12-01 16:15:41,059 [WARN] PackLoader:240 - Cannot read IP mode file for STMicroelectronics.X-CUBE-AZRTOS-G4.2.0.0
2024-12-01 16:15:41,082 [WARN] PackLoader:240 - Cannot read IP mode file for STMicroelectronics.X-CUBE-ALS.1.0.2
2024-12-01 16:15:41,107 [WARN] PackLoader:240 - Cannot read IP mode file for STMicroelectronics.X-CUBE-TOUCHGFX.4.24.1
2024-12-01 16:15:41,135 [WARN] PackLoader:240 - Cannot read IP mode file for wolfSSL.I-CUBE-wolfTPM.3.4.0
2024-12-01 16:15:41,160 [WARN] PackLoader:240 - Cannot read IP mode file for portGmbH.I-Cube-SoM-uGOAL.1.1.0
2024-12-01 16:15:41,203 [WARN] PackLoader:240 - Cannot read IP mode file for STMicroelectronics.X-CUBE-AZRTOS-H7RS.1.0.0
2024-12-01 16:15:41,223 [WARN] PackLoader:240 - Cannot read IP mode file for STMicroelectronics.FP-ATR-ASTRA1.2.0.0
2024-12-01 16:15:41,252 [WARN] PackLoader:240 - Cannot read IP mode file for STMicroelectronics.X-CUBE-TOF1.3.4.2
2024-12-01 16:15:41,306 [WARN] PackLoader:240 - Cannot read IP mode file for Infineon.AIROC-Wi-Fi-Bluetooth-STM32.1.6.1
2024-12-01 16:15:41,326 [WARN] PackLoader:240 - Cannot read IP mode file for wolfSSL.I-CUBE-wolfSSH.1.4.17
2024-12-01 16:15:41,327 [INFO] ThirdParty:978 - Integrity check success = true
2024-12-01 16:15:41,327 [INFO] IntegrityCheckThread:100 - exiting critical section [integrity check]
2024-12-01 16:15:41,327 [INFO] IntegrityCheckThread:103 - End integrity checks thread
2024-12-01 16:15:49,820 [INFO] WebApp:167 - Instantiating new browser for Auth
2024-12-01 16:15:50,923 [INFO] WebApp:448 - Apply proxy settings
2024-12-01 16:15:50,924 [INFO] WebApp:533 - Chromium requires no authentication
2024-12-01 16:15:50,938 [INFO] WebApp:476 - Direct internet connection detected
2024-12-01 16:15:50,993 [INFO] WebApp:869 - Register for checkConnection events
2024-12-01 16:15:50,994 [INFO] WebApp:448 - Apply proxy settings
2024-12-01 16:15:50,994 [INFO] WebApp:533 - Chromium requires no authentication
2024-12-01 16:15:50,995 [INFO] WebApp:476 - Direct internet connection detected
2024-12-01 16:15:51,324 [INFO] WebApp:186 - Connection restablished
2024-12-01 16:15:51,364 [INFO] WebApp:220 - Starting web application
2024-12-01 16:15:51,364 [INFO] WebApp:578 - Web application path used C:\ST\STM32CubeIDE_1.16.1\STM32CubeIDE\plugins\com.st.stm32cube.common.mx_6.12.1.202409122256\db\plugins\mcufinder\reactClient1\index.html
2024-12-01 16:15:51,683 [INFO] UserAuth:417 - Internet connection configuration mode: 1
