2024-12-02 08:05:54,707 [INFO] Activator:176 - 


2024-12-02 08:05:54,714 [INFO] Activator:177 - !SESSION log4j initialized
2024-12-02 08:06:05,698 [INFO] LogOutputStream:77 - [STDOUT_REDIRECT] 
2024-12-02 08:06:15,329 [INFO] ApplicationProperties:184 - Using Application install path: C:\ST\STM32CubeIDE_1.16.1\STM32CubeIDE\plugins\com.st.stm32cube.common.mx_6.12.1.202409122256
2024-12-02 08:06:15,359 [INFO] DbMcusXml:78 - Set database path to: C:\ST\STM32CubeIDE_1.16.1\STM32CubeIDE\plugins\com.st.stm32cube.common.mx_6.12.1.202409122256\\db\/mcu/
2024-12-02 08:06:15,359 [INFO] ApiDb:274 - Set plugin database path to: C:\ST\STM32CubeIDE_1.16.1\STM32CubeIDE\plugins\com.st.stm32cube.common.mx_6.12.1.202409122256\\db\/plugins/boardmanager/
2024-12-02 08:06:15,360 [WARN] ApiDb:259 - Overriding images path with different value:  => C:\ST\STM32CubeIDE_1.16.1\STM32CubeIDE\plugins\com.st.stm32cube.common.mx_6.12.1.202409122256\\db\/plugins/mcufinder/images/
2024-12-02 08:06:15,378 [INFO] ApiDb:250 - Set database path to: C:\Users\Genar\.stmcufinder\plugins\mcufinder//mcu/
2024-12-02 08:06:15,379 [INFO] DbMcusAds:125 - Set database path to: C:\Users\Genar\.stmcufinder\plugins\mcufinder//mcu/
2024-12-02 08:06:15,383 [INFO] CrossReferenceDbSqlite:203 - Set database path to: C:\Users\Genar\.stmcufinder\plugins\mcufinder//mcu/cs/
2024-12-02 08:06:15,553 [INFO] RulesReader:64 - Compatibility file has been processed (297 Rules)
2024-12-02 08:06:15,727 [INFO] DbMcusXml:78 - Set database path to: C:\ST\STM32CubeIDE_1.16.1\STM32CubeIDE\plugins\com.st.stm32cube.common.mx_6.12.1.202409122256\\db\/mcu/
2024-12-02 08:06:15,727 [INFO] ApiDb:274 - Set plugin database path to: C:\ST\STM32CubeIDE_1.16.1\STM32CubeIDE\plugins\com.st.stm32cube.common.mx_6.12.1.202409122256\\db\/plugins/boardmanager/
2024-12-02 08:06:15,727 [INFO] ApiDb:261 - Set plugin images path to: C:\ST\STM32CubeIDE_1.16.1\STM32CubeIDE\plugins\com.st.stm32cube.common.mx_6.12.1.202409122256\\db\/plugins/mcufinder/images/
2024-12-02 08:06:15,728 [WARN] DbFile:41 - Overriding database path with different value: C:\Users\Genar\.stmcufinder\plugins\mcufinder/ => C:\Users\Genar\.stmcufinder\plugins\mcufinder
2024-12-02 08:06:15,728 [INFO] ApiDb:250 - Set database path to: C:\Users\Genar\.stmcufinder\plugins\mcufinder//mcu/
2024-12-02 08:06:15,728 [WARN] DbFile:41 - Overriding database path with different value: C:\Users\Genar\.stmcufinder\plugins\mcufinder/ => C:\Users\Genar\.stmcufinder\plugins\mcufinder
2024-12-02 08:06:15,728 [INFO] DbMcusAds:125 - Set database path to: C:\Users\Genar\.stmcufinder\plugins\mcufinder//mcu/
2024-12-02 08:06:15,728 [WARN] DbFile:41 - Overriding database path with different value: C:\Users\Genar\.stmcufinder\plugins\mcufinder/ => C:\Users\Genar\.stmcufinder\plugins\mcufinder
2024-12-02 08:06:15,729 [WARN] DbFile:41 - Overriding database path with different value: C:\Users\Genar\.stmcufinder\plugins\mcufinder/ => C:\Users\Genar\.stmcufinder\plugins\mcufinder
2024-12-02 08:06:15,729 [INFO] CrossReferenceDbSqlite:203 - Set database path to: C:\Users\Genar\.stmcufinder\plugins\mcufinder//mcu/cs/
2024-12-02 08:06:15,893 [INFO] MainPanel:268 - HeapMemory: 268435456
2024-12-02 08:06:16,088 [INFO] DbMcusXml:78 - Set database path to: C:\ST\STM32CubeIDE_1.16.1\STM32CubeIDE\plugins\com.st.stm32cube.common.mx_6.12.1.202409122256\\db\/mcu/
2024-12-02 08:06:16,088 [INFO] ApiDb:274 - Set plugin database path to: C:\ST\STM32CubeIDE_1.16.1\STM32CubeIDE\plugins\com.st.stm32cube.common.mx_6.12.1.202409122256\\db\/plugins/boardmanager/
2024-12-02 08:06:16,088 [INFO] ApiDb:261 - Set plugin images path to: C:\ST\STM32CubeIDE_1.16.1\STM32CubeIDE\plugins\com.st.stm32cube.common.mx_6.12.1.202409122256\\db\/plugins/mcufinder/images/
2024-12-02 08:06:16,089 [WARN] DbFile:41 - Overriding database path with different value: C:\Users\Genar\.stmcufinder\plugins\mcufinder/ => C:\Users\Genar\.stmcufinder\plugins\mcufinder
2024-12-02 08:06:16,089 [INFO] ApiDb:250 - Set database path to: C:\Users\Genar\.stmcufinder\plugins\mcufinder//mcu/
2024-12-02 08:06:16,089 [WARN] DbFile:41 - Overriding database path with different value: C:\Users\Genar\.stmcufinder\plugins\mcufinder/ => C:\Users\Genar\.stmcufinder\plugins\mcufinder
2024-12-02 08:06:16,089 [INFO] DbMcusAds:125 - Set database path to: C:\Users\Genar\.stmcufinder\plugins\mcufinder//mcu/
2024-12-02 08:06:16,089 [WARN] DbFile:41 - Overriding database path with different value: C:\Users\Genar\.stmcufinder\plugins\mcufinder/ => C:\Users\Genar\.stmcufinder\plugins\mcufinder
2024-12-02 08:06:16,089 [WARN] DbFile:41 - Overriding database path with different value: C:\Users\Genar\.stmcufinder\plugins\mcufinder/ => C:\Users\Genar\.stmcufinder\plugins\mcufinder
2024-12-02 08:06:16,090 [INFO] CrossReferenceDbSqlite:203 - Set database path to: C:\Users\Genar\.stmcufinder\plugins\mcufinder//mcu/cs/
2024-12-02 08:06:16,126 [INFO] ApplicationProperties:184 - Using Application install path: C:\ST\STM32CubeIDE_1.16.1\STM32CubeIDE\plugins\com.st.stm32cube.common.mx_6.12.1.202409122256
2024-12-02 08:06:16,130 [INFO] PluginManage:196 - Search for loadable plugins [exclusion list=, ]
2024-12-02 08:06:16,134 [INFO] PluginManage:310 - Check plugin analytics
2024-12-02 08:06:16,502 [INFO] AnalyticsPlugin:253 - Accepted Software Licenses: 
2024-12-02 08:06:16,502 [INFO] AnalyticsPlugin:255 - Accepted CMSIS Pack Licenses: 
2024-12-02 08:06:16,503 [INFO] AnalyticsPlugin:257 - Accepted Firmware Licenses: 
2024-12-02 08:06:16,509 [INFO] PluginManage:359 - Loaded plugin analytics (category:tool,tabindex:-1)
2024-12-02 08:06:16,510 [INFO] PluginManage:310 - Check plugin cadmodel
2024-12-02 08:06:16,543 [INFO] CADModel:105 - Init CAD model plugin
2024-12-02 08:06:16,543 [INFO] PluginManage:359 - Loaded plugin cadmodel (category:power,tabindex:5)
2024-12-02 08:06:16,543 [INFO] PluginManage:310 - Check plugin clock
2024-12-02 08:06:16,584 [INFO] PluginManage:359 - Loaded plugin clock (category:base,tabindex:2)
2024-12-02 08:06:16,584 [INFO] PluginManage:310 - Check plugin ddr
2024-12-02 08:06:16,593 [INFO] PluginManage:359 - Loaded plugin ddr (category:tool,tabindex:6)
2024-12-02 08:06:16,594 [INFO] PluginManage:310 - Check plugin filemanager
2024-12-02 08:06:16,957 [INFO] PluginManage:359 - Loaded plugin filemanager (category:base,tabindex:10)
2024-12-02 08:06:16,957 [INFO] PluginManage:310 - Check plugin ipmanager
2024-12-02 08:06:16,970 [INFO] PluginManage:359 - Loaded plugin ipmanager (category:base,tabindex:5)
2024-12-02 08:06:16,971 [INFO] PluginManage:310 - Check plugin lpbam
2024-12-02 08:06:17,005 [INFO] PluginManage:359 - Loaded plugin lpbam (category:base,tabindex:0)
2024-12-02 08:06:17,005 [INFO] PluginManage:310 - Check plugin memorymap
2024-12-02 08:06:17,045 [INFO] PluginManage:359 - Loaded plugin memorymap (category:base,tabindex:4)
2024-12-02 08:06:17,046 [INFO] PluginManage:310 - Check plugin pinoutandconfiguration
2024-12-02 08:06:17,077 [INFO] PluginManage:359 - Loaded plugin pinoutandconfiguration (category:base,tabindex:1)
2024-12-02 08:06:17,077 [INFO] PluginManage:310 - Check plugin pinoutconfig
2024-12-02 08:06:17,276 [WARN] SupportedApi:132 - Cannot load RTOS API schema: s4s-elt-must-match.1: The content of 'definitions' must match (annotation?, (simpleType | complexType)?, (unique | key | keyref)*)). A problem was found starting at: attribute.
2024-12-02 08:06:17,526 [INFO] PluginManage:359 - Loaded plugin pinoutconfig (category:base,tabindex:0)
2024-12-02 08:06:17,527 [INFO] PluginManage:310 - Check plugin power
2024-12-02 08:06:17,563 [INFO] PluginManage:359 - Loaded plugin power (category:power,tabindex:4)
2024-12-02 08:06:17,563 [INFO] PluginManage:310 - Check plugin projectmanager
2024-12-02 08:06:17,612 [INFO] PluginManage:359 - Loaded plugin projectmanager (category:projectmanager,tabindex:4)
2024-12-02 08:06:17,612 [INFO] PluginManage:310 - Check plugin rif
2024-12-02 08:06:17,638 [INFO] PluginManage:359 - Loaded plugin rif (category:base,tabindex:3)
2024-12-02 08:06:17,639 [INFO] PluginManage:310 - Check plugin thirdparty
2024-12-02 08:06:18,145 [INFO] PluginManage:359 - Loaded plugin thirdparty (category:base,tabindex:-1)
2024-12-02 08:06:18,144 [WARN] IntegrityCheckThread:84 - waiting for thirdparty lock release [integrity check]
2024-12-02 08:06:18,145 [INFO] PluginManage:310 - Check plugin tools
2024-12-02 08:06:18,145 [INFO] IntegrityCheckThread:86 - entering critical section [integrity check]
2024-12-02 08:06:18,148 [INFO] ThirdPartyUpdaterWithRetryManager:70 - Updater plugin not ready yet. [1/15]
2024-12-02 08:06:18,222 [INFO] PluginManage:359 - Loaded plugin tools (category:base,tabindex:7)
2024-12-02 08:06:18,223 [INFO] PluginManage:310 - Check plugin tutovideos
2024-12-02 08:06:18,628 [INFO] PluginManage:359 - Loaded plugin tutovideos (category:base,tabindex:-1)
2024-12-02 08:06:18,628 [INFO] PluginManage:310 - Check plugin updater
2024-12-02 08:06:18,663 [INFO] PluginManage:359 - Loaded plugin updater (category:base,tabindex:12)
2024-12-02 08:06:18,663 [INFO] PluginManage:310 - Check plugin userauth
2024-12-02 08:06:18,675 [INFO] UserAuth:113 - Init User Auth plugin
2024-12-02 08:06:18,677 [INFO] PluginManage:359 - Loaded plugin userauth (category:base,tabindex:14)
2024-12-02 08:06:18,677 [INFO] PluginManage:283 - PluginManage : Loaded plugins [18]
2024-12-02 08:06:19,087 [INFO] PinOutPanel:1561 - setPackage(No Configuration,No Configuration)
2024-12-02 08:06:19,248 [INFO] CADModel:165 - CPN selected for project level
2024-12-02 08:06:19,249 [INFO] CADModel:114 - Register for checkConnection events
2024-12-02 08:06:19,297 [INFO] IPUIPlugin:80 - create IPUIPlugin
2024-12-02 08:06:19,297 [INFO] PluginManager:220 - loadIPPluginJar : add adc
2024-12-02 08:06:19,362 [INFO] IPUIPlugin:80 - create IPUIPlugin
2024-12-02 08:06:19,362 [INFO] PluginManager:220 - loadIPPluginJar : add aes
2024-12-02 08:06:19,473 [INFO] IPUIPlugin:80 - create IPUIPlugin
2024-12-02 08:06:19,473 [INFO] PluginManager:220 - loadIPPluginJar : add can
2024-12-02 08:06:19,513 [INFO] IPUIPlugin:80 - create IPUIPlugin
2024-12-02 08:06:19,514 [INFO] PluginManager:220 - loadIPPluginJar : add comp
2024-12-02 08:06:19,612 [INFO] IPUIPlugin:80 - create IPUIPlugin
2024-12-02 08:06:19,613 [INFO] PluginManager:220 - loadIPPluginJar : add cryp
2024-12-02 08:06:19,641 [INFO] IPUIPlugin:80 - create IPUIPlugin
2024-12-02 08:06:19,641 [INFO] PluginManager:220 - loadIPPluginJar : add ddr_ctrl_phy
2024-12-02 08:06:19,693 [INFO] IPUIPlugin:80 - create IPUIPlugin
2024-12-02 08:06:19,693 [INFO] PluginManager:220 - loadIPPluginJar : add dfsdm
2024-12-02 08:06:19,717 [INFO] IPUIPlugin:80 - create IPUIPlugin
2024-12-02 08:06:19,718 [INFO] PluginManager:220 - loadIPPluginJar : add dma
2024-12-02 08:06:19,803 [INFO] IPUIPlugin:80 - create IPUIPlugin
2024-12-02 08:06:19,803 [INFO] PluginManager:220 - loadIPPluginJar : add dma3
2024-12-02 08:06:19,927 [INFO] IPUIPlugin:80 - create IPUIPlugin
2024-12-02 08:06:19,927 [INFO] PluginManager:220 - loadIPPluginJar : add extmemmanager
2024-12-02 08:06:19,963 [INFO] IPUIPlugin:80 - create IPUIPlugin
2024-12-02 08:06:19,963 [INFO] PluginManager:220 - loadIPPluginJar : add fatfs
2024-12-02 08:06:20,095 [INFO] IPUIPlugin:80 - create IPUIPlugin
2024-12-02 08:06:20,095 [INFO] PluginManager:220 - loadIPPluginJar : add fmc
2024-12-02 08:06:20,128 [INFO] IPUIPlugin:80 - create IPUIPlugin
2024-12-02 08:06:20,129 [INFO] PluginManager:220 - loadIPPluginJar : add freertos
2024-12-02 08:06:20,162 [INFO] IPUIPlugin:80 - create IPUIPlugin
2024-12-02 08:06:20,163 [INFO] PluginManager:220 - loadIPPluginJar : add genericplugin
2024-12-02 08:06:20,462 [INFO] IPUIPlugin:80 - create IPUIPlugin
2024-12-02 08:06:20,462 [INFO] PluginManager:220 - loadIPPluginJar : add gfxmmu
2024-12-02 08:06:20,847 [INFO] IPUIPlugin:80 - create IPUIPlugin
2024-12-02 08:06:20,847 [INFO] PluginManager:220 - loadIPPluginJar : add gic
2024-12-02 08:06:20,877 [INFO] IPUIPlugin:80 - create IPUIPlugin
2024-12-02 08:06:20,877 [INFO] PluginManager:220 - loadIPPluginJar : add gpio
2024-12-02 08:06:21,048 [INFO] IPUIPlugin:80 - create IPUIPlugin
2024-12-02 08:06:21,050 [INFO] PluginManager:220 - loadIPPluginJar : add gtzc
2024-12-02 08:06:21,135 [INFO] IPUIPlugin:80 - create IPUIPlugin
2024-12-02 08:06:21,135 [INFO] PluginManager:220 - loadIPPluginJar : add hash
2024-12-02 08:06:21,155 [INFO] ThirdPartyUpdaterWithRetryManager:70 - Updater plugin not ready yet. [2/15]
2024-12-02 08:06:21,257 [INFO] IPUIPlugin:80 - create IPUIPlugin
2024-12-02 08:06:21,257 [INFO] PluginManager:220 - loadIPPluginJar : add i2c
2024-12-02 08:06:21,371 [INFO] IPUIPlugin:80 - create IPUIPlugin
2024-12-02 08:06:21,371 [INFO] PluginManager:220 - loadIPPluginJar : add i2s
2024-12-02 08:06:21,481 [INFO] IPUIPlugin:80 - create IPUIPlugin
2024-12-02 08:06:21,482 [INFO] PluginManager:220 - loadIPPluginJar : add i3c
2024-12-02 08:06:21,768 [INFO] IPUIPlugin:80 - create IPUIPlugin
2024-12-02 08:06:21,769 [INFO] PluginManager:220 - loadIPPluginJar : add ipddr
2024-12-02 08:06:21,998 [INFO] IPUIPlugin:80 - create IPUIPlugin
2024-12-02 08:06:22,000 [INFO] PluginManager:220 - loadIPPluginJar : add linkedlist
2024-12-02 08:06:22,075 [INFO] IPUIPlugin:80 - create IPUIPlugin
2024-12-02 08:06:22,075 [INFO] PluginManager:220 - loadIPPluginJar : add lorawan
2024-12-02 08:06:22,156 [INFO] IPUIPlugin:80 - create IPUIPlugin
2024-12-02 08:06:22,156 [INFO] PluginManager:220 - loadIPPluginJar : add ltdc
2024-12-02 08:06:22,189 [INFO] IPUIPlugin:80 - create IPUIPlugin
2024-12-02 08:06:22,189 [INFO] PluginManager:220 - loadIPPluginJar : add mdma
2024-12-02 08:06:22,208 [INFO] IPUIPlugin:80 - create IPUIPlugin
2024-12-02 08:06:22,208 [INFO] PluginManager:220 - loadIPPluginJar : add nvic
2024-12-02 08:06:22,288 [INFO] IPUIPlugin:80 - create IPUIPlugin
2024-12-02 08:06:22,288 [INFO] PluginManager:220 - loadIPPluginJar : add opamp
2024-12-02 08:06:22,454 [INFO] IPUIPlugin:80 - create IPUIPlugin
2024-12-02 08:06:22,454 [INFO] PluginManager:220 - loadIPPluginJar : add openamp
2024-12-02 08:06:22,573 [INFO] IPUIPlugin:80 - create IPUIPlugin
2024-12-02 08:06:22,573 [INFO] PluginManager:220 - loadIPPluginJar : add pdm2pcm
2024-12-02 08:06:22,595 [INFO] IPUIPlugin:80 - create IPUIPlugin
2024-12-02 08:06:22,598 [INFO] PluginManager:220 - loadIPPluginJar : add plateformsettings
2024-12-02 08:06:22,633 [INFO] IPUIPlugin:80 - create IPUIPlugin
2024-12-02 08:06:22,633 [INFO] PluginManager:220 - loadIPPluginJar : add quadspi
2024-12-02 08:06:22,699 [INFO] IPUIPlugin:80 - create IPUIPlugin
2024-12-02 08:06:22,700 [INFO] PluginManager:220 - loadIPPluginJar : add radio
2024-12-02 08:06:22,728 [INFO] IPUIPlugin:80 - create IPUIPlugin
2024-12-02 08:06:22,728 [INFO] PluginManager:220 - loadIPPluginJar : add resmgrutility
2024-12-02 08:06:22,861 [INFO] IPUIPlugin:80 - create IPUIPlugin
2024-12-02 08:06:22,861 [INFO] PluginManager:220 - loadIPPluginJar : add sai
2024-12-02 08:06:22,932 [INFO] IPUIPlugin:80 - create IPUIPlugin
2024-12-02 08:06:22,933 [INFO] PluginManager:220 - loadIPPluginJar : add spi
2024-12-02 08:06:23,099 [INFO] IPUIPlugin:80 - create IPUIPlugin
2024-12-02 08:06:23,099 [INFO] PluginManager:220 - loadIPPluginJar : add stm32_wpan
2024-12-02 08:06:23,160 [INFO] IPUIPlugin:80 - create IPUIPlugin
2024-12-02 08:06:23,160 [INFO] PluginManager:220 - loadIPPluginJar : add tim
2024-12-02 08:06:23,297 [INFO] IPUIPlugin:80 - create IPUIPlugin
2024-12-02 08:06:23,297 [INFO] PluginManager:220 - loadIPPluginJar : add touchsensing
2024-12-02 08:06:23,355 [INFO] IPUIPlugin:80 - create IPUIPlugin
2024-12-02 08:06:23,355 [INFO] PluginManager:220 - loadIPPluginJar : add tracer_emb
2024-12-02 08:06:23,415 [INFO] IPUIPlugin:80 - create IPUIPlugin
2024-12-02 08:06:23,415 [INFO] PluginManager:220 - loadIPPluginJar : add ts
2024-12-02 08:06:23,453 [INFO] IPUIPlugin:80 - create IPUIPlugin
2024-12-02 08:06:23,453 [INFO] PluginManager:220 - loadIPPluginJar : add tsc
2024-12-02 08:06:23,512 [INFO] IPUIPlugin:80 - create IPUIPlugin
2024-12-02 08:06:23,512 [INFO] PluginManager:220 - loadIPPluginJar : add ucpd
2024-12-02 08:06:23,630 [INFO] IPUIPlugin:80 - create IPUIPlugin
2024-12-02 08:06:23,631 [INFO] PluginManager:220 - loadIPPluginJar : add usart
2024-12-02 08:06:23,747 [INFO] IPUIPlugin:80 - create IPUIPlugin
2024-12-02 08:06:23,748 [INFO] PluginManager:220 - loadIPPluginJar : add usbx
2024-12-02 08:06:23,901 [INFO] CADModel:165 - CPN selected for project level
2024-12-02 08:06:23,901 [INFO] CADModel:114 - Register for checkConnection events
2024-12-02 08:06:23,901 [FATAL] Updater:334 - Updater called before beeing initialized
2024-12-02 08:06:23,902 [ERROR] CADModel:125 - Updater not yet initialized, retry later 
2024-12-02 08:06:24,141 [INFO] CADModel:165 - CPN selected for project level
2024-12-02 08:06:24,141 [INFO] CADModel:114 - Register for checkConnection events
2024-12-02 08:06:24,141 [FATAL] Updater:334 - Updater called before beeing initialized
2024-12-02 08:06:24,141 [ERROR] CADModel:125 - Updater not yet initialized, retry later 
2024-12-02 08:06:24,148 [FATAL] Updater:334 - Updater called before beeing initialized
2024-12-02 08:06:24,165 [INFO] ThirdPartyUpdaterWithRetryManager:70 - Updater plugin not ready yet. [3/15]
2024-12-02 08:06:24,325 [FATAL] Updater:334 - Updater called before beeing initialized
2024-12-02 08:06:24,345 [INFO] DbMcusAds:53 - JSON generation date=Fri Sep 20 07:04:23 CST 2024 (1726837463109)
2024-12-02 08:06:24,345 [FATAL] Updater:334 - Updater called before beeing initialized
2024-12-02 08:06:24,425 [WARN] DetailPanel:346 - Failed to get advertising image, set to default
2024-12-02 08:06:24,570 [FATAL] Updater:334 - Updater called before beeing initialized
2024-12-02 08:06:24,573 [FATAL] Updater:334 - Updater called before beeing initialized
2024-12-02 08:06:24,573 [FATAL] Updater:334 - Updater called before beeing initialized
2024-12-02 08:06:24,573 [WARN] DetailPanel:346 - Failed to get advertising image, set to default
2024-12-02 08:06:24,575 [FATAL] Updater:334 - Updater called before beeing initialized
2024-12-02 08:06:24,689 [ERROR] Updater:1164 - MainUpdater not yet initialized. External WinMGr cannot be set.
2024-12-02 08:06:24,705 [INFO] Updater:1100 - Updater Version found : 6.12.1
2024-12-02 08:06:24,742 [INFO] ApplicationProperties:184 - Using Application install path: C:\ST\STM32CubeIDE_1.16.1\STM32CubeIDE\plugins\com.st.stm32cube.common.mx_6.12.1.202409122256
2024-12-02 08:06:25,527 [INFO] MainUpdater:2873 - connection check result : 10
2024-12-02 08:06:25,528 [INFO] MainUpdater:290 - Updater Check For Update Now.
2024-12-02 08:06:25,528 [INFO] MicroXplorer:498 - Change Database Version : DB.6.0.121
2024-12-02 08:06:25,563 [INFO] McuFinderGlobals:63 - Set McuFinder mode to 2 (CubeIDE integrated)
2024-12-02 08:06:25,576 [INFO] UserAuth:417 - Internet connection configuration mode: 1
2024-12-02 08:06:25,638 [INFO] JxBrowserEngine:152 - Initiate JxBrowser Engine with user profile folder
2024-12-02 08:06:25,913 [INFO] CheckServerUpdateThread:120 - End of CheckServer Thread
2024-12-02 08:06:27,522 [WARN] PackLoader:240 - Cannot read IP mode file for STMicroelectronics.FP-SNS-MOTENVWB1.1.4.0
2024-12-02 08:06:27,541 [WARN] PackLoader:240 - Cannot read IP mode file for STMicroelectronics.FP-ATR-ASTRA1.2.0.1
2024-12-02 08:06:27,563 [WARN] PackLoader:240 - Cannot read IP mode file for STMicroelectronics.X-CUBE-SMBUS.2.1.0
2024-12-02 08:06:27,583 [WARN] PackLoader:240 - Cannot read IP mode file for STMicroelectronics.X-CUBE-WB05N.1.1.0
2024-12-02 08:06:27,636 [WARN] PackLoader:240 - Cannot read IP mode file for STMicroelectronics.X-CUBE-AZRTOS-F7.1.1.0
2024-12-02 08:06:27,753 [WARN] PackLoader:240 - Cannot read IP mode file for STMicroelectronics.X-CUBE-MEMS1.11.0.0
2024-12-02 08:06:27,949 [WARN] PackLoader:240 - Cannot read IP mode file for STMicroelectronics.FP-SNS-FLIGHT1.5.0.2
2024-12-02 08:06:27,972 [WARN] PackLoader:240 - Cannot read IP mode file for STMicroelectronics.X-CUBE-DISPLAY.3.0.0
2024-12-02 08:06:27,992 [WARN] PackLoader:240 - Cannot read IP mode file for STMicroelectronics.X-CUBE-BLE1.7.0.0
2024-12-02 08:06:28,011 [WARN] PackLoader:240 - Cannot read IP mode file for STMicroelectronics.X-CUBE-NFC10.1.0.0
2024-12-02 08:06:28,033 [WARN] PackLoader:240 - Cannot read IP mode file for emotas.I-CUBE-CANOPEN.1.3.0
2024-12-02 08:06:28,061 [WARN] PackLoader:240 - Cannot read IP mode file for STMicroelectronics.X-CUBE-BLEMGR.3.1.0
2024-12-02 08:06:28,084 [WARN] PackLoader:240 - Cannot read IP mode file for STMicroelectronics.FP-SNS-SMARTAG2.1.2.0
2024-12-02 08:06:28,116 [INFO] LogOutputStream:77 - [STDOUT_REDIRECT] 1 : Invalid condition id : UX_CORESTACK_Condition cause : null
2024-12-02 08:06:28,117 [INFO] LogOutputStream:77 - [STDOUT_REDIRECT] 1 : Invalid condition id : UX_CORESTACK_Condition cause : null
2024-12-02 08:06:28,118 [INFO] LogOutputStream:77 - [STDOUT_REDIRECT] 1 : Invalid condition id : UX_CORESTACK_Condition cause : null
2024-12-02 08:06:28,120 [INFO] LogOutputStream:77 - [STDOUT_REDIRECT] 1 : Invalid condition id : UX_CORESTACK_Condition cause : null
2024-12-02 08:06:28,125 [INFO] LogOutputStream:77 - [STDOUT_REDIRECT] 1 : Invalid condition id : UX_CORESTACK_Condition cause : null
2024-12-02 08:06:28,131 [WARN] PackLoader:240 - Cannot read IP mode file for STMicroelectronics.X-CUBE-AZRTOS-WL.2.0.0
2024-12-02 08:06:28,160 [WARN] PackLoader:240 - Cannot read IP mode file for STMicroelectronics.FP-SNS-MOTENV1.5.0.0
2024-12-02 08:06:28,183 [WARN] PackLoader:240 - Cannot read IP mode file for wolfSSL.I-CUBE-wolfMQTT.1.19.0
2024-12-02 08:06:28,208 [WARN] PackLoader:240 - Cannot read IP mode file for WES.I-CUBE-Cesium.1.3.0
2024-12-02 08:06:28,225 [WARN] PackLoader:240 - Cannot read IP mode file for STMicroelectronics.X-CUBE-BLE2.3.3.0
2024-12-02 08:06:28,245 [WARN] PackLoader:240 - Cannot read IP mode file for STMicroelectronics.X-CUBE-NFC9.1.0.0
2024-12-02 08:06:28,262 [WARN] PackLoader:240 - Cannot read IP mode file for STMicroelectronics.X-CUBE-TCPP.4.1.0
2024-12-02 08:06:28,311 [WARN] PackLoader:240 - Cannot read IP mode file for STMicroelectronics.X-CUBE-AZRTOS-G0.1.1.0
2024-12-02 08:06:28,348 [WARN] PackLoader:240 - Cannot read IP mode file for STMicroelectronics.X-CUBE-SAFEA1.1.2.2
2024-12-02 08:06:28,409 [WARN] PackLoader:240 - Cannot read IP mode file for STMicroelectronics.X-CUBE-NFC4.3.0.0
2024-12-02 08:06:28,454 [WARN] PackLoader:240 - Cannot read IP mode file for EmbeddedOffice.I-CUBE-FS-RTOS.1.0.1
2024-12-02 08:06:28,455 [ERROR] ConditionMgr:805 - Attr not supported : Dmpu
2024-12-02 08:06:28,456 [ERROR] ConditionMgr:805 - Attr not supported : Dmpu
2024-12-02 08:06:28,456 [ERROR] ConditionMgr:805 - Attr not supported : Dmpu
2024-12-02 08:06:28,456 [ERROR] ConditionMgr:805 - Attr not supported : Dmpu
2024-12-02 08:06:28,456 [ERROR] ConditionMgr:805 - Attr not supported : Dmpu
2024-12-02 08:06:28,456 [ERROR] ConditionMgr:805 - Attr not supported : Dmpu
2024-12-02 08:06:28,456 [ERROR] ConditionMgr:805 - Attr not supported : Dmpu
2024-12-02 08:06:28,457 [ERROR] ConditionMgr:805 - Attr not supported : Dmpu
2024-12-02 08:06:28,457 [ERROR] ConditionMgr:805 - Attr not supported : Dmpu
2024-12-02 08:06:28,457 [ERROR] ConditionMgr:805 - Attr not supported : Dmpu
2024-12-02 08:06:28,457 [ERROR] ConditionMgr:805 - Attr not supported : Dmpu
2024-12-02 08:06:28,457 [ERROR] ConditionMgr:805 - Attr not supported : Dmpu
2024-12-02 08:06:28,457 [ERROR] ConditionMgr:805 - Attr not supported : Dmpu
2024-12-02 08:06:28,457 [ERROR] ConditionMgr:805 - Attr not supported : Dmpu
2024-12-02 08:06:28,458 [ERROR] ConditionMgr:805 - Attr not supported : Dmpu
2024-12-02 08:06:28,458 [ERROR] ConditionMgr:805 - Attr not supported : Dmpu
2024-12-02 08:06:28,458 [ERROR] ConditionMgr:805 - Attr not supported : Dmpu
2024-12-02 08:06:28,458 [ERROR] ConditionMgr:805 - Attr not supported : Dmpu
2024-12-02 08:06:28,458 [ERROR] ConditionMgr:805 - Attr not supported : Dmpu
2024-12-02 08:06:28,458 [ERROR] ConditionMgr:805 - Attr not supported : Dmpu
2024-12-02 08:06:28,458 [ERROR] ConditionMgr:805 - Attr not supported : Dmpu
2024-12-02 08:06:28,459 [ERROR] ConditionMgr:805 - Attr not supported : Dmpu
2024-12-02 08:06:28,459 [ERROR] ConditionMgr:805 - Attr not supported : Dmpu
2024-12-02 08:06:28,459 [ERROR] ConditionMgr:805 - Attr not supported : Dmpu
2024-12-02 08:06:28,459 [ERROR] ConditionMgr:805 - Attr not supported : Dmpu
2024-12-02 08:06:28,459 [ERROR] ConditionMgr:805 - Attr not supported : Dmpu
2024-12-02 08:06:28,459 [ERROR] ConditionMgr:805 - Attr not supported : Dmpu
2024-12-02 08:06:28,459 [ERROR] ConditionMgr:805 - Attr not supported : Dmpu
2024-12-02 08:06:28,460 [ERROR] ConditionMgr:805 - Attr not supported : Dmpu
2024-12-02 08:06:28,460 [ERROR] ConditionMgr:805 - Attr not supported : Dmpu
2024-12-02 08:06:28,460 [ERROR] ConditionMgr:805 - Attr not supported : Dmpu
2024-12-02 08:06:28,460 [ERROR] ConditionMgr:805 - Attr not supported : Dmpu
2024-12-02 08:06:28,460 [ERROR] ConditionMgr:805 - Attr not supported : Dmpu
2024-12-02 08:06:28,460 [ERROR] ConditionMgr:805 - Attr not supported : Dmpu
2024-12-02 08:06:28,461 [ERROR] ConditionMgr:805 - Attr not supported : Dmpu
2024-12-02 08:06:28,461 [ERROR] ConditionMgr:805 - Attr not supported : Dmpu
2024-12-02 08:06:28,461 [ERROR] ConditionMgr:805 - Attr not supported : Dmpu
2024-12-02 08:06:28,461 [ERROR] ConditionMgr:805 - Attr not supported : Dmpu
2024-12-02 08:06:28,461 [ERROR] ConditionMgr:805 - Attr not supported : Dmpu
2024-12-02 08:06:28,461 [ERROR] ConditionMgr:805 - Attr not supported : Dmpu
2024-12-02 08:06:28,461 [ERROR] ConditionMgr:805 - Attr not supported : Dmpu
2024-12-02 08:06:28,461 [ERROR] ConditionMgr:805 - Attr not supported : Dmpu
2024-12-02 08:06:28,461 [ERROR] ConditionMgr:805 - Attr not supported : Dmpu
2024-12-02 08:06:28,461 [ERROR] ConditionMgr:805 - Attr not supported : Dmpu
2024-12-02 08:06:28,461 [ERROR] ConditionMgr:805 - Attr not supported : Dmpu
2024-12-02 08:06:28,462 [ERROR] ConditionMgr:805 - Attr not supported : Dmpu
2024-12-02 08:06:28,462 [ERROR] ConditionMgr:805 - Attr not supported : Dmpu
2024-12-02 08:06:28,462 [ERROR] ConditionMgr:805 - Attr not supported : Dmpu
2024-12-02 08:06:28,462 [ERROR] ConditionMgr:805 - Attr not supported : Dmpu
2024-12-02 08:06:28,462 [ERROR] ConditionMgr:805 - Attr not supported : Dmpu
2024-12-02 08:06:28,462 [ERROR] ConditionMgr:805 - Attr not supported : Dmpu
2024-12-02 08:06:28,462 [ERROR] ConditionMgr:805 - Attr not supported : Dmpu
2024-12-02 08:06:28,462 [ERROR] ConditionMgr:805 - Attr not supported : Dmpu
2024-12-02 08:06:28,463 [ERROR] ConditionMgr:805 - Attr not supported : Dmpu
2024-12-02 08:06:28,463 [ERROR] ConditionMgr:805 - Attr not supported : Dmpu
2024-12-02 08:06:28,463 [ERROR] ConditionMgr:805 - Attr not supported : Dmpu
2024-12-02 08:06:28,463 [ERROR] ConditionMgr:805 - Attr not supported : Dmpu
2024-12-02 08:06:28,463 [ERROR] ConditionMgr:805 - Attr not supported : Dmpu
2024-12-02 08:06:28,463 [ERROR] ConditionMgr:805 - Attr not supported : Dmpu
2024-12-02 08:06:28,464 [ERROR] ConditionMgr:805 - Attr not supported : Dmpu
2024-12-02 08:06:28,464 [ERROR] ConditionMgr:805 - Attr not supported : Dmpu
2024-12-02 08:06:28,464 [ERROR] ConditionMgr:805 - Attr not supported : Dmpu
2024-12-02 08:06:28,465 [ERROR] ConditionMgr:805 - Attr not supported : Dmpu
2024-12-02 08:06:28,465 [ERROR] ConditionMgr:805 - Attr not supported : Dmpu
2024-12-02 08:06:28,486 [WARN] PackLoader:240 - Cannot read IP mode file for RealThread.X-CUBE-RT-Thread_Nano.4.1.1
2024-12-02 08:06:28,507 [WARN] PackLoader:240 - Cannot read IP mode file for STMicroelectronics.FP-ATR-SIGFOX1.3.2.0
2024-12-02 08:06:28,535 [WARN] ConditionMgr:438 - getConditionDescription Invalid condition id : Cortex-A Device cause : null
2024-12-02 08:06:28,586 [WARN] ConditionMgr:1039 - genDependencies : Invalid condition id : Cortex-A Device cause : null
2024-12-02 08:06:28,587 [WARN] ConditionMgr:1039 - genDependencies : Invalid condition id : Cortex-A Device cause : null
2024-12-02 08:06:28,587 [WARN] ConditionMgr:1039 - genDependencies : Invalid condition id : Cortex-A Device cause : null
2024-12-02 08:06:28,621 [WARN] PackLoader:240 - Cannot read IP mode file for STMicroelectronics.X-CUBE-EEPRMA1.5.1.0
2024-12-02 08:06:28,644 [WARN] PackLoader:240 - Cannot read IP mode file for wolfSSL.I-CUBE-wolfSSL.5.7.4
2024-12-02 08:06:28,681 [WARN] PackLoader:240 - Cannot read IP mode file for ITTIA_DB.I-CUBE-ITTIADB.8.9.0
2024-12-02 08:06:28,769 [WARN] PackLoader:240 - Cannot read IP mode file for SEGGER.I-CUBE-embOS.1.3.1
2024-12-02 08:06:28,870 [WARN] PackLoader:240 - Cannot read IP mode file for STMicroelectronics.X-CUBE-ALGOBUILD.1.4.0
2024-12-02 08:06:28,897 [WARN] PackLoader:240 - Cannot read IP mode file for STMicroelectronics.X-CUBE-AI.9.1.0
2024-12-02 08:06:28,959 [WARN] PackLoader:240 - Cannot read IP mode file for STMicroelectronics.X-CUBE-AZRTOS-F4.1.1.0
2024-12-02 08:06:28,987 [WARN] PackLoader:240 - Cannot read IP mode file for STMicroelectronics.X-CUBE-ISPU.2.1.0
2024-12-02 08:06:29,012 [WARN] PackLoader:240 - Cannot read IP mode file for STMicroelectronics.X-CUBE-FREERTOS.1.2.0
2024-12-02 08:06:29,061 [WARN] PackLoader:240 - Cannot read IP mode file for STMicroelectronics.X-CUBE-AZRTOS-L5.2.0.0
2024-12-02 08:06:29,090 [WARN] PackLoader:240 - Cannot read IP mode file for STMicroelectronics.X-CUBE-NFC6.3.1.0
2024-12-02 08:06:29,116 [WARN] PackLoader:240 - Cannot read IP mode file for STMicroelectronics.X-CUBE-DPower.1.2.0
2024-12-02 08:06:29,137 [WARN] PackLoader:240 - Cannot read IP mode file for STMicroelectronics.X-CUBE-NFC7.1.0.1
2024-12-02 08:06:29,173 [WARN] ConditionMgr:438 - getConditionDescription Invalid condition id : LAN8742 Phy interface Condition cause : null
2024-12-02 08:06:29,173 [WARN] PackLoader:240 - Cannot read IP mode file for STMicroelectronics.X-CUBE-AZRTOS-L4.2.0.0
2024-12-02 08:06:29,175 [WARN] ConditionMgr:1039 - genDependencies : Invalid condition id : LAN8742 Phy interface Condition cause : null
2024-12-02 08:06:29,175 [WARN] ConditionMgr:1039 - genDependencies : Invalid condition id : LAN8742 Phy interface Condition cause : null
2024-12-02 08:06:29,175 [WARN] ConditionMgr:1039 - genDependencies : Invalid condition id : LAN8742 Phy interface Condition cause : null
2024-12-02 08:06:29,200 [WARN] PackLoader:240 - Cannot read IP mode file for STMicroelectronics.X-CUBE-SFXS2LP1.4.0.0
2024-12-02 08:06:29,252 [WARN] PackLoader:240 - Cannot read IP mode file for STMicroelectronics.X-CUBE-AZRTOS-H7.3.3.0
2024-12-02 08:06:29,282 [WARN] PackLoader:240 - Cannot read IP mode file for STMicroelectronics.X-CUBE-IPS.3.0.0
2024-12-02 08:06:29,323 [WARN] ConditionMgr:438 - getConditionDescription Invalid condition id : UX DEVICE CLASS RTOS Condition cause : null
2024-12-02 08:06:29,323 [WARN] ConditionMgr:438 - getConditionDescription Invalid condition id : UX DEVICE CLASS RTOS Condition cause : null
2024-12-02 08:06:29,326 [WARN] PackLoader:240 - Cannot read IP mode file for STMicroelectronics.X-CUBE-AZRTOS-WB.2.0.0
2024-12-02 08:06:29,327 [WARN] ConditionMgr:1039 - genDependencies : Invalid condition id : UX DEVICE CLASS RTOS Condition cause : null
2024-12-02 08:06:29,327 [WARN] ConditionMgr:1039 - genDependencies : Invalid condition id : UX DEVICE CLASS RTOS Condition cause : null
2024-12-02 08:06:29,327 [WARN] ConditionMgr:1039 - genDependencies : Invalid condition id : UX DEVICE CLASS RTOS Condition cause : null
2024-12-02 08:06:29,328 [WARN] ConditionMgr:1039 - genDependencies : Invalid condition id : UX DEVICE CLASS RTOS Condition cause : null
2024-12-02 08:06:29,328 [WARN] ConditionMgr:1039 - genDependencies : Invalid condition id : UX DEVICE CLASS RTOS Condition cause : null
2024-12-02 08:06:29,350 [WARN] PackLoader:240 - Cannot read IP mode file for STMicroelectronics.X-CUBE-GNSS1.7.0.0
2024-12-02 08:06:29,373 [WARN] PackLoader:240 - Cannot read IP mode file for STMicroelectronics.FP-SNS-STBOX1.2.0.0
2024-12-02 08:06:29,398 [WARN] PackLoader:240 - Cannot read IP mode file for STMicroelectronics.X-CUBE-SUBG2.5.0.0
2024-12-02 08:06:29,421 [WARN] PackLoader:240 - Cannot read IP mode file for Cesanta.I-CUBE-Mongoose.7.13.0
2024-12-02 08:06:29,458 [WARN] PackLoader:240 - Cannot read IP mode file for STMicroelectronics.X-CUBE-AZRTOS-G4.2.0.0
2024-12-02 08:06:29,479 [WARN] PackLoader:240 - Cannot read IP mode file for STMicroelectronics.X-CUBE-ALS.1.0.2
2024-12-02 08:06:29,503 [WARN] PackLoader:240 - Cannot read IP mode file for STMicroelectronics.X-CUBE-TOUCHGFX.4.24.1
2024-12-02 08:06:29,521 [WARN] PackLoader:240 - Cannot read IP mode file for wolfSSL.I-CUBE-wolfTPM.3.4.0
2024-12-02 08:06:29,542 [WARN] PackLoader:240 - Cannot read IP mode file for portGmbH.I-Cube-SoM-uGOAL.1.1.0
2024-12-02 08:06:29,580 [WARN] PackLoader:240 - Cannot read IP mode file for STMicroelectronics.X-CUBE-AZRTOS-H7RS.1.0.0
2024-12-02 08:06:29,608 [WARN] PackLoader:240 - Cannot read IP mode file for STMicroelectronics.FP-ATR-ASTRA1.2.0.0
2024-12-02 08:06:29,644 [WARN] PackLoader:240 - Cannot read IP mode file for STMicroelectronics.X-CUBE-TOF1.3.4.2
2024-12-02 08:06:29,707 [WARN] PackLoader:240 - Cannot read IP mode file for Infineon.AIROC-Wi-Fi-Bluetooth-STM32.1.6.1
2024-12-02 08:06:29,731 [WARN] PackLoader:240 - Cannot read IP mode file for wolfSSL.I-CUBE-wolfSSH.1.4.17
2024-12-02 08:06:29,733 [INFO] ThirdParty:978 - Integrity check success = true
2024-12-02 08:06:29,733 [INFO] IntegrityCheckThread:100 - exiting critical section [integrity check]
2024-12-02 08:06:29,733 [INFO] IntegrityCheckThread:103 - End integrity checks thread
2024-12-02 08:06:37,703 [INFO] WebApp:167 - Instantiating new browser for Auth
2024-12-02 08:06:38,711 [INFO] WebApp:448 - Apply proxy settings
2024-12-02 08:06:38,712 [INFO] WebApp:533 - Chromium requires no authentication
2024-12-02 08:06:38,727 [INFO] WebApp:476 - Direct internet connection detected
2024-12-02 08:06:38,768 [INFO] WebApp:869 - Register for checkConnection events
2024-12-02 08:06:38,769 [INFO] WebApp:448 - Apply proxy settings
2024-12-02 08:06:38,769 [INFO] WebApp:533 - Chromium requires no authentication
2024-12-02 08:06:38,770 [INFO] WebApp:476 - Direct internet connection detected
2024-12-02 08:06:39,037 [INFO] WebApp:220 - Starting web application
2024-12-02 08:06:39,038 [INFO] WebApp:578 - Web application path used C:\ST\STM32CubeIDE_1.16.1\STM32CubeIDE\plugins\com.st.stm32cube.common.mx_6.12.1.202409122256\db\plugins\mcufinder\reactClient1\index.html
2024-12-02 08:06:39,215 [INFO] WebApp:186 - Connection restablished
2024-12-02 08:06:39,280 [INFO] UserAuth:417 - Internet connection configuration mode: 1
2024-12-02 08:10:02,025 [INFO] WebApp:189 - Connection lost
2024-12-02 08:10:02,330 [INFO] WebApp:186 - Connection restablished
2024-12-02 08:22:35,377 [ERROR] LogOutputStream:75 - [STDERR_REDIRECT] 
